<?xml version="1.0" encoding="UTF-8"?>
<coverage generated="1745757186540" clover="3.2.0">
  <project timestamp="1745757186540" name="All files">
    <metrics statements="645" coveredstatements="599" conditionals="101" coveredconditionals="93" methods="25" coveredmethods="21" elements="771" coveredelements="713" complexity="0" loc="645" ncloc="645" packages="4" files="9" classes="9"/>
    <package name="src">
      <metrics statements="28" coveredstatements="0" conditionals="2" coveredconditionals="0" methods="2" coveredmethods="0"/>
      <file name="App.tsx" path="/Users/chomphoo/Task-Management-App/frontend/src/App.tsx">
        <metrics statements="19" coveredstatements="0" conditionals="1" coveredconditionals="0" methods="1" coveredmethods="0"/>
        <line num="1" count="0" type="cond" truecount="0" falsecount="1"/>
        <line num="2" count="0" type="stmt"/>
        <line num="3" count="0" type="stmt"/>
        <line num="4" count="0" type="stmt"/>
        <line num="5" count="0" type="stmt"/>
        <line num="6" count="0" type="stmt"/>
        <line num="8" count="0" type="stmt"/>
        <line num="9" count="0" type="stmt"/>
        <line num="10" count="0" type="stmt"/>
        <line num="11" count="0" type="stmt"/>
        <line num="12" count="0" type="stmt"/>
        <line num="13" count="0" type="stmt"/>
        <line num="14" count="0" type="stmt"/>
        <line num="15" count="0" type="stmt"/>
        <line num="16" count="0" type="stmt"/>
        <line num="17" count="0" type="stmt"/>
        <line num="18" count="0" type="stmt"/>
        <line num="20" count="0" type="stmt"/>
        <line num="22" count="0" type="stmt"/>
      </file>
      <file name="main.tsx" path="/Users/chomphoo/Task-Management-App/frontend/src/main.tsx">
        <metrics statements="9" coveredstatements="0" conditionals="1" coveredconditionals="0" methods="1" coveredmethods="0"/>
        <line num="1" count="0" type="cond" truecount="0" falsecount="1"/>
        <line num="2" count="0" type="stmt"/>
        <line num="3" count="0" type="stmt"/>
        <line num="4" count="0" type="stmt"/>
        <line num="6" count="0" type="stmt"/>
        <line num="7" count="0" type="stmt"/>
        <line num="8" count="0" type="stmt"/>
        <line num="9" count="0" type="stmt"/>
        <line num="10" count="0" type="stmt"/>
      </file>
    </package>
    <package name="src.components">
      <metrics statements="40" coveredstatements="40" conditionals="4" coveredconditionals="4" methods="1" coveredmethods="1"/>
      <file name="DashboardLayout.tsx" path="/Users/chomphoo/Task-Management-App/frontend/src/components/DashboardLayout.tsx">
        <metrics statements="40" coveredstatements="40" conditionals="4" coveredconditionals="4" methods="1" coveredmethods="1"/>
        <line num="1" count="1" type="stmt"/>
        <line num="3" count="1" type="stmt"/>
        <line num="6" count="1" type="stmt"/>
        <line num="7" count="1" type="stmt"/>
        <line num="8" count="1" type="stmt"/>
        <line num="9" count="1" type="stmt"/>
        <line num="11" count="65" type="cond" truecount="1" falsecount="0"/>
        <line num="12" count="65" type="stmt"/>
        <line num="14" count="65" type="stmt"/>
        <line num="15" count="65" type="stmt"/>
        <line num="17" count="65" type="stmt"/>
        <line num="18" count="65" type="stmt"/>
        <line num="19" count="65" type="stmt"/>
        <line num="22" count="65" type="stmt"/>
        <line num="23" count="65" type="cond" truecount="1" falsecount="0"/>
        <line num="24" count="130" type="stmt"/>
        <line num="25" count="130" type="stmt"/>
        <line num="26" count="130" type="stmt"/>
        <line num="27" count="130" type="stmt"/>
        <line num="28" count="130" type="cond" truecount="1" falsecount="0"/>
        <line num="29" count="1" type="cond" truecount="1" falsecount="0"/>
        <line num="30" count="129" type="stmt"/>
        <line num="31" count="130" type="stmt"/>
        <line num="33" count="130" type="stmt"/>
        <line num="34" count="130" type="stmt"/>
        <line num="35" count="130" type="stmt"/>
        <line num="36" count="65" type="stmt"/>
        <line num="37" count="65" type="stmt"/>
        <line num="38" count="65" type="stmt"/>
        <line num="41" count="65" type="stmt"/>
        <line num="42" count="65" type="stmt"/>
        <line num="43" count="65" type="stmt"/>
        <line num="44" count="65" type="stmt"/>
        <line num="46" count="65" type="stmt"/>
        <line num="48" count="65" type="stmt"/>
        <line num="49" count="65" type="stmt"/>
        <line num="50" count="65" type="stmt"/>
        <line num="53" count="65" type="stmt"/>
        <line num="54" count="65" type="stmt"/>
        <line num="56" count="65" type="stmt"/>
      </file>
    </package>
    <package name="src.pages">
      <metrics statements="567" coveredstatements="559" conditionals="94" coveredconditionals="89" methods="21" coveredmethods="20"/>
      <file name="Dashboard.tsx" path="/Users/chomphoo/Task-Management-App/frontend/src/pages/Dashboard.tsx">
        <metrics statements="115" coveredstatements="115" conditionals="15" coveredconditionals="15" methods="1" coveredmethods="1"/>
        <line num="1" count="1" type="stmt"/>
        <line num="2" count="1" type="stmt"/>
        <line num="3" count="1" type="stmt"/>
        <line num="4" count="1" type="stmt"/>
        <line num="14" count="1" type="stmt"/>
        <line num="16" count="18" type="cond" truecount="1" falsecount="0"/>
        <line num="17" count="18" type="stmt"/>
        <line num="18" count="18" type="stmt"/>
        <line num="20" count="18" type="cond" truecount="1" falsecount="0"/>
        <line num="21" count="6" type="stmt"/>
        <line num="22" count="6" type="stmt"/>
        <line num="23" count="6" type="cond" truecount="2" falsecount="0"/>
        <line num="24" count="6" type="cond" truecount="2" falsecount="0"/>
        <line num="25" count="6" type="cond" truecount="1" falsecount="0"/>
        <line num="26" count="1" type="stmt"/>
        <line num="27" count="1" type="stmt"/>
        <line num="29" count="6" type="stmt"/>
        <line num="30" count="6" type="cond" truecount="1" falsecount="0"/>
        <line num="31" count="6" type="stmt"/>
        <line num="32" count="18" type="stmt"/>
        <line num="35" count="18" type="stmt"/>
        <line num="36" count="18" type="cond" truecount="1" falsecount="0"/>
        <line num="37" count="18" type="cond" truecount="1" falsecount="0"/>
        <line num="38" count="18" type="cond" truecount="1" falsecount="0"/>
        <line num="39" count="18" type="stmt"/>
        <line num="42" count="18" type="stmt"/>
        <line num="43" count="18" type="stmt"/>
        <line num="44" count="18" type="stmt"/>
        <line num="45" count="18" type="stmt"/>
        <line num="46" count="18" type="stmt"/>
        <line num="48" count="18" type="stmt"/>
        <line num="49" count="18" type="stmt"/>
        <line num="50" count="18" type="stmt"/>
        <line num="52" count="18" type="stmt"/>
        <line num="55" count="18" type="stmt"/>
        <line num="56" count="18" type="stmt"/>
        <line num="57" count="18" type="stmt"/>
        <line num="58" count="18" type="stmt"/>
        <line num="59" count="18" type="stmt"/>
        <line num="60" count="18" type="stmt"/>
        <line num="61" count="18" type="stmt"/>
        <line num="62" count="18" type="stmt"/>
        <line num="63" count="18" type="stmt"/>
        <line num="64" count="18" type="stmt"/>
        <line num="65" count="18" type="stmt"/>
        <line num="66" count="18" type="stmt"/>
        <line num="67" count="18" type="stmt"/>
        <line num="68" count="18" type="stmt"/>
        <line num="69" count="18" type="stmt"/>
        <line num="70" count="18" type="stmt"/>
        <line num="71" count="18" type="stmt"/>
        <line num="72" count="18" type="stmt"/>
        <line num="73" count="18" type="stmt"/>
        <line num="74" count="18" type="stmt"/>
        <line num="75" count="18" type="cond" truecount="1" falsecount="0"/>
        <line num="76" count="54" type="stmt"/>
        <line num="77" count="54" type="stmt"/>
        <line num="78" count="54" type="stmt"/>
        <line num="80" count="54" type="stmt"/>
        <line num="81" count="54" type="stmt"/>
        <line num="82" count="54" type="stmt"/>
        <line num="83" count="54" type="stmt"/>
        <line num="84" count="54" type="stmt"/>
        <line num="85" count="18" type="stmt"/>
        <line num="86" count="18" type="stmt"/>
        <line num="88" count="18" type="stmt"/>
        <line num="90" count="18" type="stmt"/>
        <line num="91" count="18" type="cond" truecount="1" falsecount="0"/>
        <line num="92" count="54" type="stmt"/>
        <line num="93" count="54" type="stmt"/>
        <line num="94" count="54" type="stmt"/>
        <line num="96" count="54" type="stmt"/>
        <line num="97" count="54" type="stmt"/>
        <line num="98" count="54" type="cond" truecount="1" falsecount="0"/>
        <line num="99" count="18" type="stmt"/>
        <line num="100" count="18" type="stmt"/>
        <line num="101" count="18" type="stmt"/>
        <line num="103" count="18" type="stmt"/>
        <line num="104" count="18" type="stmt"/>
        <line num="105" count="18" type="stmt"/>
        <line num="107" count="18" type="stmt"/>
        <line num="108" count="18" type="stmt"/>
        <line num="109" count="18" type="stmt"/>
        <line num="110" count="18" type="stmt"/>
        <line num="112" count="18" type="stmt"/>
        <line num="113" count="54" type="stmt"/>
        <line num="114" count="54" type="stmt"/>
        <line num="115" count="54" type="stmt"/>
        <line num="116" count="18" type="stmt"/>
        <line num="117" count="18" type="stmt"/>
        <line num="120" count="18" type="stmt"/>
        <line num="121" count="18" type="stmt"/>
        <line num="122" count="18" type="stmt"/>
        <line num="123" count="18" type="stmt"/>
        <line num="124" count="18" type="stmt"/>
        <line num="125" count="18" type="stmt"/>
        <line num="126" count="18" type="stmt"/>
        <line num="127" count="18" type="stmt"/>
        <line num="128" count="18" type="stmt"/>
        <line num="129" count="18" type="stmt"/>
        <line num="130" count="18" type="stmt"/>
        <line num="132" count="18" type="cond" truecount="1" falsecount="0"/>
        <line num="133" count="54" type="stmt"/>
        <line num="134" count="54" type="stmt"/>
        <line num="135" count="54" type="stmt"/>
        <line num="136" count="54" type="stmt"/>
        <line num="137" count="18" type="stmt"/>
        <line num="138" count="18" type="stmt"/>
        <line num="139" count="18" type="stmt"/>
        <line num="140" count="18" type="stmt"/>
        <line num="141" count="18" type="stmt"/>
        <line num="142" count="18" type="stmt"/>
        <line num="143" count="18" type="stmt"/>
        <line num="144" count="18" type="stmt"/>
        <line num="146" count="18" type="stmt"/>
      </file>
      <file name="Login.tsx" path="/Users/chomphoo/Task-Management-App/frontend/src/pages/Login.tsx">
        <metrics statements="93" coveredstatements="93" conditionals="11" coveredconditionals="10" methods="2" coveredmethods="2"/>
        <line num="1" count="1" type="stmt"/>
        <line num="2" count="1" type="stmt"/>
        <line num="3" count="1" type="stmt"/>
        <line num="4" count="1" type="stmt"/>
        <line num="5" count="1" type="stmt"/>
        <line num="6" count="1" type="stmt"/>
        <line num="16" count="22" type="cond" truecount="1" falsecount="0"/>
        <line num="17" count="22" type="stmt"/>
        <line num="20" count="22" type="stmt"/>
        <line num="21" count="22" type="stmt"/>
        <line num="22" count="22" type="stmt"/>
        <line num="23" count="22" type="stmt"/>
        <line num="24" count="22" type="stmt"/>
        <line num="25" count="22" type="stmt"/>
        <line num="26" count="22" type="stmt"/>
        <line num="27" count="22" type="stmt"/>
        <line num="28" count="22" type="stmt"/>
        <line num="29" count="22" type="cond" truecount="1" falsecount="0"/>
        <line num="30" count="2" type="stmt"/>
        <line num="31" count="2" type="cond" truecount="1" falsecount="0"/>
        <line num="32" count="1" type="stmt"/>
        <line num="33" count="1" type="stmt"/>
        <line num="36" count="1" type="stmt"/>
        <line num="37" count="1" type="stmt"/>
        <line num="38" count="1" type="stmt"/>
        <line num="39" count="2" type="cond" truecount="0" falsecount="1"/>
        <line num="40" count="2" type="stmt"/>
        <line num="41" count="2" type="stmt"/>
        <line num="43" count="2" type="stmt"/>
        <line num="44" count="2" type="cond" truecount="1" falsecount="0"/>
        <line num="45" count="1" type="stmt"/>
        <line num="46" count="2" type="stmt"/>
        <line num="47" count="2" type="stmt"/>
        <line num="48" count="2" type="stmt"/>
        <line num="49" count="2" type="stmt"/>
        <line num="50" count="22" type="stmt"/>
        <line num="52" count="22" type="stmt"/>
        <line num="53" count="22" type="stmt"/>
        <line num="54" count="22" type="stmt"/>
        <line num="55" count="22" type="stmt"/>
        <line num="56" count="22" type="stmt"/>
        <line num="59" count="22" type="stmt"/>
        <line num="61" count="22" type="stmt"/>
        <line num="62" count="22" type="stmt"/>
        <line num="64" count="22" type="stmt"/>
        <line num="67" count="22" type="stmt"/>
        <line num="68" count="22" type="stmt"/>
        <line num="69" count="22" type="stmt"/>
        <line num="70" count="22" type="stmt"/>
        <line num="71" count="22" type="stmt"/>
        <line num="72" count="22" type="stmt"/>
        <line num="73" count="22" type="stmt"/>
        <line num="74" count="22" type="stmt"/>
        <line num="75" count="22" type="stmt"/>
        <line num="76" count="22" type="stmt"/>
        <line num="77" count="22" type="stmt"/>
        <line num="78" count="22" type="stmt"/>
        <line num="79" count="22" type="stmt"/>
        <line num="81" count="22" type="cond" truecount="2" falsecount="0"/>
        <line num="82" count="3" type="stmt"/>
        <line num="84" count="22" type="stmt"/>
        <line num="87" count="22" type="stmt"/>
        <line num="88" count="22" type="stmt"/>
        <line num="89" count="22" type="stmt"/>
        <line num="90" count="22" type="stmt"/>
        <line num="91" count="22" type="stmt"/>
        <line num="92" count="22" type="stmt"/>
        <line num="93" count="22" type="stmt"/>
        <line num="94" count="22" type="stmt"/>
        <line num="95" count="22" type="stmt"/>
        <line num="96" count="22" type="stmt"/>
        <line num="97" count="22" type="stmt"/>
        <line num="98" count="22" type="stmt"/>
        <line num="99" count="22" type="stmt"/>
        <line num="101" count="22" type="cond" truecount="2" falsecount="0"/>
        <line num="102" count="2" type="stmt"/>
        <line num="103" count="2" type="stmt"/>
        <line num="104" count="2" type="stmt"/>
        <line num="106" count="22" type="stmt"/>
        <line num="109" count="22" type="stmt"/>
        <line num="110" count="22" type="stmt"/>
        <line num="111" count="22" type="stmt"/>
        <line num="112" count="22" type="stmt"/>
        <line num="114" count="22" type="cond" truecount="2" falsecount="0"/>
        <line num="115" count="22" type="stmt"/>
        <line num="118" count="22" type="stmt"/>
        <line num="119" count="22" type="stmt"/>
        <line num="120" count="22" type="stmt"/>
        <line num="122" count="22" type="stmt"/>
        <line num="123" count="22" type="stmt"/>
        <line num="124" count="22" type="stmt"/>
        <line num="125" count="22" type="stmt"/>
        <line num="127" count="22" type="stmt"/>
      </file>
      <file name="Logout.tsx" path="/Users/chomphoo/Task-Management-App/frontend/src/pages/Logout.tsx">
        <metrics statements="14" coveredstatements="14" conditionals="2" coveredconditionals="2" methods="1" coveredmethods="1"/>
        <line num="1" count="1" type="stmt"/>
        <line num="2" count="1" type="stmt"/>
        <line num="4" count="2" type="cond" truecount="1" falsecount="0"/>
        <line num="5" count="2" type="stmt"/>
        <line num="7" count="2" type="cond" truecount="1" falsecount="0"/>
        <line num="9" count="1" type="stmt"/>
        <line num="10" count="1" type="stmt"/>
        <line num="13" count="1" type="stmt"/>
        <line num="14" count="2" type="stmt"/>
        <line num="16" count="2" type="stmt"/>
        <line num="17" count="2" type="stmt"/>
        <line num="18" count="2" type="stmt"/>
        <line num="19" count="2" type="stmt"/>
        <line num="21" count="2" type="stmt"/>
      </file>
      <file name="Register.tsx" path="/Users/chomphoo/Task-Management-App/frontend/src/pages/Register.tsx">
        <metrics statements="116" coveredstatements="116" conditionals="13" coveredconditionals="13" methods="2" coveredmethods="2"/>
        <line num="1" count="1" type="stmt"/>
        <line num="2" count="1" type="stmt"/>
        <line num="3" count="1" type="stmt"/>
        <line num="4" count="1" type="stmt"/>
        <line num="5" count="1" type="stmt"/>
        <line num="7" count="27" type="cond" truecount="1" falsecount="0"/>
        <line num="8" count="27" type="stmt"/>
        <line num="11" count="27" type="stmt"/>
        <line num="12" count="27" type="stmt"/>
        <line num="13" count="27" type="stmt"/>
        <line num="14" count="27" type="stmt"/>
        <line num="15" count="27" type="stmt"/>
        <line num="16" count="27" type="stmt"/>
        <line num="17" count="27" type="stmt"/>
        <line num="18" count="27" type="stmt"/>
        <line num="19" count="27" type="stmt"/>
        <line num="20" count="27" type="stmt"/>
        <line num="21" count="27" type="stmt"/>
        <line num="22" count="27" type="stmt"/>
        <line num="23" count="27" type="stmt"/>
        <line num="24" count="27" type="stmt"/>
        <line num="25" count="27" type="stmt"/>
        <line num="26" count="27" type="stmt"/>
        <line num="27" count="27" type="stmt"/>
        <line num="28" count="27" type="stmt"/>
        <line num="29" count="27" type="stmt"/>
        <line num="30" count="27" type="cond" truecount="1" falsecount="0"/>
        <line num="31" count="2" type="stmt"/>
        <line num="32" count="2" type="stmt"/>
        <line num="33" count="2" type="stmt"/>
        <line num="34" count="2" type="stmt"/>
        <line num="35" count="2" type="stmt"/>
        <line num="36" count="2" type="cond" truecount="1" falsecount="0"/>
        <line num="37" count="1" type="stmt"/>
        <line num="38" count="1" type="stmt"/>
        <line num="39" count="1" type="stmt"/>
        <line num="40" count="2" type="stmt"/>
        <line num="41" count="2" type="stmt"/>
        <line num="42" count="2" type="stmt"/>
        <line num="43" count="2" type="stmt"/>
        <line num="44" count="27" type="stmt"/>
        <line num="46" count="27" type="stmt"/>
        <line num="47" count="27" type="stmt"/>
        <line num="48" count="27" type="stmt"/>
        <line num="49" count="27" type="stmt"/>
        <line num="50" count="27" type="stmt"/>
        <line num="51" count="27" type="stmt"/>
        <line num="54" count="27" type="stmt"/>
        <line num="56" count="27" type="stmt"/>
        <line num="57" count="27" type="stmt"/>
        <line num="59" count="27" type="stmt"/>
        <line num="62" count="27" type="stmt"/>
        <line num="63" count="27" type="stmt"/>
        <line num="64" count="27" type="stmt"/>
        <line num="65" count="27" type="stmt"/>
        <line num="66" count="27" type="stmt"/>
        <line num="67" count="27" type="stmt"/>
        <line num="68" count="27" type="stmt"/>
        <line num="69" count="27" type="stmt"/>
        <line num="70" count="27" type="stmt"/>
        <line num="71" count="27" type="stmt"/>
        <line num="73" count="27" type="cond" truecount="2" falsecount="0"/>
        <line num="74" count="1" type="stmt"/>
        <line num="76" count="27" type="stmt"/>
        <line num="79" count="27" type="stmt"/>
        <line num="80" count="27" type="stmt"/>
        <line num="81" count="27" type="stmt"/>
        <line num="82" count="27" type="stmt"/>
        <line num="83" count="27" type="stmt"/>
        <line num="84" count="27" type="stmt"/>
        <line num="85" count="27" type="stmt"/>
        <line num="86" count="27" type="stmt"/>
        <line num="87" count="27" type="stmt"/>
        <line num="88" count="27" type="stmt"/>
        <line num="90" count="27" type="cond" truecount="2" falsecount="0"/>
        <line num="91" count="3" type="stmt"/>
        <line num="93" count="27" type="stmt"/>
        <line num="96" count="27" type="stmt"/>
        <line num="97" count="27" type="stmt"/>
        <line num="98" count="27" type="stmt"/>
        <line num="99" count="27" type="stmt"/>
        <line num="100" count="27" type="stmt"/>
        <line num="101" count="27" type="stmt"/>
        <line num="102" count="27" type="stmt"/>
        <line num="103" count="27" type="stmt"/>
        <line num="104" count="27" type="stmt"/>
        <line num="105" count="27" type="stmt"/>
        <line num="107" count="27" type="cond" truecount="2" falsecount="0"/>
        <line num="108" count="1" type="stmt"/>
        <line num="109" count="1" type="stmt"/>
        <line num="110" count="1" type="stmt"/>
        <line num="112" count="27" type="stmt"/>
        <line num="115" count="27" type="stmt"/>
        <line num="116" count="27" type="stmt"/>
        <line num="117" count="27" type="stmt"/>
        <line num="118" count="27" type="stmt"/>
        <line num="119" count="27" type="stmt"/>
        <line num="120" count="27" type="stmt"/>
        <line num="121" count="27" type="stmt"/>
        <line num="122" count="27" type="stmt"/>
        <line num="123" count="27" type="stmt"/>
        <line num="124" count="27" type="stmt"/>
        <line num="126" count="27" type="cond" truecount="2" falsecount="0"/>
        <line num="127" count="2" type="stmt"/>
        <line num="128" count="2" type="stmt"/>
        <line num="129" count="2" type="stmt"/>
        <line num="131" count="27" type="stmt"/>
        <line num="134" count="27" type="stmt"/>
        <line num="135" count="27" type="stmt"/>
        <line num="136" count="27" type="stmt"/>
        <line num="137" count="27" type="stmt"/>
        <line num="139" count="27" type="cond" truecount="2" falsecount="0"/>
        <line num="140" count="27" type="stmt"/>
        <line num="141" count="27" type="stmt"/>
        <line num="142" count="27" type="stmt"/>
        <line num="144" count="27" type="stmt"/>
      </file>
      <file name="Tasks.tsx" path="/Users/chomphoo/Task-Management-App/frontend/src/pages/Tasks.tsx">
        <metrics statements="229" coveredstatements="221" conditionals="53" coveredconditionals="49" methods="15" coveredmethods="14"/>
        <line num="1" count="1" type="stmt"/>
        <line num="2" count="1" type="stmt"/>
        <line num="3" count="1" type="stmt"/>
        <line num="4" count="1" type="stmt"/>
        <line num="5" count="1" type="stmt"/>
        <line num="6" count="1" type="stmt"/>
        <line num="15" count="44" type="cond" truecount="1" falsecount="0"/>
        <line num="16" count="44" type="stmt"/>
        <line num="17" count="44" type="stmt"/>
        <line num="18" count="44" type="stmt"/>
        <line num="19" count="44" type="stmt"/>
        <line num="22" count="44" type="cond" truecount="1" falsecount="0"/>
        <line num="23" count="15" type="stmt"/>
        <line num="24" count="15" type="cond" truecount="1" falsecount="0"/>
        <line num="25" count="13" type="stmt"/>
        <line num="26" count="15" type="cond" truecount="1" falsecount="0"/>
        <line num="27" count="1" type="stmt"/>
        <line num="28" count="15" type="cond" truecount="1" falsecount="0"/>
        <line num="29" count="14" type="stmt"/>
        <line num="30" count="14" type="stmt"/>
        <line num="31" count="15" type="stmt"/>
        <line num="34" count="44" type="cond" truecount="1" falsecount="0"/>
        <line num="35" count="15" type="stmt"/>
        <line num="36" count="44" type="stmt"/>
        <line num="39" count="44" type="stmt"/>
        <line num="40" count="44" type="stmt"/>
        <line num="41" count="44" type="stmt"/>
        <line num="42" count="44" type="stmt"/>
        <line num="43" count="44" type="stmt"/>
        <line num="44" count="44" type="stmt"/>
        <line num="45" count="44" type="stmt"/>
        <line num="46" count="44" type="stmt"/>
        <line num="47" count="44" type="cond" truecount="1" falsecount="0"/>
        <line num="48" count="2" type="stmt"/>
        <line num="49" count="2" type="cond" truecount="1" falsecount="0"/>
        <line num="50" count="1" type="cond" truecount="1" falsecount="0"/>
        <line num="51" count="1" type="stmt"/>
        <line num="52" count="1" type="stmt"/>
        <line num="53" count="1" type="stmt"/>
        <line num="54" count="1" type="stmt"/>
        <line num="55" count="2" type="stmt"/>
        <line num="56" count="44" type="stmt"/>
        <line num="59" count="44" type="cond" truecount="1" falsecount="0"/>
        <line num="60" count="2" type="cond" truecount="0" falsecount="1"/>
        <line num="61" count="0" type="stmt"/>
        <line num="62" count="0" type="stmt"/>
        <line num="63" count="0" type="stmt"/>
        <line num="64" count="2" type="cond" truecount="0" falsecount="1"/>
        <line num="65" count="2" type="stmt"/>
        <line num="66" count="2" type="cond" truecount="1" falsecount="0"/>
        <line num="67" count="1" type="cond" truecount="2" falsecount="0"/>
        <line num="68" count="1" type="stmt"/>
        <line num="69" count="1" type="stmt"/>
        <line num="70" count="1" type="stmt"/>
        <line num="71" count="1" type="stmt"/>
        <line num="72" count="1" type="stmt"/>
        <line num="73" count="2" type="stmt"/>
        <line num="76" count="44" type="cond" truecount="1" falsecount="0"/>
        <line num="77" count="3" type="stmt"/>
        <line num="78" count="3" type="cond" truecount="0" falsecount="1"/>
        <line num="79" count="3" type="stmt"/>
        <line num="82" count="44" type="cond" truecount="1" falsecount="0"/>
        <line num="83" count="2" type="stmt"/>
        <line num="84" count="2" type="cond" truecount="1" falsecount="0"/>
        <line num="85" count="1" type="cond" truecount="1" falsecount="0"/>
        <line num="86" count="1" type="cond" truecount="3" falsecount="0"/>
        <line num="87" count="1" type="stmt"/>
        <line num="88" count="1" type="stmt"/>
        <line num="89" count="1" type="stmt"/>
        <line num="90" count="1" type="stmt"/>
        <line num="91" count="1" type="stmt"/>
        <line num="92" count="1" type="stmt"/>
        <line num="93" count="1" type="stmt"/>
        <line num="94" count="2" type="stmt"/>
        <line num="97" count="44" type="cond" truecount="1" falsecount="0"/>
        <line num="98" count="2" type="stmt"/>
        <line num="99" count="2" type="stmt"/>
        <line num="100" count="2" type="stmt"/>
        <line num="101" count="2" type="stmt"/>
        <line num="102" count="2" type="cond" truecount="1" falsecount="0"/>
        <line num="103" count="1" type="cond" truecount="1" falsecount="0"/>
        <line num="104" count="1" type="cond" truecount="1" falsecount="0"/>
        <line num="105" count="2" type="cond" truecount="2" falsecount="0"/>
        <line num="106" count="1" type="stmt"/>
        <line num="107" count="1" type="stmt"/>
        <line num="108" count="1" type="stmt"/>
        <line num="109" count="1" type="stmt"/>
        <line num="110" count="1" type="stmt"/>
        <line num="111" count="1" type="stmt"/>
        <line num="112" count="1" type="stmt"/>
        <line num="113" count="2" type="stmt"/>
        <line num="116" count="44" type="cond" truecount="1" falsecount="0"/>
        <line num="117" count="52" type="stmt"/>
        <line num="118" count="52" type="cond" truecount="1" falsecount="0"/>
        <line num="119" count="25" type="stmt"/>
        <line num="120" count="52" type="cond" truecount="1" falsecount="0"/>
        <line num="121" count="25" type="stmt"/>
        <line num="122" count="52" type="cond" truecount="1" falsecount="0"/>
        <line num="123" count="1" type="stmt"/>
        <line num="124" count="52" type="cond" truecount="1" falsecount="0"/>
        <line num="125" count="1" type="stmt"/>
        <line num="126" count="52" type="stmt"/>
        <line num="127" count="52" type="stmt"/>
        <line num="129" count="44" type="stmt"/>
        <line num="131" count="44" type="stmt"/>
        <line num="132" count="44" type="stmt"/>
        <line num="134" count="44" type="stmt"/>
        <line num="136" count="44" type="stmt"/>
        <line num="139" count="44" type="stmt"/>
        <line num="140" count="44" type="stmt"/>
        <line num="141" count="44" type="stmt"/>
        <line num="143" count="44" type="stmt"/>
        <line num="144" count="44" type="stmt"/>
        <line num="145" count="44" type="stmt"/>
        <line num="146" count="44" type="stmt"/>
        <line num="147" count="44" type="stmt"/>
        <line num="148" count="44" type="stmt"/>
        <line num="149" count="44" type="cond" truecount="1" falsecount="1"/>
        <line num="150" count="0" type="stmt"/>
        <line num="153" count="44" type="stmt"/>
        <line num="154" count="44" type="stmt"/>
        <line num="155" count="44" type="stmt"/>
        <line num="156" count="44" type="stmt"/>
        <line num="157" count="44" type="stmt"/>
        <line num="158" count="44" type="stmt"/>
        <line num="160" count="44" type="stmt"/>
        <line num="161" count="44" type="stmt"/>
        <line num="162" count="44" type="stmt"/>
        <line num="163" count="44" type="stmt"/>
        <line num="165" count="44" type="cond" truecount="2" falsecount="0"/>
        <line num="166" count="44" type="stmt"/>
        <line num="167" count="44" type="stmt"/>
        <line num="170" count="44" type="cond" truecount="1" falsecount="0"/>
        <line num="171" count="15" type="cond" truecount="1" falsecount="0"/>
        <line num="172" count="29" type="cond" truecount="1" falsecount="0"/>
        <line num="173" count="2" type="cond" truecount="1" falsecount="0"/>
        <line num="175" count="27" type="stmt"/>
        <line num="176" count="27" type="cond" truecount="1" falsecount="0"/>
        <line num="177" count="52" type="stmt"/>
        <line num="178" count="52" type="stmt"/>
        <line num="179" count="52" type="stmt"/>
        <line num="181" count="52" type="stmt"/>
        <line num="182" count="52" type="cond" truecount="1" falsecount="0"/>
        <line num="183" count="5" type="stmt"/>
        <line num="185" count="5" type="stmt"/>
        <line num="186" count="5" type="stmt"/>
        <line num="187" count="5" type="stmt"/>
        <line num="188" count="5" type="cond" truecount="1" falsecount="0"/>
        <line num="189" count="2" type="stmt"/>
        <line num="190" count="2" type="stmt"/>
        <line num="191" count="2" type="stmt"/>
        <line num="192" count="2" type="stmt"/>
        <line num="194" count="5" type="stmt"/>
        <line num="195" count="5" type="stmt"/>
        <line num="196" count="5" type="stmt"/>
        <line num="197" count="5" type="stmt"/>
        <line num="198" count="5" type="stmt"/>
        <line num="199" count="0" type="stmt"/>
        <line num="200" count="0" type="stmt"/>
        <line num="201" count="0" type="stmt"/>
        <line num="202" count="0" type="stmt"/>
        <line num="204" count="5" type="stmt"/>
        <line num="205" count="5" type="stmt"/>
        <line num="206" count="5" type="stmt"/>
        <line num="208" count="5" type="stmt"/>
        <line num="209" count="5" type="stmt"/>
        <line num="210" count="5" type="cond" truecount="1" falsecount="0"/>
        <line num="211" count="5" type="stmt"/>
        <line num="212" count="5" type="stmt"/>
        <line num="214" count="5" type="stmt"/>
        <line num="215" count="5" type="stmt"/>
        <line num="216" count="5" type="cond" truecount="1" falsecount="0"/>
        <line num="217" count="5" type="stmt"/>
        <line num="218" count="5" type="stmt"/>
        <line num="220" count="5" type="stmt"/>
        <line num="221" count="5" type="stmt"/>
        <line num="222" count="5" type="cond" truecount="1" falsecount="0"/>
        <line num="224" count="47" type="stmt"/>
        <line num="226" count="47" type="stmt"/>
        <line num="227" count="47" type="stmt"/>
        <line num="228" count="47" type="stmt"/>
        <line num="229" count="47" type="cond" truecount="1" falsecount="0"/>
        <line num="230" count="44" type="stmt"/>
        <line num="231" count="44" type="stmt"/>
        <line num="232" count="44" type="stmt"/>
        <line num="234" count="47" type="stmt"/>
        <line num="236" count="52" type="stmt"/>
        <line num="239" count="52" type="stmt"/>
        <line num="240" count="52" type="stmt"/>
        <line num="241" count="52" type="stmt"/>
        <line num="242" count="52" type="stmt"/>
        <line num="243" count="52" type="stmt"/>
        <line num="244" count="52" type="stmt"/>
        <line num="246" count="52" type="stmt"/>
        <line num="247" count="52" type="stmt"/>
        <line num="248" count="52" type="stmt"/>
        <line num="249" count="52" type="stmt"/>
        <line num="250" count="52" type="cond" truecount="1" falsecount="0"/>
        <line num="251" count="2" type="stmt"/>
        <line num="252" count="2" type="stmt"/>
        <line num="253" count="2" type="stmt"/>
        <line num="254" count="2" type="stmt"/>
        <line num="256" count="52" type="stmt"/>
        <line num="258" count="52" type="stmt"/>
        <line num="259" count="52" type="stmt"/>
        <line num="260" count="52" type="stmt"/>
        <line num="261" count="52" type="stmt"/>
        <line num="262" count="52" type="stmt"/>
        <line num="265" count="52" type="cond" truecount="1" falsecount="0"/>
        <line num="266" count="47" type="stmt"/>
        <line num="267" count="47" type="stmt"/>
        <line num="268" count="47" type="cond" truecount="1" falsecount="0"/>
        <line num="269" count="47" type="stmt"/>
        <line num="270" count="47" type="stmt"/>
        <line num="272" count="47" type="stmt"/>
        <line num="273" count="47" type="stmt"/>
        <line num="274" count="47" type="cond" truecount="1" falsecount="0"/>
        <line num="275" count="47" type="stmt"/>
        <line num="276" count="47" type="stmt"/>
        <line num="278" count="47" type="stmt"/>
        <line num="279" count="47" type="stmt"/>
        <line num="281" count="52" type="stmt"/>
        <line num="282" count="52" type="stmt"/>
        <line num="283" count="27" type="stmt"/>
        <line num="284" count="27" type="stmt"/>
        <line num="287" count="44" type="stmt"/>
        <line num="288" count="44" type="stmt"/>
        <line num="289" count="44" type="stmt"/>
        <line num="291" count="44" type="stmt"/>
      </file>
    </package>
    <package name="src.services">
      <metrics statements="10" coveredstatements="0" conditionals="1" coveredconditionals="0" methods="1" coveredmethods="0"/>
      <file name="api.ts" path="/Users/chomphoo/Task-Management-App/frontend/src/services/api.ts">
        <metrics statements="10" coveredstatements="0" conditionals="1" coveredconditionals="0" methods="1" coveredmethods="0"/>
        <line num="1" count="0" type="cond" truecount="0" falsecount="1"/>
        <line num="3" count="0" type="stmt"/>
        <line num="4" count="0" type="stmt"/>
        <line num="5" count="0" type="stmt"/>
        <line num="8" count="0" type="stmt"/>
        <line num="9" count="0" type="stmt"/>
        <line num="10" count="0" type="stmt"/>
        <line num="11" count="0" type="stmt"/>
        <line num="12" count="0" type="stmt"/>
        <line num="14" count="0" type="stmt"/>
      </file>
    </package>
  </project>
</coverage>
