{"/Users/chomphoo/Desktop/taskmanagement-app/frontend/src/App.tsx": {"path":"/Users/chomphoo/Desktop/taskmanagement-app/frontend/src/App.tsx","all":true,"statementMap":{"0":{"start":{"line":1,"column":0},"end":{"line":1,"column":64}},"1":{"start":{"line":2,"column":0},"end":{"line":2,"column":34}},"2":{"start":{"line":3,"column":0},"end":{"line":3,"column":40}},"3":{"start":{"line":4,"column":0},"end":{"line":4,"column":34}},"4":{"start":{"line":5,"column":0},"end":{"line":5,"column":43}},"5":{"start":{"line":6,"column":0},"end":{"line":6,"column":36}},"7":{"start":{"line":8,"column":0},"end":{"line":8,"column":16}},"8":{"start":{"line":9,"column":0},"end":{"line":9,"column":10}},"9":{"start":{"line":10,"column":0},"end":{"line":10,"column":19}},"10":{"start":{"line":11,"column":0},"end":{"line":11,"column":14}},"11":{"start":{"line":12,"column":0},"end":{"line":12,"column":46}},"12":{"start":{"line":13,"column":0},"end":{"line":13,"column":57}},"13":{"start":{"line":14,"column":0},"end":{"line":14,"column":51}},"14":{"start":{"line":15,"column":0},"end":{"line":15,"column":59}},"15":{"start":{"line":16,"column":0},"end":{"line":16,"column":53}},"16":{"start":{"line":17,"column":0},"end":{"line":17,"column":15}},"17":{"start":{"line":18,"column":0},"end":{"line":18,"column":20}},"19":{"start":{"line":20,"column":0},"end":{"line":20,"column":1}},"21":{"start":{"line":22,"column":0},"end":{"line":22,"column":19}}},"s":{"0":0,"1":0,"2":0,"3":0,"4":0,"5":0,"7":0,"8":0,"9":0,"10":0,"11":0,"12":0,"13":0,"14":0,"15":0,"16":0,"17":0,"19":0,"21":0},"branchMap":{"0":{"type":"branch","line":1,"loc":{"start":{"line":1,"column":656},"end":{"line":22,"column":19}},"locations":[{"start":{"line":1,"column":656},"end":{"line":22,"column":19}}]}},"b":{"0":[0]},"fnMap":{"0":{"name":"(empty-report)","decl":{"start":{"line":1,"column":656},"end":{"line":22,"column":19}},"loc":{"start":{"line":1,"column":656},"end":{"line":22,"column":19}},"line":1}},"f":{"0":0}}
,"/Users/chomphoo/Desktop/taskmanagement-app/frontend/src/main.tsx": {"path":"/Users/chomphoo/Desktop/taskmanagement-app/frontend/src/main.tsx","all":true,"statementMap":{"0":{"start":{"line":1,"column":0},"end":{"line":1,"column":34}},"1":{"start":{"line":2,"column":0},"end":{"line":2,"column":45}},"2":{"start":{"line":3,"column":0},"end":{"line":3,"column":20}},"3":{"start":{"line":4,"column":0},"end":{"line":4,"column":27}},"5":{"start":{"line":6,"column":0},"end":{"line":6,"column":52}},"6":{"start":{"line":7,"column":0},"end":{"line":7,"column":14}},"7":{"start":{"line":8,"column":0},"end":{"line":8,"column":11}},"8":{"start":{"line":9,"column":0},"end":{"line":9,"column":16}},"9":{"start":{"line":10,"column":0},"end":{"line":10,"column":1}}},"s":{"0":0,"1":0,"2":0,"3":0,"5":0,"6":0,"7":0,"8":0,"9":0},"branchMap":{"0":{"type":"branch","line":1,"loc":{"start":{"line":1,"column":203},"end":{"line":10,"column":-148}},"locations":[{"start":{"line":1,"column":203},"end":{"line":10,"column":-148}}]}},"b":{"0":[0]},"fnMap":{"0":{"name":"(empty-report)","decl":{"start":{"line":1,"column":203},"end":{"line":10,"column":-148}},"loc":{"start":{"line":1,"column":203},"end":{"line":10,"column":-148}},"line":1}},"f":{"0":0}}
,"/Users/chomphoo/Desktop/taskmanagement-app/frontend/src/components/DashboardLayout.tsx": {"path":"/Users/chomphoo/Desktop/taskmanagement-app/frontend/src/components/DashboardLayout.tsx","all":false,"statementMap":{"1":{"start":{"line":2,"column":0},"end":{"line":2,"column":52}},"3":{"start":{"line":4,"column":0},"end":{"line":4,"column":53}},"5":{"start":{"line":6,"column":0},"end":{"line":6,"column":18}},"6":{"start":{"line":7,"column":0},"end":{"line":7,"column":70}},"7":{"start":{"line":8,"column":0},"end":{"line":8,"column":63}},"8":{"start":{"line":9,"column":0},"end":{"line":9,"column":2}},"10":{"start":{"line":11,"column":0},"end":{"line":11,"column":80}},"11":{"start":{"line":12,"column":0},"end":{"line":12,"column":33}},"13":{"start":{"line":14,"column":0},"end":{"line":14,"column":10}},"14":{"start":{"line":15,"column":0},"end":{"line":15,"column":46}},"16":{"start":{"line":17,"column":0},"end":{"line":17,"column":83}},"17":{"start":{"line":18,"column":0},"end":{"line":18,"column":13}},"18":{"start":{"line":19,"column":0},"end":{"line":19,"column":69}},"19":{"start":{"line":20,"column":0},"end":{"line":20,"column":37}},"20":{"start":{"line":21,"column":0},"end":{"line":21,"column":37}},"21":{"start":{"line":22,"column":0},"end":{"line":22,"column":19}},"22":{"start":{"line":23,"column":0},"end":{"line":23,"column":31}},"23":{"start":{"line":24,"column":0},"end":{"line":24,"column":30}},"24":{"start":{"line":25,"column":0},"end":{"line":25,"column":95}},"25":{"start":{"line":26,"column":0},"end":{"line":26,"column":49}},"26":{"start":{"line":27,"column":0},"end":{"line":27,"column":65}},"27":{"start":{"line":28,"column":0},"end":{"line":28,"column":24}},"28":{"start":{"line":29,"column":0},"end":{"line":29,"column":19}},"30":{"start":{"line":31,"column":0},"end":{"line":31,"column":27}},"31":{"start":{"line":32,"column":0},"end":{"line":32,"column":27}},"32":{"start":{"line":33,"column":0},"end":{"line":33,"column":21}},"33":{"start":{"line":34,"column":0},"end":{"line":34,"column":15}},"34":{"start":{"line":35,"column":0},"end":{"line":35,"column":16}},"35":{"start":{"line":36,"column":0},"end":{"line":36,"column":14}},"37":{"start":{"line":38,"column":0},"end":{"line":38,"column":30}},"38":{"start":{"line":39,"column":0},"end":{"line":39,"column":15}},"39":{"start":{"line":40,"column":0},"end":{"line":40,"column":24}},"40":{"start":{"line":41,"column":0},"end":{"line":41,"column":118}},"42":{"start":{"line":43,"column":0},"end":{"line":43,"column":32}},"44":{"start":{"line":45,"column":0},"end":{"line":45,"column":17}},"45":{"start":{"line":46,"column":0},"end":{"line":46,"column":14}},"46":{"start":{"line":47,"column":0},"end":{"line":47,"column":14}},"49":{"start":{"line":50,"column":0},"end":{"line":50,"column":66}},"50":{"start":{"line":51,"column":0},"end":{"line":51,"column":10}},"52":{"start":{"line":53,"column":0},"end":{"line":53,"column":1}}},"s":{"1":1,"3":1,"5":1,"6":1,"7":1,"8":1,"10":65,"11":65,"13":65,"14":65,"16":65,"17":65,"18":65,"19":65,"20":65,"21":130,"22":130,"23":130,"24":130,"25":130,"26":1,"27":129,"28":130,"30":130,"31":130,"32":130,"33":65,"34":65,"35":65,"37":65,"38":65,"39":65,"40":65,"42":65,"44":65,"45":65,"46":65,"49":65,"50":65,"52":65},"branchMap":{"0":{"type":"branch","line":11,"loc":{"start":{"line":11,"column":0},"end":{"line":53,"column":1}},"locations":[{"start":{"line":11,"column":0},"end":{"line":53,"column":1}}]},"1":{"type":"branch","line":21,"loc":{"start":{"line":21,"column":26},"end":{"line":33,"column":21}},"locations":[{"start":{"line":21,"column":26},"end":{"line":33,"column":21}}]},"2":{"type":"branch","line":26,"loc":{"start":{"line":26,"column":45},"end":{"line":27,"column":65}},"locations":[{"start":{"line":26,"column":45},"end":{"line":27,"column":65}}]},"3":{"type":"branch","line":27,"loc":{"start":{"line":27,"column":22},"end":{"line":28,"column":24}},"locations":[{"start":{"line":27,"column":22},"end":{"line":28,"column":24}}]}},"b":{"0":[65],"1":[130],"2":[1],"3":[129]},"fnMap":{"0":{"name":"DashboardLayout","decl":{"start":{"line":11,"column":0},"end":{"line":53,"column":1}},"loc":{"start":{"line":11,"column":0},"end":{"line":53,"column":1}},"line":11}},"f":{"0":65}}
,"/Users/chomphoo/Desktop/taskmanagement-app/frontend/src/pages/Dashboard.tsx": {"path":"/Users/chomphoo/Desktop/taskmanagement-app/frontend/src/pages/Dashboard.tsx","all":false,"statementMap":{"1":{"start":{"line":2,"column":0},"end":{"line":2,"column":44}},"2":{"start":{"line":3,"column":0},"end":{"line":3,"column":34}},"3":{"start":{"line":4,"column":0},"end":{"line":4,"column":60}},"4":{"start":{"line":5,"column":0},"end":{"line":5,"column":68}},"14":{"start":{"line":15,"column":0},"end":{"line":15,"column":49}},"16":{"start":{"line":17,"column":0},"end":{"line":17,"column":37}},"17":{"start":{"line":18,"column":0},"end":{"line":18,"column":49}},"18":{"start":{"line":19,"column":0},"end":{"line":19,"column":55}},"20":{"start":{"line":21,"column":0},"end":{"line":21,"column":19}},"21":{"start":{"line":22,"column":0},"end":{"line":22,"column":52}},"22":{"start":{"line":23,"column":0},"end":{"line":23,"column":9}},"23":{"start":{"line":24,"column":0},"end":{"line":24,"column":64}},"24":{"start":{"line":25,"column":0},"end":{"line":25,"column":43}},"25":{"start":{"line":26,"column":0},"end":{"line":26,"column":13}},"26":{"start":{"line":27,"column":0},"end":{"line":27,"column":27}},"27":{"start":{"line":28,"column":0},"end":{"line":28,"column":5}},"29":{"start":{"line":30,"column":0},"end":{"line":30,"column":21}},"30":{"start":{"line":31,"column":0},"end":{"line":31,"column":40}},"31":{"start":{"line":32,"column":0},"end":{"line":32,"column":42}},"32":{"start":{"line":33,"column":0},"end":{"line":33,"column":9}},"34":{"start":{"line":35,"column":0},"end":{"line":35,"column":19}},"35":{"start":{"line":36,"column":0},"end":{"line":36,"column":57}},"36":{"start":{"line":37,"column":0},"end":{"line":37,"column":64}},"37":{"start":{"line":38,"column":0},"end":{"line":38,"column":61}},"38":{"start":{"line":39,"column":0},"end":{"line":39,"column":4}},"40":{"start":{"line":41,"column":0},"end":{"line":41,"column":19}},"41":{"start":{"line":42,"column":0},"end":{"line":42,"column":62}},"42":{"start":{"line":43,"column":0},"end":{"line":43,"column":53}},"43":{"start":{"line":44,"column":0},"end":{"line":44,"column":59}},"44":{"start":{"line":45,"column":0},"end":{"line":45,"column":4}},"46":{"start":{"line":47,"column":0},"end":{"line":47,"column":10}},"47":{"start":{"line":48,"column":0},"end":{"line":48,"column":21}},"48":{"start":{"line":49,"column":0},"end":{"line":49,"column":43}},"49":{"start":{"line":50,"column":0},"end":{"line":50,"column":68}},"50":{"start":{"line":51,"column":0},"end":{"line":51,"column":63}},"51":{"start":{"line":52,"column":0},"end":{"line":52,"column":12}},"52":{"start":{"line":53,"column":0},"end":{"line":53,"column":13}},"53":{"start":{"line":54,"column":0},"end":{"line":54,"column":31}},"54":{"start":{"line":55,"column":0},"end":{"line":55,"column":44}},"55":{"start":{"line":56,"column":0},"end":{"line":56,"column":37}},"56":{"start":{"line":57,"column":0},"end":{"line":57,"column":38}},"57":{"start":{"line":58,"column":0},"end":{"line":58,"column":14}},"58":{"start":{"line":59,"column":0},"end":{"line":59,"column":13}},"59":{"start":{"line":60,"column":0},"end":{"line":60,"column":35}},"60":{"start":{"line":61,"column":0},"end":{"line":61,"column":47}},"61":{"start":{"line":62,"column":0},"end":{"line":62,"column":35}},"62":{"start":{"line":63,"column":0},"end":{"line":63,"column":36}},"63":{"start":{"line":64,"column":0},"end":{"line":64,"column":14}},"64":{"start":{"line":65,"column":0},"end":{"line":65,"column":13}},"65":{"start":{"line":66,"column":0},"end":{"line":66,"column":33}},"66":{"start":{"line":67,"column":0},"end":{"line":67,"column":46}},"67":{"start":{"line":68,"column":0},"end":{"line":68,"column":36}},"68":{"start":{"line":69,"column":0},"end":{"line":69,"column":37}},"69":{"start":{"line":70,"column":0},"end":{"line":70,"column":14}},"70":{"start":{"line":71,"column":0},"end":{"line":71,"column":26}},"71":{"start":{"line":72,"column":0},"end":{"line":72,"column":16}},"72":{"start":{"line":73,"column":0},"end":{"line":73,"column":65}},"73":{"start":{"line":74,"column":0},"end":{"line":74,"column":29}},"75":{"start":{"line":76,"column":0},"end":{"line":76,"column":63}},"76":{"start":{"line":77,"column":0},"end":{"line":77,"column":33}},"77":{"start":{"line":78,"column":0},"end":{"line":78,"column":18}},"78":{"start":{"line":79,"column":0},"end":{"line":79,"column":77}},"79":{"start":{"line":80,"column":0},"end":{"line":80,"column":18}},"80":{"start":{"line":81,"column":0},"end":{"line":81,"column":13}},"81":{"start":{"line":82,"column":0},"end":{"line":82,"column":14}},"83":{"start":{"line":84,"column":0},"end":{"line":84,"column":63}},"85":{"start":{"line":86,"column":0},"end":{"line":86,"column":51}},"86":{"start":{"line":87,"column":0},"end":{"line":87,"column":62}},"87":{"start":{"line":88,"column":0},"end":{"line":88,"column":32}},"88":{"start":{"line":89,"column":0},"end":{"line":89,"column":70}},"89":{"start":{"line":90,"column":0},"end":{"line":90,"column":63}},"90":{"start":{"line":91,"column":0},"end":{"line":91,"column":21}},"91":{"start":{"line":92,"column":0},"end":{"line":92,"column":59}},"92":{"start":{"line":93,"column":0},"end":{"line":93,"column":39}},"93":{"start":{"line":94,"column":0},"end":{"line":94,"column":24}},"94":{"start":{"line":95,"column":0},"end":{"line":95,"column":35}},"95":{"start":{"line":96,"column":0},"end":{"line":96,"column":95}},"97":{"start":{"line":98,"column":0},"end":{"line":98,"column":66}},"98":{"start":{"line":99,"column":0},"end":{"line":99,"column":36}},"99":{"start":{"line":100,"column":0},"end":{"line":100,"column":27}},"100":{"start":{"line":101,"column":0},"end":{"line":101,"column":44}},"101":{"start":{"line":102,"column":0},"end":{"line":102,"column":61}},"102":{"start":{"line":103,"column":0},"end":{"line":103,"column":44}},"103":{"start":{"line":104,"column":0},"end":{"line":104,"column":28}},"105":{"start":{"line":106,"column":0},"end":{"line":106,"column":26}},"106":{"start":{"line":107,"column":0},"end":{"line":107,"column":21}},"107":{"start":{"line":108,"column":0},"end":{"line":108,"column":22}},"108":{"start":{"line":109,"column":0},"end":{"line":109,"column":20}},"109":{"start":{"line":110,"column":0},"end":{"line":110,"column":15}},"110":{"start":{"line":111,"column":0},"end":{"line":111,"column":16}},"113":{"start":{"line":114,"column":0},"end":{"line":114,"column":58}},"114":{"start":{"line":115,"column":0},"end":{"line":115,"column":73}},"115":{"start":{"line":116,"column":0},"end":{"line":116,"column":59}},"116":{"start":{"line":117,"column":0},"end":{"line":117,"column":24}},"117":{"start":{"line":118,"column":0},"end":{"line":118,"column":20}},"118":{"start":{"line":119,"column":0},"end":{"line":119,"column":32}},"119":{"start":{"line":120,"column":0},"end":{"line":120,"column":26}},"120":{"start":{"line":121,"column":0},"end":{"line":121,"column":26}},"121":{"start":{"line":122,"column":0},"end":{"line":122,"column":34}},"122":{"start":{"line":123,"column":0},"end":{"line":123,"column":33}},"123":{"start":{"line":124,"column":0},"end":{"line":124,"column":23}},"125":{"start":{"line":126,"column":0},"end":{"line":126,"column":50}},"126":{"start":{"line":127,"column":0},"end":{"line":127,"column":25}},"127":{"start":{"line":128,"column":0},"end":{"line":128,"column":43}},"128":{"start":{"line":129,"column":0},"end":{"line":129,"column":58}},"129":{"start":{"line":130,"column":0},"end":{"line":130,"column":22}},"130":{"start":{"line":131,"column":0},"end":{"line":131,"column":21}},"131":{"start":{"line":132,"column":0},"end":{"line":132,"column":22}},"132":{"start":{"line":133,"column":0},"end":{"line":133,"column":25}},"133":{"start":{"line":134,"column":0},"end":{"line":134,"column":34}},"134":{"start":{"line":135,"column":0},"end":{"line":135,"column":16}},"135":{"start":{"line":136,"column":0},"end":{"line":136,"column":14}},"136":{"start":{"line":137,"column":0},"end":{"line":137,"column":12}},"137":{"start":{"line":138,"column":0},"end":{"line":138,"column":22}},"139":{"start":{"line":140,"column":0},"end":{"line":140,"column":1}}},"s":{"1":1,"2":1,"3":1,"4":1,"14":1,"16":18,"17":18,"18":18,"20":18,"21":6,"22":6,"23":6,"24":6,"25":6,"26":1,"27":1,"29":6,"30":6,"31":6,"32":18,"34":18,"35":18,"36":18,"37":18,"38":18,"40":18,"41":18,"42":18,"43":18,"44":18,"46":18,"47":18,"48":18,"49":18,"50":18,"51":18,"52":18,"53":18,"54":18,"55":18,"56":18,"57":18,"58":18,"59":18,"60":18,"61":18,"62":18,"63":18,"64":18,"65":18,"66":18,"67":18,"68":18,"69":18,"70":18,"71":54,"72":54,"73":54,"75":54,"76":54,"77":54,"78":54,"79":54,"80":18,"81":18,"83":18,"85":18,"86":18,"87":54,"88":54,"89":54,"90":54,"91":54,"92":54,"93":18,"94":18,"95":18,"97":18,"98":18,"99":18,"100":18,"101":18,"102":18,"103":18,"105":18,"106":54,"107":54,"108":54,"109":18,"110":18,"113":18,"114":18,"115":18,"116":18,"117":18,"118":18,"119":18,"120":18,"121":18,"122":18,"123":18,"125":18,"126":54,"127":54,"128":54,"129":54,"130":18,"131":18,"132":18,"133":18,"134":18,"135":18,"136":18,"137":18,"139":18},"branchMap":{"0":{"type":"branch","line":17,"loc":{"start":{"line":17,"column":0},"end":{"line":140,"column":1}},"locations":[{"start":{"line":17,"column":0},"end":{"line":140,"column":1}}]},"1":{"type":"branch","line":21,"loc":{"start":{"line":21,"column":12},"end":{"line":33,"column":5}},"locations":[{"start":{"line":21,"column":12},"end":{"line":33,"column":5}}]},"2":{"type":"branch","line":24,"loc":{"start":{"line":24,"column":21},"end":{"line":24,"column":59}},"locations":[{"start":{"line":24,"column":21},"end":{"line":24,"column":59}}]},"3":{"type":"branch","line":24,"loc":{"start":{"line":24,"column":55},"end":{"line":24,"column":64}},"locations":[{"start":{"line":24,"column":55},"end":{"line":24,"column":64}}]},"4":{"type":"branch","line":25,"loc":{"start":{"line":25,"column":18},"end":{"line":25,"column":34}},"locations":[{"start":{"line":25,"column":18},"end":{"line":25,"column":34}}]},"5":{"type":"branch","line":25,"loc":{"start":{"line":25,"column":26},"end":{"line":25,"column":41}},"locations":[{"start":{"line":25,"column":26},"end":{"line":25,"column":41}}]},"6":{"type":"branch","line":26,"loc":{"start":{"line":26,"column":4},"end":{"line":28,"column":5}},"locations":[{"start":{"line":26,"column":4},"end":{"line":28,"column":5}}]},"7":{"type":"branch","line":31,"loc":{"start":{"line":31,"column":12},"end":{"line":31,"column":39}},"locations":[{"start":{"line":31,"column":12},"end":{"line":31,"column":39}}]},"8":{"type":"branch","line":36,"loc":{"start":{"line":36,"column":26},"end":{"line":36,"column":55}},"locations":[{"start":{"line":36,"column":26},"end":{"line":36,"column":55}}]},"9":{"type":"branch","line":37,"loc":{"start":{"line":37,"column":29},"end":{"line":37,"column":62}},"locations":[{"start":{"line":37,"column":29},"end":{"line":37,"column":62}}]},"10":{"type":"branch","line":38,"loc":{"start":{"line":38,"column":28},"end":{"line":38,"column":59}},"locations":[{"start":{"line":38,"column":28},"end":{"line":38,"column":59}}]},"11":{"type":"branch","line":71,"loc":{"start":{"line":71,"column":16},"end":{"line":80,"column":18}},"locations":[{"start":{"line":71,"column":16},"end":{"line":80,"column":18}}]},"12":{"type":"branch","line":87,"loc":{"start":{"line":87,"column":41},"end":{"line":109,"column":20}},"locations":[{"start":{"line":87,"column":41},"end":{"line":109,"column":20}}]},"13":{"type":"branch","line":93,"loc":{"start":{"line":93,"column":28},"end":{"line":106,"column":26}},"locations":[{"start":{"line":93,"column":28},"end":{"line":106,"column":26}}]},"14":{"type":"branch","line":126,"loc":{"start":{"line":126,"column":31},"end":{"line":130,"column":22}},"locations":[{"start":{"line":126,"column":31},"end":{"line":130,"column":22}}]}},"b":{"0":[18],"1":[6],"2":[5],"3":[1],"4":[4],"5":[1],"6":[1],"7":[6],"8":[18],"9":[18],"10":[18],"11":[54],"12":[54],"13":[18],"14":[54]},"fnMap":{"0":{"name":"Dashboard","decl":{"start":{"line":17,"column":0},"end":{"line":140,"column":1}},"loc":{"start":{"line":17,"column":0},"end":{"line":140,"column":1}},"line":17}},"f":{"0":18}}
,"/Users/chomphoo/Desktop/taskmanagement-app/frontend/src/pages/Login.tsx": {"path":"/Users/chomphoo/Desktop/taskmanagement-app/frontend/src/pages/Login.tsx","all":false,"statementMap":{"0":{"start":{"line":1,"column":0},"end":{"line":1,"column":35}},"1":{"start":{"line":2,"column":0},"end":{"line":2,"column":27}},"2":{"start":{"line":3,"column":0},"end":{"line":3,"column":34}},"3":{"start":{"line":4,"column":0},"end":{"line":4,"column":53}},"4":{"start":{"line":5,"column":0},"end":{"line":5,"column":39}},"5":{"start":{"line":6,"column":0},"end":{"line":6,"column":42}},"15":{"start":{"line":16,"column":0},"end":{"line":16,"column":33}},"16":{"start":{"line":17,"column":0},"end":{"line":17,"column":33}},"18":{"start":{"line":19,"column":0},"end":{"line":19,"column":28}},"19":{"start":{"line":20,"column":0},"end":{"line":20,"column":20}},"20":{"start":{"line":21,"column":0},"end":{"line":21,"column":16}},"21":{"start":{"line":22,"column":0},"end":{"line":22,"column":19}},"22":{"start":{"line":23,"column":0},"end":{"line":23,"column":6}},"23":{"start":{"line":24,"column":0},"end":{"line":24,"column":34}},"24":{"start":{"line":25,"column":0},"end":{"line":25,"column":70}},"25":{"start":{"line":26,"column":0},"end":{"line":26,"column":72}},"26":{"start":{"line":27,"column":0},"end":{"line":27,"column":7}},"27":{"start":{"line":28,"column":0},"end":{"line":28,"column":63}},"28":{"start":{"line":29,"column":0},"end":{"line":29,"column":11}},"29":{"start":{"line":30,"column":0},"end":{"line":30,"column":58}},"30":{"start":{"line":31,"column":0},"end":{"line":31,"column":37}},"31":{"start":{"line":32,"column":0},"end":{"line":32,"column":55}},"33":{"start":{"line":34,"column":0},"end":{"line":34,"column":45}},"34":{"start":{"line":35,"column":0},"end":{"line":35,"column":29}},"35":{"start":{"line":36,"column":0},"end":{"line":36,"column":17}},"36":{"start":{"line":37,"column":0},"end":{"line":37,"column":59}},"37":{"start":{"line":38,"column":0},"end":{"line":38,"column":10}},"38":{"start":{"line":39,"column":0},"end":{"line":39,"column":29}},"40":{"start":{"line":41,"column":0},"end":{"line":41,"column":31}},"41":{"start":{"line":42,"column":0},"end":{"line":42,"column":15}},"42":{"start":{"line":43,"column":0},"end":{"line":43,"column":58}},"43":{"start":{"line":44,"column":0},"end":{"line":44,"column":17}},"44":{"start":{"line":45,"column":0},"end":{"line":45,"column":29}},"45":{"start":{"line":46,"column":0},"end":{"line":46,"column":7}},"46":{"start":{"line":47,"column":0},"end":{"line":47,"column":6}},"47":{"start":{"line":48,"column":0},"end":{"line":48,"column":5}},"49":{"start":{"line":50,"column":0},"end":{"line":50,"column":10}},"50":{"start":{"line":51,"column":0},"end":{"line":51,"column":89}},"51":{"start":{"line":52,"column":0},"end":{"line":52,"column":11}},"52":{"start":{"line":53,"column":0},"end":{"line":53,"column":38}},"53":{"start":{"line":54,"column":0},"end":{"line":54,"column":145}},"56":{"start":{"line":57,"column":0},"end":{"line":57,"column":69}},"58":{"start":{"line":59,"column":0},"end":{"line":59,"column":13}},"59":{"start":{"line":60,"column":0},"end":{"line":60,"column":57}},"61":{"start":{"line":62,"column":0},"end":{"line":62,"column":12}},"64":{"start":{"line":65,"column":0},"end":{"line":65,"column":34}},"65":{"start":{"line":66,"column":0},"end":{"line":66,"column":16}},"66":{"start":{"line":67,"column":0},"end":{"line":67,"column":22}},"67":{"start":{"line":68,"column":0},"end":{"line":68,"column":24}},"68":{"start":{"line":69,"column":0},"end":{"line":69,"column":31}},"69":{"start":{"line":70,"column":0},"end":{"line":70,"column":112}},"70":{"start":{"line":71,"column":0},"end":{"line":71,"column":46}},"71":{"start":{"line":72,"column":0},"end":{"line":72,"column":12}},"72":{"start":{"line":73,"column":0},"end":{"line":73,"column":110}},"73":{"start":{"line":74,"column":0},"end":{"line":74,"column":93}},"74":{"start":{"line":75,"column":0},"end":{"line":75,"column":59}},"75":{"start":{"line":76,"column":0},"end":{"line":76,"column":78}},"77":{"start":{"line":78,"column":0},"end":{"line":78,"column":14}},"80":{"start":{"line":81,"column":0},"end":{"line":81,"column":34}},"81":{"start":{"line":82,"column":0},"end":{"line":82,"column":16}},"82":{"start":{"line":83,"column":0},"end":{"line":83,"column":25}},"83":{"start":{"line":84,"column":0},"end":{"line":84,"column":27}},"84":{"start":{"line":85,"column":0},"end":{"line":85,"column":34}},"85":{"start":{"line":86,"column":0},"end":{"line":86,"column":112}},"86":{"start":{"line":87,"column":0},"end":{"line":87,"column":49}},"87":{"start":{"line":88,"column":0},"end":{"line":88,"column":12}},"88":{"start":{"line":89,"column":0},"end":{"line":89,"column":113}},"89":{"start":{"line":90,"column":0},"end":{"line":90,"column":95}},"90":{"start":{"line":91,"column":0},"end":{"line":91,"column":65}},"91":{"start":{"line":92,"column":0},"end":{"line":92,"column":53}},"92":{"start":{"line":93,"column":0},"end":{"line":93,"column":38}},"93":{"start":{"line":94,"column":0},"end":{"line":94,"column":16}},"95":{"start":{"line":96,"column":0},"end":{"line":96,"column":14}},"98":{"start":{"line":99,"column":0},"end":{"line":99,"column":15}},"99":{"start":{"line":100,"column":0},"end":{"line":100,"column":23}},"100":{"start":{"line":101,"column":0},"end":{"line":101,"column":40}},"101":{"start":{"line":102,"column":0},"end":{"line":102,"column":106}},"103":{"start":{"line":104,"column":0},"end":{"line":104,"column":61}},"104":{"start":{"line":105,"column":0},"end":{"line":105,"column":17}},"105":{"start":{"line":106,"column":0},"end":{"line":106,"column":64}},"106":{"start":{"line":107,"column":0},"end":{"line":107,"column":37}},"107":{"start":{"line":108,"column":0},"end":{"line":108,"column":73}},"109":{"start":{"line":110,"column":0},"end":{"line":110,"column":17}},"110":{"start":{"line":111,"column":0},"end":{"line":111,"column":14}},"111":{"start":{"line":112,"column":0},"end":{"line":112,"column":13}},"112":{"start":{"line":113,"column":0},"end":{"line":113,"column":10}},"114":{"start":{"line":115,"column":0},"end":{"line":115,"column":1}}},"s":{"0":1,"1":1,"2":1,"3":1,"4":1,"5":1,"15":22,"16":22,"18":22,"19":22,"20":22,"21":22,"22":22,"23":22,"24":22,"25":22,"26":22,"27":22,"28":2,"29":2,"30":1,"31":1,"33":1,"34":1,"35":1,"36":2,"37":2,"38":2,"40":2,"41":2,"42":1,"43":2,"44":2,"45":2,"46":2,"47":22,"49":22,"50":22,"51":22,"52":22,"53":22,"56":22,"58":22,"59":22,"61":22,"64":22,"65":22,"66":22,"67":22,"68":22,"69":22,"70":22,"71":22,"72":22,"73":22,"74":22,"75":3,"77":22,"80":22,"81":22,"82":22,"83":22,"84":22,"85":22,"86":22,"87":22,"88":22,"89":22,"90":22,"91":2,"92":2,"93":2,"95":22,"98":22,"99":22,"100":22,"101":22,"103":22,"104":22,"105":22,"106":22,"107":22,"109":22,"110":22,"111":22,"112":22,"114":22},"branchMap":{"0":{"type":"branch","line":16,"loc":{"start":{"line":16,"column":0},"end":{"line":115,"column":1}},"locations":[{"start":{"line":16,"column":0},"end":{"line":115,"column":1}}]},"1":{"type":"branch","line":75,"loc":{"start":{"line":75,"column":26},"end":{"line":75,"column":59}},"locations":[{"start":{"line":75,"column":26},"end":{"line":75,"column":59}}]},"2":{"type":"branch","line":75,"loc":{"start":{"line":75,"column":49},"end":{"line":76,"column":78}},"locations":[{"start":{"line":75,"column":49},"end":{"line":76,"column":78}}]},"3":{"type":"branch","line":91,"loc":{"start":{"line":91,"column":26},"end":{"line":91,"column":65}},"locations":[{"start":{"line":91,"column":26},"end":{"line":91,"column":65}}]},"4":{"type":"branch","line":91,"loc":{"start":{"line":91,"column":52},"end":{"line":94,"column":16}},"locations":[{"start":{"line":91,"column":52},"end":{"line":94,"column":16}}]},"5":{"type":"branch","line":104,"loc":{"start":{"line":104,"column":18},"end":{"line":104,"column":51}},"locations":[{"start":{"line":104,"column":18},"end":{"line":104,"column":51}}]},"6":{"type":"branch","line":104,"loc":{"start":{"line":104,"column":33},"end":{"line":104,"column":61}},"locations":[{"start":{"line":104,"column":33},"end":{"line":104,"column":61}}]},"7":{"type":"branch","line":28,"loc":{"start":{"line":28,"column":14},"end":{"line":47,"column":6}},"locations":[{"start":{"line":28,"column":14},"end":{"line":47,"column":6}}]},"8":{"type":"branch","line":30,"loc":{"start":{"line":30,"column":56},"end":{"line":37,"column":49}},"locations":[{"start":{"line":30,"column":56},"end":{"line":37,"column":49}}]},"9":{"type":"branch","line":37,"loc":{"start":{"line":37,"column":41},"end":{"line":37,"column":57}},"locations":[{"start":{"line":37,"column":41},"end":{"line":37,"column":57}}]},"10":{"type":"branch","line":42,"loc":{"start":{"line":42,"column":6},"end":{"line":44,"column":8}},"locations":[{"start":{"line":42,"column":6},"end":{"line":44,"column":8}}]}},"b":{"0":[22],"1":[8],"2":[3],"3":[8],"4":[2],"5":[3],"6":[19],"7":[2],"8":[1],"9":[0],"10":[1]},"fnMap":{"0":{"name":"Login","decl":{"start":{"line":16,"column":0},"end":{"line":115,"column":1}},"loc":{"start":{"line":16,"column":0},"end":{"line":115,"column":1}},"line":16},"1":{"name":"onSubmit","decl":{"start":{"line":28,"column":14},"end":{"line":47,"column":6}},"loc":{"start":{"line":28,"column":14},"end":{"line":47,"column":6}},"line":28}},"f":{"0":22,"1":2}}
,"/Users/chomphoo/Desktop/taskmanagement-app/frontend/src/pages/Logout.tsx": {"path":"/Users/chomphoo/Desktop/taskmanagement-app/frontend/src/pages/Logout.tsx","all":false,"statementMap":{"0":{"start":{"line":1,"column":0},"end":{"line":1,"column":34}},"1":{"start":{"line":2,"column":0},"end":{"line":2,"column":47}},"3":{"start":{"line":4,"column":0},"end":{"line":4,"column":34}},"4":{"start":{"line":5,"column":0},"end":{"line":5,"column":33}},"6":{"start":{"line":7,"column":0},"end":{"line":7,"column":19}},"8":{"start":{"line":9,"column":0},"end":{"line":9,"column":37}},"9":{"start":{"line":10,"column":0},"end":{"line":10,"column":36}},"12":{"start":{"line":13,"column":0},"end":{"line":13,"column":18}},"13":{"start":{"line":14,"column":0},"end":{"line":14,"column":17}},"15":{"start":{"line":16,"column":0},"end":{"line":16,"column":10}},"16":{"start":{"line":17,"column":0},"end":{"line":17,"column":75}},"17":{"start":{"line":18,"column":0},"end":{"line":18,"column":75}},"18":{"start":{"line":19,"column":0},"end":{"line":19,"column":10}},"20":{"start":{"line":21,"column":0},"end":{"line":21,"column":1}}},"s":{"0":1,"1":1,"3":2,"4":2,"6":2,"8":1,"9":1,"12":1,"13":2,"15":2,"16":2,"17":2,"18":2,"20":2},"branchMap":{"0":{"type":"branch","line":4,"loc":{"start":{"line":4,"column":0},"end":{"line":21,"column":1}},"locations":[{"start":{"line":4,"column":0},"end":{"line":21,"column":1}}]},"1":{"type":"branch","line":7,"loc":{"start":{"line":7,"column":12},"end":{"line":14,"column":5}},"locations":[{"start":{"line":7,"column":12},"end":{"line":14,"column":5}}]}},"b":{"0":[2],"1":[1]},"fnMap":{"0":{"name":"Logout","decl":{"start":{"line":4,"column":0},"end":{"line":21,"column":1}},"loc":{"start":{"line":4,"column":0},"end":{"line":21,"column":1}},"line":4}},"f":{"0":2}}
,"/Users/chomphoo/Desktop/taskmanagement-app/frontend/src/pages/Register.tsx": {"path":"/Users/chomphoo/Desktop/taskmanagement-app/frontend/src/pages/Register.tsx","all":false,"statementMap":{"0":{"start":{"line":1,"column":0},"end":{"line":1,"column":35}},"1":{"start":{"line":2,"column":0},"end":{"line":2,"column":27}},"2":{"start":{"line":3,"column":0},"end":{"line":3,"column":34}},"3":{"start":{"line":4,"column":0},"end":{"line":4,"column":47}},"4":{"start":{"line":5,"column":0},"end":{"line":5,"column":77}},"6":{"start":{"line":7,"column":0},"end":{"line":7,"column":36}},"7":{"start":{"line":8,"column":0},"end":{"line":8,"column":33}},"9":{"start":{"line":10,"column":0},"end":{"line":10,"column":28}},"10":{"start":{"line":11,"column":0},"end":{"line":11,"column":20}},"11":{"start":{"line":12,"column":0},"end":{"line":12,"column":15}},"12":{"start":{"line":13,"column":0},"end":{"line":13,"column":16}},"13":{"start":{"line":14,"column":0},"end":{"line":14,"column":19}},"14":{"start":{"line":15,"column":0},"end":{"line":15,"column":26}},"15":{"start":{"line":16,"column":0},"end":{"line":16,"column":6}},"16":{"start":{"line":17,"column":0},"end":{"line":17,"column":34}},"17":{"start":{"line":18,"column":0},"end":{"line":18,"column":24}},"18":{"start":{"line":19,"column":0},"end":{"line":19,"column":53}},"19":{"start":{"line":20,"column":0},"end":{"line":20,"column":30}},"20":{"start":{"line":21,"column":0},"end":{"line":21,"column":70}},"21":{"start":{"line":22,"column":0},"end":{"line":22,"column":28}},"22":{"start":{"line":23,"column":0},"end":{"line":23,"column":57}},"23":{"start":{"line":24,"column":0},"end":{"line":24,"column":30}},"24":{"start":{"line":25,"column":0},"end":{"line":25,"column":35}},"25":{"start":{"line":26,"column":0},"end":{"line":26,"column":61}},"26":{"start":{"line":27,"column":0},"end":{"line":27,"column":30}},"27":{"start":{"line":28,"column":0},"end":{"line":28,"column":7}},"28":{"start":{"line":29,"column":0},"end":{"line":29,"column":63}},"29":{"start":{"line":30,"column":0},"end":{"line":30,"column":11}},"30":{"start":{"line":31,"column":0},"end":{"line":31,"column":42}},"31":{"start":{"line":32,"column":0},"end":{"line":32,"column":28}},"32":{"start":{"line":33,"column":0},"end":{"line":33,"column":30}},"33":{"start":{"line":34,"column":0},"end":{"line":34,"column":36}},"34":{"start":{"line":35,"column":0},"end":{"line":35,"column":11}},"35":{"start":{"line":36,"column":0},"end":{"line":36,"column":22}},"36":{"start":{"line":37,"column":0},"end":{"line":37,"column":15}},"37":{"start":{"line":38,"column":0},"end":{"line":38,"column":53}},"38":{"start":{"line":39,"column":0},"end":{"line":39,"column":17}},"39":{"start":{"line":40,"column":0},"end":{"line":40,"column":29}},"40":{"start":{"line":41,"column":0},"end":{"line":41,"column":7}},"41":{"start":{"line":42,"column":0},"end":{"line":42,"column":6}},"42":{"start":{"line":43,"column":0},"end":{"line":43,"column":5}},"44":{"start":{"line":45,"column":0},"end":{"line":45,"column":10}},"45":{"start":{"line":46,"column":0},"end":{"line":46,"column":8}},"46":{"start":{"line":47,"column":0},"end":{"line":47,"column":85}},"47":{"start":{"line":48,"column":0},"end":{"line":48,"column":68}},"49":{"start":{"line":50,"column":0},"end":{"line":50,"column":11}},"50":{"start":{"line":51,"column":0},"end":{"line":51,"column":38}},"51":{"start":{"line":52,"column":0},"end":{"line":52,"column":145}},"54":{"start":{"line":55,"column":0},"end":{"line":55,"column":69}},"56":{"start":{"line":57,"column":0},"end":{"line":57,"column":13}},"57":{"start":{"line":58,"column":0},"end":{"line":58,"column":57}},"59":{"start":{"line":60,"column":0},"end":{"line":60,"column":12}},"62":{"start":{"line":63,"column":0},"end":{"line":63,"column":34}},"63":{"start":{"line":64,"column":0},"end":{"line":64,"column":110}},"64":{"start":{"line":65,"column":0},"end":{"line":65,"column":93}},"65":{"start":{"line":66,"column":0},"end":{"line":66,"column":16}},"66":{"start":{"line":67,"column":0},"end":{"line":67,"column":21}},"67":{"start":{"line":68,"column":0},"end":{"line":68,"column":23}},"68":{"start":{"line":69,"column":0},"end":{"line":69,"column":30}},"69":{"start":{"line":70,"column":0},"end":{"line":70,"column":113}},"70":{"start":{"line":71,"column":0},"end":{"line":71,"column":45}},"71":{"start":{"line":72,"column":0},"end":{"line":72,"column":12}},"72":{"start":{"line":73,"column":0},"end":{"line":73,"column":57}},"73":{"start":{"line":74,"column":0},"end":{"line":74,"column":77}},"75":{"start":{"line":76,"column":0},"end":{"line":76,"column":14}},"78":{"start":{"line":79,"column":0},"end":{"line":79,"column":34}},"79":{"start":{"line":80,"column":0},"end":{"line":80,"column":110}},"80":{"start":{"line":81,"column":0},"end":{"line":81,"column":93}},"81":{"start":{"line":82,"column":0},"end":{"line":82,"column":16}},"82":{"start":{"line":83,"column":0},"end":{"line":83,"column":22}},"83":{"start":{"line":84,"column":0},"end":{"line":84,"column":24}},"84":{"start":{"line":85,"column":0},"end":{"line":85,"column":31}},"85":{"start":{"line":86,"column":0},"end":{"line":86,"column":112}},"86":{"start":{"line":87,"column":0},"end":{"line":87,"column":46}},"87":{"start":{"line":88,"column":0},"end":{"line":88,"column":12}},"88":{"start":{"line":89,"column":0},"end":{"line":89,"column":59}},"89":{"start":{"line":90,"column":0},"end":{"line":90,"column":78}},"91":{"start":{"line":92,"column":0},"end":{"line":92,"column":14}},"94":{"start":{"line":95,"column":0},"end":{"line":95,"column":34}},"95":{"start":{"line":96,"column":0},"end":{"line":96,"column":113}},"96":{"start":{"line":97,"column":0},"end":{"line":97,"column":93}},"97":{"start":{"line":98,"column":0},"end":{"line":98,"column":16}},"98":{"start":{"line":99,"column":0},"end":{"line":99,"column":25}},"99":{"start":{"line":100,"column":0},"end":{"line":100,"column":27}},"100":{"start":{"line":101,"column":0},"end":{"line":101,"column":34}},"101":{"start":{"line":102,"column":0},"end":{"line":102,"column":112}},"102":{"start":{"line":103,"column":0},"end":{"line":103,"column":49}},"103":{"start":{"line":104,"column":0},"end":{"line":104,"column":12}},"104":{"start":{"line":105,"column":0},"end":{"line":105,"column":65}},"105":{"start":{"line":106,"column":0},"end":{"line":106,"column":53}},"106":{"start":{"line":107,"column":0},"end":{"line":107,"column":38}},"107":{"start":{"line":108,"column":0},"end":{"line":108,"column":16}},"109":{"start":{"line":110,"column":0},"end":{"line":110,"column":14}},"112":{"start":{"line":113,"column":0},"end":{"line":113,"column":34}},"113":{"start":{"line":114,"column":0},"end":{"line":114,"column":120}},"114":{"start":{"line":115,"column":0},"end":{"line":115,"column":93}},"115":{"start":{"line":116,"column":0},"end":{"line":116,"column":16}},"116":{"start":{"line":117,"column":0},"end":{"line":117,"column":32}},"117":{"start":{"line":118,"column":0},"end":{"line":118,"column":27}},"118":{"start":{"line":119,"column":0},"end":{"line":119,"column":42}},"119":{"start":{"line":120,"column":0},"end":{"line":120,"column":112}},"120":{"start":{"line":121,"column":0},"end":{"line":121,"column":56}},"121":{"start":{"line":122,"column":0},"end":{"line":122,"column":12}},"122":{"start":{"line":123,"column":0},"end":{"line":123,"column":79}},"123":{"start":{"line":124,"column":0},"end":{"line":124,"column":53}},"124":{"start":{"line":125,"column":0},"end":{"line":125,"column":45}},"125":{"start":{"line":126,"column":0},"end":{"line":126,"column":16}},"127":{"start":{"line":128,"column":0},"end":{"line":128,"column":14}},"130":{"start":{"line":131,"column":0},"end":{"line":131,"column":15}},"131":{"start":{"line":132,"column":0},"end":{"line":132,"column":23}},"132":{"start":{"line":133,"column":0},"end":{"line":133,"column":40}},"133":{"start":{"line":134,"column":0},"end":{"line":134,"column":106}},"135":{"start":{"line":136,"column":0},"end":{"line":136,"column":63}},"136":{"start":{"line":137,"column":0},"end":{"line":137,"column":17}},"137":{"start":{"line":138,"column":0},"end":{"line":138,"column":13}},"138":{"start":{"line":139,"column":0},"end":{"line":139,"column":10}},"140":{"start":{"line":141,"column":0},"end":{"line":141,"column":1}}},"s":{"0":1,"1":1,"2":1,"3":1,"4":1,"6":27,"7":27,"9":27,"10":27,"11":27,"12":27,"13":27,"14":27,"15":27,"16":27,"17":27,"18":27,"19":27,"20":27,"21":27,"22":27,"23":27,"24":27,"25":27,"26":27,"27":27,"28":27,"29":2,"30":2,"31":2,"32":2,"33":2,"34":2,"35":1,"36":1,"37":1,"38":2,"39":2,"40":2,"41":2,"42":27,"44":27,"45":27,"46":27,"47":27,"49":27,"50":27,"51":27,"54":27,"56":27,"57":27,"59":27,"62":27,"63":27,"64":27,"65":27,"66":27,"67":27,"68":27,"69":27,"70":27,"71":27,"72":27,"73":1,"75":27,"78":27,"79":27,"80":27,"81":27,"82":27,"83":27,"84":27,"85":27,"86":27,"87":27,"88":27,"89":3,"91":27,"94":27,"95":27,"96":27,"97":27,"98":27,"99":27,"100":27,"101":27,"102":27,"103":27,"104":27,"105":1,"106":1,"107":1,"109":27,"112":27,"113":27,"114":27,"115":27,"116":27,"117":27,"118":27,"119":27,"120":27,"121":27,"122":27,"123":2,"124":2,"125":2,"127":27,"130":27,"131":27,"132":27,"133":27,"135":27,"136":27,"137":27,"138":27,"140":27},"branchMap":{"0":{"type":"branch","line":7,"loc":{"start":{"line":7,"column":0},"end":{"line":141,"column":1}},"locations":[{"start":{"line":7,"column":0},"end":{"line":141,"column":1}}]},"1":{"type":"branch","line":73,"loc":{"start":{"line":73,"column":26},"end":{"line":73,"column":57}},"locations":[{"start":{"line":73,"column":26},"end":{"line":73,"column":57}}]},"2":{"type":"branch","line":73,"loc":{"start":{"line":73,"column":48},"end":{"line":74,"column":77}},"locations":[{"start":{"line":73,"column":48},"end":{"line":74,"column":77}}]},"3":{"type":"branch","line":89,"loc":{"start":{"line":89,"column":26},"end":{"line":89,"column":59}},"locations":[{"start":{"line":89,"column":26},"end":{"line":89,"column":59}}]},"4":{"type":"branch","line":89,"loc":{"start":{"line":89,"column":49},"end":{"line":90,"column":78}},"locations":[{"start":{"line":89,"column":49},"end":{"line":90,"column":78}}]},"5":{"type":"branch","line":105,"loc":{"start":{"line":105,"column":26},"end":{"line":105,"column":65}},"locations":[{"start":{"line":105,"column":26},"end":{"line":105,"column":65}}]},"6":{"type":"branch","line":105,"loc":{"start":{"line":105,"column":52},"end":{"line":108,"column":16}},"locations":[{"start":{"line":105,"column":52},"end":{"line":108,"column":16}}]},"7":{"type":"branch","line":123,"loc":{"start":{"line":123,"column":26},"end":{"line":123,"column":79}},"locations":[{"start":{"line":123,"column":26},"end":{"line":123,"column":79}}]},"8":{"type":"branch","line":123,"loc":{"start":{"line":123,"column":59},"end":{"line":126,"column":16}},"locations":[{"start":{"line":123,"column":59},"end":{"line":126,"column":16}}]},"9":{"type":"branch","line":136,"loc":{"start":{"line":136,"column":18},"end":{"line":136,"column":52}},"locations":[{"start":{"line":136,"column":18},"end":{"line":136,"column":52}}]},"10":{"type":"branch","line":136,"loc":{"start":{"line":136,"column":33},"end":{"line":136,"column":63}},"locations":[{"start":{"line":136,"column":33},"end":{"line":136,"column":63}}]},"11":{"type":"branch","line":29,"loc":{"start":{"line":29,"column":14},"end":{"line":42,"column":6}},"locations":[{"start":{"line":29,"column":14},"end":{"line":42,"column":6}}]},"12":{"type":"branch","line":35,"loc":{"start":{"line":35,"column":9},"end":{"line":39,"column":8}},"locations":[{"start":{"line":35,"column":9},"end":{"line":39,"column":8}}]}},"b":{"0":[27],"1":[6],"2":[1],"3":[8],"4":[3],"5":[6],"6":[1],"7":[8],"8":[2],"9":[3],"10":[24],"11":[2],"12":[1]},"fnMap":{"0":{"name":"Register","decl":{"start":{"line":7,"column":0},"end":{"line":141,"column":1}},"loc":{"start":{"line":7,"column":0},"end":{"line":141,"column":1}},"line":7},"1":{"name":"onSubmit","decl":{"start":{"line":29,"column":14},"end":{"line":42,"column":6}},"loc":{"start":{"line":29,"column":14},"end":{"line":42,"column":6}},"line":29}},"f":{"0":27,"1":2}}
,"/Users/chomphoo/Desktop/taskmanagement-app/frontend/src/pages/Tasks.tsx": {"path":"/Users/chomphoo/Desktop/taskmanagement-app/frontend/src/pages/Tasks.tsx","all":false,"statementMap":{"1":{"start":{"line":2,"column":0},"end":{"line":2,"column":44}},"2":{"start":{"line":3,"column":0},"end":{"line":3,"column":34}},"3":{"start":{"line":4,"column":0},"end":{"line":4,"column":35}},"4":{"start":{"line":5,"column":0},"end":{"line":5,"column":27}},"5":{"start":{"line":6,"column":0},"end":{"line":6,"column":49}},"6":{"start":{"line":7,"column":0},"end":{"line":7,"column":60}},"15":{"start":{"line":16,"column":0},"end":{"line":16,"column":33}},"16":{"start":{"line":17,"column":0},"end":{"line":17,"column":49}},"17":{"start":{"line":18,"column":0},"end":{"line":18,"column":47}},"18":{"start":{"line":19,"column":0},"end":{"line":19,"column":66}},"19":{"start":{"line":20,"column":0},"end":{"line":20,"column":79}},"21":{"start":{"line":22,"column":0},"end":{"line":22,"column":34}},"22":{"start":{"line":23,"column":0},"end":{"line":23,"column":9}},"23":{"start":{"line":24,"column":0},"end":{"line":24,"column":42}},"24":{"start":{"line":25,"column":0},"end":{"line":25,"column":25}},"25":{"start":{"line":26,"column":0},"end":{"line":26,"column":19}},"26":{"start":{"line":27,"column":0},"end":{"line":27,"column":25}},"27":{"start":{"line":28,"column":0},"end":{"line":28,"column":15}},"28":{"start":{"line":29,"column":0},"end":{"line":29,"column":24}},"29":{"start":{"line":30,"column":0},"end":{"line":30,"column":5}},"30":{"start":{"line":31,"column":0},"end":{"line":31,"column":4}},"32":{"start":{"line":33,"column":0},"end":{"line":33,"column":19}},"33":{"start":{"line":34,"column":0},"end":{"line":34,"column":17}},"34":{"start":{"line":35,"column":0},"end":{"line":35,"column":9}},"36":{"start":{"line":37,"column":0},"end":{"line":37,"column":28}},"37":{"start":{"line":38,"column":0},"end":{"line":38,"column":20}},"38":{"start":{"line":39,"column":0},"end":{"line":39,"column":16}},"39":{"start":{"line":40,"column":0},"end":{"line":40,"column":22}},"40":{"start":{"line":41,"column":0},"end":{"line":41,"column":6}},"41":{"start":{"line":42,"column":0},"end":{"line":42,"column":34}},"42":{"start":{"line":43,"column":0},"end":{"line":43,"column":56}},"43":{"start":{"line":44,"column":0},"end":{"line":44,"column":7}},"44":{"start":{"line":45,"column":0},"end":{"line":45,"column":48}},"45":{"start":{"line":46,"column":0},"end":{"line":46,"column":11}},"46":{"start":{"line":47,"column":0},"end":{"line":47,"column":53}},"47":{"start":{"line":48,"column":0},"end":{"line":48,"column":48}},"48":{"start":{"line":49,"column":0},"end":{"line":49,"column":20}},"49":{"start":{"line":50,"column":0},"end":{"line":50,"column":21}},"50":{"start":{"line":51,"column":0},"end":{"line":51,"column":27}},"51":{"start":{"line":52,"column":0},"end":{"line":52,"column":7}},"52":{"start":{"line":53,"column":0},"end":{"line":53,"column":6}},"53":{"start":{"line":54,"column":0},"end":{"line":54,"column":5}},"55":{"start":{"line":56,"column":0},"end":{"line":56,"column":46}},"56":{"start":{"line":57,"column":0},"end":{"line":57,"column":14}},"57":{"start":{"line":58,"column":0},"end":{"line":58,"column":39}},"58":{"start":{"line":59,"column":0},"end":{"line":59,"column":13}},"59":{"start":{"line":60,"column":0},"end":{"line":60,"column":5}},"60":{"start":{"line":61,"column":0},"end":{"line":61,"column":71}},"61":{"start":{"line":62,"column":0},"end":{"line":62,"column":9}},"62":{"start":{"line":63,"column":0},"end":{"line":63,"column":39}},"63":{"start":{"line":64,"column":0},"end":{"line":64,"column":64}},"64":{"start":{"line":65,"column":0},"end":{"line":65,"column":37}},"65":{"start":{"line":66,"column":0},"end":{"line":66,"column":19}},"66":{"start":{"line":67,"column":0},"end":{"line":67,"column":51}},"67":{"start":{"line":68,"column":0},"end":{"line":68,"column":44}},"68":{"start":{"line":69,"column":0},"end":{"line":69,"column":5}},"69":{"start":{"line":70,"column":0},"end":{"line":70,"column":4}},"71":{"start":{"line":72,"column":0},"end":{"line":72,"column":38}},"72":{"start":{"line":73,"column":0},"end":{"line":73,"column":26}},"73":{"start":{"line":74,"column":0},"end":{"line":74,"column":78}},"74":{"start":{"line":75,"column":0},"end":{"line":75,"column":4}},"76":{"start":{"line":77,"column":0},"end":{"line":77,"column":44}},"77":{"start":{"line":78,"column":0},"end":{"line":78,"column":9}},"78":{"start":{"line":79,"column":0},"end":{"line":79,"column":62}},"79":{"start":{"line":80,"column":0},"end":{"line":80,"column":24}},"80":{"start":{"line":81,"column":0},"end":{"line":81,"column":62}},"81":{"start":{"line":82,"column":0},"end":{"line":82,"column":8}},"82":{"start":{"line":83,"column":0},"end":{"line":83,"column":25}},"83":{"start":{"line":84,"column":0},"end":{"line":84,"column":37}},"84":{"start":{"line":85,"column":0},"end":{"line":85,"column":19}},"85":{"start":{"line":86,"column":0},"end":{"line":86,"column":49}},"86":{"start":{"line":87,"column":0},"end":{"line":87,"column":44}},"87":{"start":{"line":88,"column":0},"end":{"line":88,"column":5}},"88":{"start":{"line":89,"column":0},"end":{"line":89,"column":4}},"90":{"start":{"line":91,"column":0},"end":{"line":91,"column":36}},"91":{"start":{"line":92,"column":0},"end":{"line":92,"column":15}},"92":{"start":{"line":93,"column":0},"end":{"line":93,"column":54}},"93":{"start":{"line":94,"column":0},"end":{"line":94,"column":8}},"94":{"start":{"line":95,"column":0},"end":{"line":95,"column":9}},"95":{"start":{"line":96,"column":0},"end":{"line":96,"column":73}},"96":{"start":{"line":97,"column":0},"end":{"line":97,"column":24}},"97":{"start":{"line":98,"column":0},"end":{"line":98,"column":26}},"98":{"start":{"line":99,"column":0},"end":{"line":99,"column":70}},"99":{"start":{"line":100,"column":0},"end":{"line":100,"column":9}},"100":{"start":{"line":101,"column":0},"end":{"line":101,"column":8}},"101":{"start":{"line":102,"column":0},"end":{"line":102,"column":39}},"102":{"start":{"line":103,"column":0},"end":{"line":103,"column":19}},"103":{"start":{"line":104,"column":0},"end":{"line":104,"column":53}},"104":{"start":{"line":105,"column":0},"end":{"line":105,"column":46}},"105":{"start":{"line":106,"column":0},"end":{"line":106,"column":5}},"106":{"start":{"line":107,"column":0},"end":{"line":107,"column":4}},"108":{"start":{"line":109,"column":0},"end":{"line":109,"column":79}},"109":{"start":{"line":110,"column":0},"end":{"line":110,"column":21}},"110":{"start":{"line":111,"column":0},"end":{"line":111,"column":21}},"111":{"start":{"line":112,"column":0},"end":{"line":112,"column":33}},"112":{"start":{"line":113,"column":0},"end":{"line":113,"column":25}},"113":{"start":{"line":114,"column":0},"end":{"line":114,"column":31}},"114":{"start":{"line":115,"column":0},"end":{"line":115,"column":23}},"115":{"start":{"line":116,"column":0},"end":{"line":116,"column":32}},"116":{"start":{"line":117,"column":0},"end":{"line":117,"column":14}},"117":{"start":{"line":118,"column":0},"end":{"line":118,"column":31}},"118":{"start":{"line":119,"column":0},"end":{"line":119,"column":5}},"119":{"start":{"line":120,"column":0},"end":{"line":120,"column":4}},"121":{"start":{"line":122,"column":0},"end":{"line":122,"column":10}},"122":{"start":{"line":123,"column":0},"end":{"line":123,"column":21}},"123":{"start":{"line":124,"column":0},"end":{"line":124,"column":52}},"124":{"start":{"line":125,"column":0},"end":{"line":125,"column":78}},"126":{"start":{"line":127,"column":0},"end":{"line":127,"column":13}},"127":{"start":{"line":128,"column":0},"end":{"line":128,"column":40}},"128":{"start":{"line":129,"column":0},"end":{"line":129,"column":71}},"130":{"start":{"line":131,"column":0},"end":{"line":131,"column":16}},"131":{"start":{"line":132,"column":0},"end":{"line":132,"column":23}},"132":{"start":{"line":133,"column":0},"end":{"line":133,"column":31}},"133":{"start":{"line":134,"column":0},"end":{"line":134,"column":104}},"134":{"start":{"line":135,"column":0},"end":{"line":135,"column":46}},"135":{"start":{"line":136,"column":0},"end":{"line":136,"column":12}},"136":{"start":{"line":137,"column":0},"end":{"line":137,"column":59}},"137":{"start":{"line":138,"column":0},"end":{"line":138,"column":73}},"140":{"start":{"line":141,"column":0},"end":{"line":141,"column":19}},"141":{"start":{"line":142,"column":0},"end":{"line":142,"column":48}},"142":{"start":{"line":143,"column":0},"end":{"line":143,"column":104}},"143":{"start":{"line":144,"column":0},"end":{"line":144,"column":20}},"144":{"start":{"line":145,"column":0},"end":{"line":145,"column":52}},"145":{"start":{"line":146,"column":0},"end":{"line":146,"column":12}},"147":{"start":{"line":148,"column":0},"end":{"line":148,"column":17}},"148":{"start":{"line":149,"column":0},"end":{"line":149,"column":25}},"149":{"start":{"line":150,"column":0},"end":{"line":150,"column":102}},"150":{"start":{"line":151,"column":0},"end":{"line":151,"column":42}},"152":{"start":{"line":153,"column":0},"end":{"line":153,"column":64}},"153":{"start":{"line":154,"column":0},"end":{"line":154,"column":19}},"154":{"start":{"line":155,"column":0},"end":{"line":155,"column":15}},"156":{"start":{"line":157,"column":0},"end":{"line":157,"column":20}},"157":{"start":{"line":158,"column":0},"end":{"line":158,"column":27}},"158":{"start":{"line":159,"column":0},"end":{"line":159,"column":34}},"159":{"start":{"line":160,"column":0},"end":{"line":160,"column":70}},"161":{"start":{"line":162,"column":0},"end":{"line":162,"column":36}},"162":{"start":{"line":163,"column":0},"end":{"line":163,"column":34}},"163":{"start":{"line":164,"column":0},"end":{"line":164,"column":17}},"164":{"start":{"line":165,"column":0},"end":{"line":165,"column":29}},"165":{"start":{"line":166,"column":0},"end":{"line":166,"column":116}},"167":{"start":{"line":168,"column":0},"end":{"line":168,"column":21}},"168":{"start":{"line":169,"column":0},"end":{"line":169,"column":44}},"169":{"start":{"line":170,"column":0},"end":{"line":170,"column":47}},"170":{"start":{"line":171,"column":0},"end":{"line":171,"column":28}},"171":{"start":{"line":172,"column":0},"end":{"line":172,"column":35}},"172":{"start":{"line":173,"column":0},"end":{"line":173,"column":48}},"173":{"start":{"line":174,"column":0},"end":{"line":174,"column":40}},"174":{"start":{"line":175,"column":0},"end":{"line":175,"column":41}},"175":{"start":{"line":176,"column":0},"end":{"line":176,"column":42}},"176":{"start":{"line":177,"column":0},"end":{"line":177,"column":50}},"177":{"start":{"line":178,"column":0},"end":{"line":178,"column":28}},"179":{"start":{"line":180,"column":0},"end":{"line":180,"column":64}},"180":{"start":{"line":181,"column":0},"end":{"line":181,"column":24}},"181":{"start":{"line":182,"column":0},"end":{"line":182,"column":31}},"182":{"start":{"line":183,"column":0},"end":{"line":183,"column":54}},"183":{"start":{"line":184,"column":0},"end":{"line":184,"column":40}},"184":{"start":{"line":185,"column":0},"end":{"line":185,"column":41}},"185":{"start":{"line":186,"column":0},"end":{"line":186,"column":42}},"186":{"start":{"line":187,"column":0},"end":{"line":187,"column":56}},"187":{"start":{"line":188,"column":0},"end":{"line":188,"column":28}},"189":{"start":{"line":190,"column":0},"end":{"line":190,"column":64}},"190":{"start":{"line":191,"column":0},"end":{"line":191,"column":32}},"191":{"start":{"line":192,"column":0},"end":{"line":192,"column":24}},"192":{"start":{"line":193,"column":0},"end":{"line":193,"column":50}},"193":{"start":{"line":194,"column":0},"end":{"line":194,"column":31}},"194":{"start":{"line":195,"column":0},"end":{"line":195,"column":61}},"195":{"start":{"line":196,"column":0},"end":{"line":196,"column":101}},"196":{"start":{"line":197,"column":0},"end":{"line":197,"column":25}},"198":{"start":{"line":199,"column":0},"end":{"line":199,"column":33}},"199":{"start":{"line":200,"column":0},"end":{"line":200,"column":31}},"200":{"start":{"line":201,"column":0},"end":{"line":201,"column":60}},"201":{"start":{"line":202,"column":0},"end":{"line":202,"column":99}},"202":{"start":{"line":203,"column":0},"end":{"line":203,"column":25}},"204":{"start":{"line":205,"column":0},"end":{"line":205,"column":33}},"205":{"start":{"line":206,"column":0},"end":{"line":206,"column":28}},"206":{"start":{"line":207,"column":0},"end":{"line":207,"column":26}},"208":{"start":{"line":209,"column":0},"end":{"line":209,"column":22}},"209":{"start":{"line":210,"column":0},"end":{"line":210,"column":73}},"210":{"start":{"line":211,"column":0},"end":{"line":211,"column":44}},"211":{"start":{"line":212,"column":0},"end":{"line":212,"column":61}},"212":{"start":{"line":213,"column":0},"end":{"line":213,"column":44}},"213":{"start":{"line":214,"column":0},"end":{"line":214,"column":28}},"215":{"start":{"line":216,"column":0},"end":{"line":216,"column":23}},"217":{"start":{"line":218,"column":0},"end":{"line":218,"column":22}},"219":{"start":{"line":220,"column":0},"end":{"line":220,"column":67}},"220":{"start":{"line":221,"column":0},"end":{"line":221,"column":20}},"221":{"start":{"line":222,"column":0},"end":{"line":222,"column":71}},"222":{"start":{"line":223,"column":0},"end":{"line":223,"column":33}},"223":{"start":{"line":224,"column":0},"end":{"line":224,"column":24}},"224":{"start":{"line":225,"column":0},"end":{"line":225,"column":19}},"226":{"start":{"line":227,"column":0},"end":{"line":227,"column":27}},"227":{"start":{"line":228,"column":0},"end":{"line":228,"column":41}},"228":{"start":{"line":229,"column":0},"end":{"line":229,"column":38}},"229":{"start":{"line":230,"column":0},"end":{"line":230,"column":43}},"230":{"start":{"line":231,"column":0},"end":{"line":231,"column":34}},"231":{"start":{"line":232,"column":0},"end":{"line":232,"column":58}},"232":{"start":{"line":233,"column":0},"end":{"line":233,"column":25}},"234":{"start":{"line":235,"column":0},"end":{"line":235,"column":68}},"236":{"start":{"line":237,"column":0},"end":{"line":237,"column":62}},"237":{"start":{"line":238,"column":0},"end":{"line":238,"column":70}},"238":{"start":{"line":239,"column":0},"end":{"line":239,"column":66}},"239":{"start":{"line":240,"column":0},"end":{"line":240,"column":29}},"240":{"start":{"line":241,"column":0},"end":{"line":241,"column":22}},"242":{"start":{"line":243,"column":0},"end":{"line":243,"column":45}},"243":{"start":{"line":244,"column":0},"end":{"line":244,"column":52}},"244":{"start":{"line":245,"column":0},"end":{"line":245,"column":29}},"245":{"start":{"line":246,"column":0},"end":{"line":246,"column":56}},"246":{"start":{"line":247,"column":0},"end":{"line":247,"column":109}},"247":{"start":{"line":248,"column":0},"end":{"line":248,"column":23}},"249":{"start":{"line":250,"column":0},"end":{"line":250,"column":31}},"250":{"start":{"line":251,"column":0},"end":{"line":251,"column":29}},"251":{"start":{"line":252,"column":0},"end":{"line":252,"column":61}},"252":{"start":{"line":253,"column":0},"end":{"line":253,"column":103}},"253":{"start":{"line":254,"column":0},"end":{"line":254,"column":23}},"255":{"start":{"line":256,"column":0},"end":{"line":256,"column":31}},"256":{"start":{"line":257,"column":0},"end":{"line":257,"column":26}},"258":{"start":{"line":259,"column":0},"end":{"line":259,"column":22}},"259":{"start":{"line":260,"column":0},"end":{"line":260,"column":19}},"260":{"start":{"line":261,"column":0},"end":{"line":261,"column":15}},"261":{"start":{"line":262,"column":0},"end":{"line":262,"column":15}},"263":{"start":{"line":264,"column":0},"end":{"line":264,"column":19}},"264":{"start":{"line":265,"column":0},"end":{"line":265,"column":12}},"265":{"start":{"line":266,"column":0},"end":{"line":266,"column":22}},"267":{"start":{"line":268,"column":0},"end":{"line":268,"column":1}}},"s":{"1":1,"2":1,"3":1,"4":1,"5":1,"6":1,"15":44,"16":44,"17":44,"18":44,"19":44,"21":44,"22":15,"23":15,"24":13,"25":15,"26":1,"27":15,"28":14,"29":14,"30":15,"32":44,"33":15,"34":44,"36":44,"37":44,"38":44,"39":44,"40":44,"41":44,"42":44,"43":44,"44":44,"45":2,"46":2,"47":1,"48":1,"49":1,"50":1,"51":1,"52":2,"53":44,"55":44,"56":2,"57":0,"58":0,"59":0,"60":2,"61":2,"62":2,"63":1,"64":1,"65":1,"66":1,"67":1,"68":1,"69":2,"71":44,"72":3,"73":3,"74":3,"76":44,"77":2,"78":2,"79":1,"80":1,"81":1,"82":1,"83":1,"84":1,"85":1,"86":1,"87":1,"88":2,"90":44,"91":2,"92":2,"93":2,"94":2,"95":2,"96":1,"97":1,"98":2,"99":1,"100":1,"101":1,"102":1,"103":1,"104":1,"105":1,"106":2,"108":44,"109":52,"110":52,"111":25,"112":52,"113":25,"114":52,"115":1,"116":52,"117":1,"118":52,"119":52,"121":44,"122":44,"123":44,"124":44,"126":44,"127":44,"128":44,"130":44,"131":44,"132":44,"133":44,"134":44,"135":44,"136":44,"137":0,"140":44,"141":44,"142":44,"143":44,"144":44,"145":44,"147":44,"148":44,"149":44,"150":44,"152":44,"153":44,"154":44,"156":44,"157":15,"158":29,"159":2,"161":27,"162":27,"163":52,"164":52,"165":52,"167":52,"168":52,"169":5,"170":5,"171":5,"172":5,"173":5,"174":2,"175":2,"176":2,"177":2,"179":5,"180":5,"181":5,"182":5,"183":5,"184":0,"185":0,"186":0,"187":0,"189":5,"190":5,"191":5,"192":5,"193":5,"194":5,"195":5,"196":5,"198":5,"199":5,"200":5,"201":5,"202":5,"204":5,"205":5,"206":5,"208":47,"209":47,"210":47,"211":44,"212":44,"213":44,"215":47,"217":52,"219":52,"220":52,"221":52,"222":52,"223":52,"224":52,"226":52,"227":52,"228":52,"229":2,"230":2,"231":2,"232":2,"234":52,"236":52,"237":52,"238":52,"239":52,"240":52,"242":52,"243":47,"244":47,"245":47,"246":47,"247":47,"249":47,"250":47,"251":47,"252":47,"253":47,"255":47,"256":47,"258":52,"259":52,"260":27,"261":27,"263":44,"264":44,"265":44,"267":44},"branchMap":{"0":{"type":"branch","line":16,"loc":{"start":{"line":16,"column":0},"end":{"line":268,"column":1}},"locations":[{"start":{"line":16,"column":0},"end":{"line":268,"column":1}}]},"1":{"type":"branch","line":137,"loc":{"start":{"line":137,"column":26},"end":{"line":137,"column":59}},"locations":[{"start":{"line":137,"column":26},"end":{"line":137,"column":59}}]},"2":{"type":"branch","line":137,"loc":{"start":{"line":137,"column":49},"end":{"line":138,"column":73}},"locations":[{"start":{"line":137,"column":49},"end":{"line":138,"column":73}}]},"3":{"type":"branch","line":153,"loc":{"start":{"line":153,"column":20},"end":{"line":153,"column":51}},"locations":[{"start":{"line":153,"column":20},"end":{"line":153,"column":51}}]},"4":{"type":"branch","line":153,"loc":{"start":{"line":153,"column":35},"end":{"line":153,"column":64}},"locations":[{"start":{"line":153,"column":35},"end":{"line":153,"column":64}}]},"5":{"type":"branch","line":157,"loc":{"start":{"line":157,"column":9},"end":{"line":158,"column":27}},"locations":[{"start":{"line":157,"column":9},"end":{"line":158,"column":27}}]},"6":{"type":"branch","line":158,"loc":{"start":{"line":158,"column":23},"end":{"line":262,"column":15}},"locations":[{"start":{"line":158,"column":23},"end":{"line":262,"column":15}}]},"7":{"type":"branch","line":159,"loc":{"start":{"line":159,"column":29},"end":{"line":160,"column":70}},"locations":[{"start":{"line":159,"column":29},"end":{"line":160,"column":70}}]},"8":{"type":"branch","line":160,"loc":{"start":{"line":160,"column":66},"end":{"line":262,"column":15}},"locations":[{"start":{"line":160,"column":66},"end":{"line":262,"column":15}}]},"9":{"type":"branch","line":22,"loc":{"start":{"line":22,"column":21},"end":{"line":31,"column":4}},"locations":[{"start":{"line":22,"column":21},"end":{"line":31,"column":4}}]},"10":{"type":"branch","line":24,"loc":{"start":{"line":24,"column":40},"end":{"line":26,"column":13}},"locations":[{"start":{"line":24,"column":40},"end":{"line":26,"column":13}}]},"11":{"type":"branch","line":26,"loc":{"start":{"line":26,"column":4},"end":{"line":28,"column":6}},"locations":[{"start":{"line":26,"column":4},"end":{"line":28,"column":6}}]},"12":{"type":"branch","line":28,"loc":{"start":{"line":28,"column":4},"end":{"line":30,"column":5}},"locations":[{"start":{"line":28,"column":4},"end":{"line":30,"column":5}}]},"13":{"type":"branch","line":33,"loc":{"start":{"line":33,"column":12},"end":{"line":35,"column":5}},"locations":[{"start":{"line":33,"column":12},"end":{"line":35,"column":5}}]},"14":{"type":"branch","line":45,"loc":{"start":{"line":45,"column":14},"end":{"line":53,"column":6}},"locations":[{"start":{"line":45,"column":14},"end":{"line":53,"column":6}}]},"15":{"type":"branch","line":47,"loc":{"start":{"line":47,"column":51},"end":{"line":52,"column":7}},"locations":[{"start":{"line":47,"column":51},"end":{"line":52,"column":7}}]},"16":{"type":"branch","line":48,"loc":{"start":{"line":48,"column":17},"end":{"line":48,"column":46}},"locations":[{"start":{"line":48,"column":17},"end":{"line":48,"column":46}}]},"17":{"type":"branch","line":56,"loc":{"start":{"line":56,"column":23},"end":{"line":70,"column":4}},"locations":[{"start":{"line":56,"column":23},"end":{"line":70,"column":4}}]},"18":{"type":"branch","line":57,"loc":{"start":{"line":57,"column":13},"end":{"line":60,"column":5}},"locations":[{"start":{"line":57,"column":13},"end":{"line":60,"column":5}}]},"19":{"type":"branch","line":61,"loc":{"start":{"line":61,"column":64},"end":{"line":61,"column":71}},"locations":[{"start":{"line":61,"column":64},"end":{"line":61,"column":71}}]},"20":{"type":"branch","line":63,"loc":{"start":{"line":63,"column":37},"end":{"line":69,"column":5}},"locations":[{"start":{"line":63,"column":37},"end":{"line":69,"column":5}}]},"21":{"type":"branch","line":64,"loc":{"start":{"line":64,"column":15},"end":{"line":64,"column":62}},"locations":[{"start":{"line":64,"column":15},"end":{"line":64,"column":62}}]},"22":{"type":"branch","line":64,"loc":{"start":{"line":64,"column":37},"end":{"line":64,"column":61}},"locations":[{"start":{"line":64,"column":37},"end":{"line":64,"column":61}}]},"23":{"type":"branch","line":72,"loc":{"start":{"line":72,"column":21},"end":{"line":75,"column":4}},"locations":[{"start":{"line":72,"column":21},"end":{"line":75,"column":4}}]},"24":{"type":"branch","line":74,"loc":{"start":{"line":74,"column":57},"end":{"line":74,"column":75}},"locations":[{"start":{"line":74,"column":57},"end":{"line":74,"column":75}}]},"25":{"type":"branch","line":77,"loc":{"start":{"line":77,"column":21},"end":{"line":89,"column":4}},"locations":[{"start":{"line":77,"column":21},"end":{"line":89,"column":4}}]},"26":{"type":"branch","line":79,"loc":{"start":{"line":79,"column":60},"end":{"line":88,"column":5}},"locations":[{"start":{"line":79,"column":60},"end":{"line":88,"column":5}}]},"27":{"type":"branch","line":80,"loc":{"start":{"line":80,"column":15},"end":{"line":81,"column":62}},"locations":[{"start":{"line":80,"column":15},"end":{"line":81,"column":62}}]},"28":{"type":"branch","line":81,"loc":{"start":{"line":81,"column":17},"end":{"line":81,"column":61}},"locations":[{"start":{"line":81,"column":17},"end":{"line":81,"column":61}}]},"29":{"type":"branch","line":81,"loc":{"start":{"line":81,"column":40},"end":{"line":81,"column":56}},"locations":[{"start":{"line":81,"column":40},"end":{"line":81,"column":56}}]},"30":{"type":"branch","line":81,"loc":{"start":{"line":81,"column":49},"end":{"line":81,"column":61}},"locations":[{"start":{"line":81,"column":49},"end":{"line":81,"column":61}}]},"31":{"type":"branch","line":91,"loc":{"start":{"line":91,"column":29},"end":{"line":107,"column":4}},"locations":[{"start":{"line":91,"column":29},"end":{"line":107,"column":4}}]},"32":{"type":"branch","line":96,"loc":{"start":{"line":96,"column":71},"end":{"line":106,"column":5}},"locations":[{"start":{"line":96,"column":71},"end":{"line":106,"column":5}}]},"33":{"type":"branch","line":97,"loc":{"start":{"line":97,"column":15},"end":{"line":100,"column":9}},"locations":[{"start":{"line":97,"column":15},"end":{"line":100,"column":9}}]},"34":{"type":"branch","line":98,"loc":{"start":{"line":98,"column":17},"end":{"line":99,"column":70}},"locations":[{"start":{"line":98,"column":17},"end":{"line":99,"column":70}}]},"35":{"type":"branch","line":99,"loc":{"start":{"line":99,"column":22},"end":{"line":99,"column":66}},"locations":[{"start":{"line":99,"column":22},"end":{"line":99,"column":66}}]},"36":{"type":"branch","line":99,"loc":{"start":{"line":99,"column":62},"end":{"line":99,"column":70}},"locations":[{"start":{"line":99,"column":62},"end":{"line":99,"column":70}}]},"37":{"type":"branch","line":109,"loc":{"start":{"line":109,"column":25},"end":{"line":120,"column":4}},"locations":[{"start":{"line":109,"column":25},"end":{"line":120,"column":4}}]},"38":{"type":"branch","line":111,"loc":{"start":{"line":111,"column":6},"end":{"line":112,"column":33}},"locations":[{"start":{"line":111,"column":6},"end":{"line":112,"column":33}}]},"39":{"type":"branch","line":113,"loc":{"start":{"line":113,"column":6},"end":{"line":114,"column":31}},"locations":[{"start":{"line":113,"column":6},"end":{"line":114,"column":31}}]},"40":{"type":"branch","line":115,"loc":{"start":{"line":115,"column":6},"end":{"line":116,"column":32}},"locations":[{"start":{"line":115,"column":6},"end":{"line":116,"column":32}}]},"41":{"type":"branch","line":117,"loc":{"start":{"line":117,"column":6},"end":{"line":118,"column":31}},"locations":[{"start":{"line":117,"column":6},"end":{"line":118,"column":31}}]},"42":{"type":"branch","line":163,"loc":{"start":{"line":163,"column":23},"end":{"line":260,"column":19}},"locations":[{"start":{"line":163,"column":23},"end":{"line":260,"column":19}}]},"43":{"type":"branch","line":169,"loc":{"start":{"line":169,"column":38},"end":{"line":207,"column":26}},"locations":[{"start":{"line":169,"column":38},"end":{"line":207,"column":26}}]},"44":{"type":"branch","line":207,"loc":{"start":{"line":207,"column":20},"end":{"line":216,"column":23}},"locations":[{"start":{"line":207,"column":20},"end":{"line":216,"column":23}}]},"45":{"type":"branch","line":211,"loc":{"start":{"line":211,"column":28},"end":{"line":214,"column":28}},"locations":[{"start":{"line":211,"column":28},"end":{"line":214,"column":28}}]},"46":{"type":"branch","line":243,"loc":{"start":{"line":243,"column":38},"end":{"line":257,"column":26}},"locations":[{"start":{"line":243,"column":38},"end":{"line":257,"column":26}}]},"47":{"type":"branch","line":174,"loc":{"start":{"line":174,"column":34},"end":{"line":178,"column":28}},"locations":[{"start":{"line":174,"column":34},"end":{"line":178,"column":28}}]},"48":{"type":"branch","line":195,"loc":{"start":{"line":195,"column":35},"end":{"line":195,"column":61}},"locations":[{"start":{"line":195,"column":35},"end":{"line":195,"column":61}}]},"49":{"type":"branch","line":201,"loc":{"start":{"line":201,"column":35},"end":{"line":201,"column":60}},"locations":[{"start":{"line":201,"column":35},"end":{"line":201,"column":60}}]},"50":{"type":"branch","line":229,"loc":{"start":{"line":229,"column":32},"end":{"line":233,"column":25}},"locations":[{"start":{"line":229,"column":32},"end":{"line":233,"column":25}}]},"51":{"type":"branch","line":246,"loc":{"start":{"line":246,"column":33},"end":{"line":246,"column":56}},"locations":[{"start":{"line":246,"column":33},"end":{"line":246,"column":56}}]},"52":{"type":"branch","line":252,"loc":{"start":{"line":252,"column":33},"end":{"line":252,"column":61}},"locations":[{"start":{"line":252,"column":33},"end":{"line":252,"column":61}}]}},"b":{"0":[44],"1":[3],"2":[0],"3":[2],"4":[42],"5":[15],"6":[29],"7":[2],"8":[27],"9":[15],"10":[13],"11":[1],"12":[14],"13":[15],"14":[2],"15":[1],"16":[1],"17":[2],"18":[0],"19":[0],"20":[1],"21":[1],"22":[2],"23":[3],"24":[0],"25":[2],"26":[1],"27":[1],"28":[2],"29":[1],"30":[1],"31":[2],"32":[1],"33":[1],"34":[2],"35":[1],"36":[1],"37":[52],"38":[25],"39":[25],"40":[1],"41":[1],"42":[52],"43":[5],"44":[47],"45":[44],"46":[47],"47":[2],"48":[2],"49":[1],"50":[2],"51":[3],"52":[2]},"fnMap":{"0":{"name":"Tasks","decl":{"start":{"line":16,"column":0},"end":{"line":268,"column":1}},"loc":{"start":{"line":16,"column":0},"end":{"line":268,"column":1}},"line":16},"1":{"name":"fetchTasks","decl":{"start":{"line":22,"column":21},"end":{"line":31,"column":4}},"loc":{"start":{"line":22,"column":21},"end":{"line":31,"column":4}},"line":22},"2":{"name":"onSubmit","decl":{"start":{"line":45,"column":14},"end":{"line":53,"column":6}},"loc":{"start":{"line":45,"column":14},"end":{"line":53,"column":6}},"line":45},"3":{"name":"handleDelete","decl":{"start":{"line":56,"column":23},"end":{"line":70,"column":4}},"loc":{"start":{"line":56,"column":23},"end":{"line":70,"column":4}},"line":56},"4":{"name":"handleEdit","decl":{"start":{"line":72,"column":21},"end":{"line":75,"column":4}},"loc":{"start":{"line":72,"column":21},"end":{"line":75,"column":4}},"line":72},"5":{"name":"handleSave","decl":{"start":{"line":77,"column":21},"end":{"line":89,"column":4}},"loc":{"start":{"line":77,"column":21},"end":{"line":89,"column":4}},"line":77},"6":{"name":"handleStatusChange","decl":{"start":{"line":91,"column":29},"end":{"line":107,"column":4}},"loc":{"start":{"line":91,"column":29},"end":{"line":107,"column":4}},"line":91},"7":{"name":"getStatusColor","decl":{"start":{"line":109,"column":25},"end":{"line":120,"column":4}},"loc":{"start":{"line":109,"column":25},"end":{"line":120,"column":4}},"line":109},"8":{"name":"onChange","decl":{"start":{"line":174,"column":34},"end":{"line":178,"column":28}},"loc":{"start":{"line":174,"column":34},"end":{"line":178,"column":28}},"line":174},"9":{"name":"onChange","decl":{"start":{"line":184,"column":34},"end":{"line":188,"column":28}},"loc":{"start":{"line":184,"column":34},"end":{"line":188,"column":28}},"line":184},"10":{"name":"onClick","decl":{"start":{"line":195,"column":35},"end":{"line":195,"column":61}},"loc":{"start":{"line":195,"column":35},"end":{"line":195,"column":61}},"line":195},"11":{"name":"onClick","decl":{"start":{"line":201,"column":35},"end":{"line":201,"column":60}},"loc":{"start":{"line":201,"column":35},"end":{"line":201,"column":60}},"line":201},"12":{"name":"onChange","decl":{"start":{"line":229,"column":32},"end":{"line":233,"column":25}},"loc":{"start":{"line":229,"column":32},"end":{"line":233,"column":25}},"line":229},"13":{"name":"onClick","decl":{"start":{"line":246,"column":33},"end":{"line":246,"column":56}},"loc":{"start":{"line":246,"column":33},"end":{"line":246,"column":56}},"line":246},"14":{"name":"onClick","decl":{"start":{"line":252,"column":33},"end":{"line":252,"column":61}},"loc":{"start":{"line":252,"column":33},"end":{"line":252,"column":61}},"line":252}},"f":{"0":44,"1":15,"2":2,"3":2,"4":3,"5":2,"6":2,"7":52,"8":2,"9":0,"10":2,"11":1,"12":2,"13":3,"14":2}}
,"/Users/chomphoo/Desktop/taskmanagement-app/frontend/src/services/api.ts": {"path":"/Users/chomphoo/Desktop/taskmanagement-app/frontend/src/services/api.ts","all":true,"statementMap":{"0":{"start":{"line":1,"column":0},"end":{"line":1,"column":26}},"2":{"start":{"line":3,"column":0},"end":{"line":3,"column":26}},"3":{"start":{"line":4,"column":0},"end":{"line":4,"column":55}},"4":{"start":{"line":5,"column":0},"end":{"line":5,"column":3}},"7":{"start":{"line":8,"column":0},"end":{"line":8,"column":42}},"8":{"start":{"line":9,"column":0},"end":{"line":9,"column":46}},"9":{"start":{"line":10,"column":0},"end":{"line":10,"column":62}},"10":{"start":{"line":11,"column":0},"end":{"line":11,"column":16}},"11":{"start":{"line":12,"column":0},"end":{"line":12,"column":3}},"13":{"start":{"line":14,"column":0},"end":{"line":14,"column":19}}},"s":{"0":0,"2":0,"3":0,"4":0,"7":0,"8":0,"9":0,"10":0,"11":0,"13":0},"branchMap":{"0":{"type":"branch","line":1,"loc":{"start":{"line":1,"column":335},"end":{"line":14,"column":19}},"locations":[{"start":{"line":1,"column":335},"end":{"line":14,"column":19}}]}},"b":{"0":[0]},"fnMap":{"0":{"name":"(empty-report)","decl":{"start":{"line":1,"column":335},"end":{"line":14,"column":19}},"loc":{"start":{"line":1,"column":335},"end":{"line":14,"column":19}},"line":1}},"f":{"0":0}}
}
