{"/Users/chomphoo/Task-Management-App/frontend/src/App.tsx": {"path":"/Users/chomphoo/Task-Management-App/frontend/src/App.tsx","all":true,"statementMap":{"0":{"start":{"line":1,"column":0},"end":{"line":1,"column":64}},"1":{"start":{"line":2,"column":0},"end":{"line":2,"column":34}},"2":{"start":{"line":3,"column":0},"end":{"line":3,"column":40}},"3":{"start":{"line":4,"column":0},"end":{"line":4,"column":34}},"4":{"start":{"line":5,"column":0},"end":{"line":5,"column":43}},"5":{"start":{"line":6,"column":0},"end":{"line":6,"column":36}},"7":{"start":{"line":8,"column":0},"end":{"line":8,"column":16}},"8":{"start":{"line":9,"column":0},"end":{"line":9,"column":10}},"9":{"start":{"line":10,"column":0},"end":{"line":10,"column":19}},"10":{"start":{"line":11,"column":0},"end":{"line":11,"column":14}},"11":{"start":{"line":12,"column":0},"end":{"line":12,"column":46}},"12":{"start":{"line":13,"column":0},"end":{"line":13,"column":57}},"13":{"start":{"line":14,"column":0},"end":{"line":14,"column":51}},"14":{"start":{"line":15,"column":0},"end":{"line":15,"column":59}},"15":{"start":{"line":16,"column":0},"end":{"line":16,"column":53}},"16":{"start":{"line":17,"column":0},"end":{"line":17,"column":15}},"17":{"start":{"line":18,"column":0},"end":{"line":18,"column":20}},"19":{"start":{"line":20,"column":0},"end":{"line":20,"column":1}},"21":{"start":{"line":22,"column":0},"end":{"line":22,"column":19}}},"s":{"0":0,"1":0,"2":0,"3":0,"4":0,"5":0,"7":0,"8":0,"9":0,"10":0,"11":0,"12":0,"13":0,"14":0,"15":0,"16":0,"17":0,"19":0,"21":0},"branchMap":{"0":{"type":"branch","line":1,"loc":{"start":{"line":1,"column":656},"end":{"line":22,"column":19}},"locations":[{"start":{"line":1,"column":656},"end":{"line":22,"column":19}}]}},"b":{"0":[0]},"fnMap":{"0":{"name":"(empty-report)","decl":{"start":{"line":1,"column":656},"end":{"line":22,"column":19}},"loc":{"start":{"line":1,"column":656},"end":{"line":22,"column":19}},"line":1}},"f":{"0":0}}
,"/Users/chomphoo/Task-Management-App/frontend/src/main.tsx": {"path":"/Users/chomphoo/Task-Management-App/frontend/src/main.tsx","all":true,"statementMap":{"0":{"start":{"line":1,"column":0},"end":{"line":1,"column":34}},"1":{"start":{"line":2,"column":0},"end":{"line":2,"column":45}},"2":{"start":{"line":3,"column":0},"end":{"line":3,"column":20}},"3":{"start":{"line":4,"column":0},"end":{"line":4,"column":27}},"5":{"start":{"line":6,"column":0},"end":{"line":6,"column":52}},"6":{"start":{"line":7,"column":0},"end":{"line":7,"column":14}},"7":{"start":{"line":8,"column":0},"end":{"line":8,"column":11}},"8":{"start":{"line":9,"column":0},"end":{"line":9,"column":16}},"9":{"start":{"line":10,"column":0},"end":{"line":10,"column":1}}},"s":{"0":0,"1":0,"2":0,"3":0,"5":0,"6":0,"7":0,"8":0,"9":0},"branchMap":{"0":{"type":"branch","line":1,"loc":{"start":{"line":1,"column":203},"end":{"line":10,"column":-148}},"locations":[{"start":{"line":1,"column":203},"end":{"line":10,"column":-148}}]}},"b":{"0":[0]},"fnMap":{"0":{"name":"(empty-report)","decl":{"start":{"line":1,"column":203},"end":{"line":10,"column":-148}},"loc":{"start":{"line":1,"column":203},"end":{"line":10,"column":-148}},"line":1}},"f":{"0":0}}
,"/Users/chomphoo/Task-Management-App/frontend/src/components/DashboardLayout.tsx": {"path":"/Users/chomphoo/Task-Management-App/frontend/src/components/DashboardLayout.tsx","all":false,"statementMap":{"0":{"start":{"line":1,"column":0},"end":{"line":1,"column":52}},"2":{"start":{"line":3,"column":0},"end":{"line":3,"column":111}},"5":{"start":{"line":6,"column":0},"end":{"line":6,"column":18}},"6":{"start":{"line":7,"column":0},"end":{"line":7,"column":70}},"7":{"start":{"line":8,"column":0},"end":{"line":8,"column":64}},"8":{"start":{"line":9,"column":0},"end":{"line":9,"column":2}},"10":{"start":{"line":11,"column":0},"end":{"line":11,"column":80}},"11":{"start":{"line":12,"column":0},"end":{"line":12,"column":33}},"13":{"start":{"line":14,"column":0},"end":{"line":14,"column":10}},"14":{"start":{"line":15,"column":0},"end":{"line":15,"column":46}},"16":{"start":{"line":17,"column":0},"end":{"line":17,"column":83}},"17":{"start":{"line":18,"column":0},"end":{"line":18,"column":13}},"18":{"start":{"line":19,"column":0},"end":{"line":19,"column":69}},"21":{"start":{"line":22,"column":0},"end":{"line":22,"column":37}},"22":{"start":{"line":23,"column":0},"end":{"line":23,"column":37}},"23":{"start":{"line":24,"column":0},"end":{"line":24,"column":19}},"24":{"start":{"line":25,"column":0},"end":{"line":25,"column":31}},"25":{"start":{"line":26,"column":0},"end":{"line":26,"column":30}},"26":{"start":{"line":27,"column":0},"end":{"line":27,"column":95}},"27":{"start":{"line":28,"column":0},"end":{"line":28,"column":49}},"28":{"start":{"line":29,"column":0},"end":{"line":29,"column":89}},"29":{"start":{"line":30,"column":0},"end":{"line":30,"column":24}},"30":{"start":{"line":31,"column":0},"end":{"line":31,"column":19}},"32":{"start":{"line":33,"column":0},"end":{"line":33,"column":27}},"33":{"start":{"line":34,"column":0},"end":{"line":34,"column":27}},"34":{"start":{"line":35,"column":0},"end":{"line":35,"column":21}},"35":{"start":{"line":36,"column":0},"end":{"line":36,"column":15}},"36":{"start":{"line":37,"column":0},"end":{"line":37,"column":16}},"37":{"start":{"line":38,"column":0},"end":{"line":38,"column":14}},"40":{"start":{"line":41,"column":0},"end":{"line":41,"column":30}},"41":{"start":{"line":42,"column":0},"end":{"line":42,"column":15}},"42":{"start":{"line":43,"column":0},"end":{"line":43,"column":24}},"43":{"start":{"line":44,"column":0},"end":{"line":44,"column":116}},"45":{"start":{"line":46,"column":0},"end":{"line":46,"column":32}},"47":{"start":{"line":48,"column":0},"end":{"line":48,"column":17}},"48":{"start":{"line":49,"column":0},"end":{"line":49,"column":14}},"49":{"start":{"line":50,"column":0},"end":{"line":50,"column":14}},"52":{"start":{"line":53,"column":0},"end":{"line":53,"column":66}},"53":{"start":{"line":54,"column":0},"end":{"line":54,"column":10}},"55":{"start":{"line":56,"column":0},"end":{"line":56,"column":1}}},"s":{"0":1,"2":1,"5":1,"6":1,"7":1,"8":1,"10":65,"11":65,"13":65,"14":65,"16":65,"17":65,"18":65,"21":65,"22":65,"23":130,"24":130,"25":130,"26":130,"27":130,"28":1,"29":129,"30":130,"32":130,"33":130,"34":130,"35":65,"36":65,"37":65,"40":65,"41":65,"42":65,"43":65,"45":65,"47":65,"48":65,"49":65,"52":65,"53":65,"55":65},"branchMap":{"0":{"type":"branch","line":11,"loc":{"start":{"line":11,"column":0},"end":{"line":56,"column":1}},"locations":[{"start":{"line":11,"column":0},"end":{"line":56,"column":1}}]},"1":{"type":"branch","line":23,"loc":{"start":{"line":23,"column":26},"end":{"line":35,"column":21}},"locations":[{"start":{"line":23,"column":26},"end":{"line":35,"column":21}}]},"2":{"type":"branch","line":28,"loc":{"start":{"line":28,"column":45},"end":{"line":29,"column":89}},"locations":[{"start":{"line":28,"column":45},"end":{"line":29,"column":89}}]},"3":{"type":"branch","line":29,"loc":{"start":{"line":29,"column":22},"end":{"line":30,"column":24}},"locations":[{"start":{"line":29,"column":22},"end":{"line":30,"column":24}}]}},"b":{"0":[65],"1":[130],"2":[1],"3":[129]},"fnMap":{"0":{"name":"DashboardLayout","decl":{"start":{"line":11,"column":0},"end":{"line":56,"column":1}},"loc":{"start":{"line":11,"column":0},"end":{"line":56,"column":1}},"line":11}},"f":{"0":65}}
,"/Users/chomphoo/Task-Management-App/frontend/src/pages/Dashboard.tsx": {"path":"/Users/chomphoo/Task-Management-App/frontend/src/pages/Dashboard.tsx","all":false,"statementMap":{"0":{"start":{"line":1,"column":0},"end":{"line":1,"column":44}},"1":{"start":{"line":2,"column":0},"end":{"line":2,"column":34}},"2":{"start":{"line":3,"column":0},"end":{"line":3,"column":60}},"3":{"start":{"line":4,"column":0},"end":{"line":4,"column":90}},"13":{"start":{"line":14,"column":0},"end":{"line":14,"column":49}},"15":{"start":{"line":16,"column":0},"end":{"line":16,"column":37}},"16":{"start":{"line":17,"column":0},"end":{"line":17,"column":76}},"17":{"start":{"line":18,"column":0},"end":{"line":18,"column":82}},"19":{"start":{"line":20,"column":0},"end":{"line":20,"column":19}},"20":{"start":{"line":21,"column":0},"end":{"line":21,"column":87}},"21":{"start":{"line":22,"column":0},"end":{"line":22,"column":9}},"22":{"start":{"line":23,"column":0},"end":{"line":23,"column":64}},"23":{"start":{"line":24,"column":0},"end":{"line":24,"column":43}},"24":{"start":{"line":25,"column":0},"end":{"line":25,"column":13}},"25":{"start":{"line":26,"column":0},"end":{"line":26,"column":27}},"26":{"start":{"line":27,"column":0},"end":{"line":27,"column":5}},"28":{"start":{"line":29,"column":0},"end":{"line":29,"column":21}},"29":{"start":{"line":30,"column":0},"end":{"line":30,"column":71}},"30":{"start":{"line":31,"column":0},"end":{"line":31,"column":58}},"31":{"start":{"line":32,"column":0},"end":{"line":32,"column":9}},"34":{"start":{"line":35,"column":0},"end":{"line":35,"column":19}},"35":{"start":{"line":36,"column":0},"end":{"line":36,"column":57}},"36":{"start":{"line":37,"column":0},"end":{"line":37,"column":64}},"37":{"start":{"line":38,"column":0},"end":{"line":38,"column":61}},"38":{"start":{"line":39,"column":0},"end":{"line":39,"column":4}},"41":{"start":{"line":42,"column":0},"end":{"line":42,"column":19}},"42":{"start":{"line":43,"column":0},"end":{"line":43,"column":62}},"43":{"start":{"line":44,"column":0},"end":{"line":44,"column":53}},"44":{"start":{"line":45,"column":0},"end":{"line":45,"column":59}},"45":{"start":{"line":46,"column":0},"end":{"line":46,"column":4}},"47":{"start":{"line":48,"column":0},"end":{"line":48,"column":10}},"48":{"start":{"line":49,"column":0},"end":{"line":49,"column":21}},"49":{"start":{"line":50,"column":0},"end":{"line":50,"column":43}},"51":{"start":{"line":52,"column":0},"end":{"line":52,"column":68}},"54":{"start":{"line":55,"column":0},"end":{"line":55,"column":63}},"55":{"start":{"line":56,"column":0},"end":{"line":56,"column":12}},"56":{"start":{"line":57,"column":0},"end":{"line":57,"column":13}},"57":{"start":{"line":58,"column":0},"end":{"line":58,"column":31}},"58":{"start":{"line":59,"column":0},"end":{"line":59,"column":44}},"59":{"start":{"line":60,"column":0},"end":{"line":60,"column":37}},"60":{"start":{"line":61,"column":0},"end":{"line":61,"column":38}},"61":{"start":{"line":62,"column":0},"end":{"line":62,"column":14}},"62":{"start":{"line":63,"column":0},"end":{"line":63,"column":13}},"63":{"start":{"line":64,"column":0},"end":{"line":64,"column":35}},"64":{"start":{"line":65,"column":0},"end":{"line":65,"column":47}},"65":{"start":{"line":66,"column":0},"end":{"line":66,"column":35}},"66":{"start":{"line":67,"column":0},"end":{"line":67,"column":36}},"67":{"start":{"line":68,"column":0},"end":{"line":68,"column":14}},"68":{"start":{"line":69,"column":0},"end":{"line":69,"column":13}},"69":{"start":{"line":70,"column":0},"end":{"line":70,"column":33}},"70":{"start":{"line":71,"column":0},"end":{"line":71,"column":46}},"71":{"start":{"line":72,"column":0},"end":{"line":72,"column":36}},"72":{"start":{"line":73,"column":0},"end":{"line":73,"column":37}},"73":{"start":{"line":74,"column":0},"end":{"line":74,"column":14}},"74":{"start":{"line":75,"column":0},"end":{"line":75,"column":26}},"75":{"start":{"line":76,"column":0},"end":{"line":76,"column":16}},"76":{"start":{"line":77,"column":0},"end":{"line":77,"column":65}},"77":{"start":{"line":78,"column":0},"end":{"line":78,"column":29}},"79":{"start":{"line":80,"column":0},"end":{"line":80,"column":63}},"80":{"start":{"line":81,"column":0},"end":{"line":81,"column":33}},"81":{"start":{"line":82,"column":0},"end":{"line":82,"column":18}},"82":{"start":{"line":83,"column":0},"end":{"line":83,"column":77}},"83":{"start":{"line":84,"column":0},"end":{"line":84,"column":18}},"84":{"start":{"line":85,"column":0},"end":{"line":85,"column":13}},"85":{"start":{"line":86,"column":0},"end":{"line":86,"column":14}},"87":{"start":{"line":88,"column":0},"end":{"line":88,"column":63}},"89":{"start":{"line":90,"column":0},"end":{"line":90,"column":51}},"90":{"start":{"line":91,"column":0},"end":{"line":91,"column":62}},"91":{"start":{"line":92,"column":0},"end":{"line":92,"column":32}},"92":{"start":{"line":93,"column":0},"end":{"line":93,"column":70}},"93":{"start":{"line":94,"column":0},"end":{"line":94,"column":68}},"95":{"start":{"line":96,"column":0},"end":{"line":96,"column":21}},"96":{"start":{"line":97,"column":0},"end":{"line":97,"column":59}},"97":{"start":{"line":98,"column":0},"end":{"line":98,"column":39}},"98":{"start":{"line":99,"column":0},"end":{"line":99,"column":24}},"99":{"start":{"line":100,"column":0},"end":{"line":100,"column":35}},"100":{"start":{"line":101,"column":0},"end":{"line":101,"column":95}},"102":{"start":{"line":103,"column":0},"end":{"line":103,"column":66}},"103":{"start":{"line":104,"column":0},"end":{"line":104,"column":36}},"104":{"start":{"line":105,"column":0},"end":{"line":105,"column":27}},"106":{"start":{"line":107,"column":0},"end":{"line":107,"column":44}},"107":{"start":{"line":108,"column":0},"end":{"line":108,"column":61}},"108":{"start":{"line":109,"column":0},"end":{"line":109,"column":44}},"109":{"start":{"line":110,"column":0},"end":{"line":110,"column":28}},"111":{"start":{"line":112,"column":0},"end":{"line":112,"column":26}},"112":{"start":{"line":113,"column":0},"end":{"line":113,"column":21}},"113":{"start":{"line":114,"column":0},"end":{"line":114,"column":22}},"114":{"start":{"line":115,"column":0},"end":{"line":115,"column":20}},"115":{"start":{"line":116,"column":0},"end":{"line":116,"column":15}},"116":{"start":{"line":117,"column":0},"end":{"line":117,"column":16}},"119":{"start":{"line":120,"column":0},"end":{"line":120,"column":58}},"120":{"start":{"line":121,"column":0},"end":{"line":121,"column":73}},"121":{"start":{"line":122,"column":0},"end":{"line":122,"column":59}},"122":{"start":{"line":123,"column":0},"end":{"line":123,"column":24}},"123":{"start":{"line":124,"column":0},"end":{"line":124,"column":20}},"124":{"start":{"line":125,"column":0},"end":{"line":125,"column":32}},"125":{"start":{"line":126,"column":0},"end":{"line":126,"column":26}},"126":{"start":{"line":127,"column":0},"end":{"line":127,"column":26}},"127":{"start":{"line":128,"column":0},"end":{"line":128,"column":34}},"128":{"start":{"line":129,"column":0},"end":{"line":129,"column":33}},"129":{"start":{"line":130,"column":0},"end":{"line":130,"column":23}},"131":{"start":{"line":132,"column":0},"end":{"line":132,"column":51}},"132":{"start":{"line":133,"column":0},"end":{"line":133,"column":25}},"133":{"start":{"line":134,"column":0},"end":{"line":134,"column":43}},"134":{"start":{"line":135,"column":0},"end":{"line":135,"column":58}},"135":{"start":{"line":136,"column":0},"end":{"line":136,"column":22}},"136":{"start":{"line":137,"column":0},"end":{"line":137,"column":21}},"137":{"start":{"line":138,"column":0},"end":{"line":138,"column":22}},"138":{"start":{"line":139,"column":0},"end":{"line":139,"column":25}},"139":{"start":{"line":140,"column":0},"end":{"line":140,"column":34}},"140":{"start":{"line":141,"column":0},"end":{"line":141,"column":16}},"141":{"start":{"line":142,"column":0},"end":{"line":142,"column":14}},"142":{"start":{"line":143,"column":0},"end":{"line":143,"column":12}},"143":{"start":{"line":144,"column":0},"end":{"line":144,"column":22}},"145":{"start":{"line":146,"column":0},"end":{"line":146,"column":1}}},"s":{"0":1,"1":1,"2":1,"3":1,"13":1,"15":18,"16":18,"17":18,"19":18,"20":6,"21":6,"22":6,"23":6,"24":6,"25":1,"26":1,"28":6,"29":6,"30":6,"31":18,"34":18,"35":18,"36":18,"37":18,"38":18,"41":18,"42":18,"43":18,"44":18,"45":18,"47":18,"48":18,"49":18,"51":18,"54":18,"55":18,"56":18,"57":18,"58":18,"59":18,"60":18,"61":18,"62":18,"63":18,"64":18,"65":18,"66":18,"67":18,"68":18,"69":18,"70":18,"71":18,"72":18,"73":18,"74":18,"75":54,"76":54,"77":54,"79":54,"80":54,"81":54,"82":54,"83":54,"84":18,"85":18,"87":18,"89":18,"90":18,"91":54,"92":54,"93":54,"95":54,"96":54,"97":54,"98":18,"99":18,"100":18,"102":18,"103":18,"104":18,"106":18,"107":18,"108":18,"109":18,"111":18,"112":54,"113":54,"114":54,"115":18,"116":18,"119":18,"120":18,"121":18,"122":18,"123":18,"124":18,"125":18,"126":18,"127":18,"128":18,"129":18,"131":18,"132":54,"133":54,"134":54,"135":54,"136":18,"137":18,"138":18,"139":18,"140":18,"141":18,"142":18,"143":18,"145":18},"branchMap":{"0":{"type":"branch","line":16,"loc":{"start":{"line":16,"column":0},"end":{"line":146,"column":1}},"locations":[{"start":{"line":16,"column":0},"end":{"line":146,"column":1}}]},"1":{"type":"branch","line":20,"loc":{"start":{"line":20,"column":12},"end":{"line":32,"column":5}},"locations":[{"start":{"line":20,"column":12},"end":{"line":32,"column":5}}]},"2":{"type":"branch","line":23,"loc":{"start":{"line":23,"column":21},"end":{"line":23,"column":59}},"locations":[{"start":{"line":23,"column":21},"end":{"line":23,"column":59}}]},"3":{"type":"branch","line":23,"loc":{"start":{"line":23,"column":55},"end":{"line":23,"column":64}},"locations":[{"start":{"line":23,"column":55},"end":{"line":23,"column":64}}]},"4":{"type":"branch","line":24,"loc":{"start":{"line":24,"column":18},"end":{"line":24,"column":34}},"locations":[{"start":{"line":24,"column":18},"end":{"line":24,"column":34}}]},"5":{"type":"branch","line":24,"loc":{"start":{"line":24,"column":26},"end":{"line":24,"column":41}},"locations":[{"start":{"line":24,"column":26},"end":{"line":24,"column":41}}]},"6":{"type":"branch","line":25,"loc":{"start":{"line":25,"column":4},"end":{"line":27,"column":5}},"locations":[{"start":{"line":25,"column":4},"end":{"line":27,"column":5}}]},"7":{"type":"branch","line":30,"loc":{"start":{"line":30,"column":12},"end":{"line":30,"column":39}},"locations":[{"start":{"line":30,"column":12},"end":{"line":30,"column":39}}]},"8":{"type":"branch","line":36,"loc":{"start":{"line":36,"column":26},"end":{"line":36,"column":55}},"locations":[{"start":{"line":36,"column":26},"end":{"line":36,"column":55}}]},"9":{"type":"branch","line":37,"loc":{"start":{"line":37,"column":29},"end":{"line":37,"column":62}},"locations":[{"start":{"line":37,"column":29},"end":{"line":37,"column":62}}]},"10":{"type":"branch","line":38,"loc":{"start":{"line":38,"column":28},"end":{"line":38,"column":59}},"locations":[{"start":{"line":38,"column":28},"end":{"line":38,"column":59}}]},"11":{"type":"branch","line":75,"loc":{"start":{"line":75,"column":16},"end":{"line":84,"column":18}},"locations":[{"start":{"line":75,"column":16},"end":{"line":84,"column":18}}]},"12":{"type":"branch","line":91,"loc":{"start":{"line":91,"column":41},"end":{"line":115,"column":20}},"locations":[{"start":{"line":91,"column":41},"end":{"line":115,"column":20}}]},"13":{"type":"branch","line":98,"loc":{"start":{"line":98,"column":28},"end":{"line":112,"column":26}},"locations":[{"start":{"line":98,"column":28},"end":{"line":112,"column":26}}]},"14":{"type":"branch","line":132,"loc":{"start":{"line":132,"column":31},"end":{"line":136,"column":22}},"locations":[{"start":{"line":132,"column":31},"end":{"line":136,"column":22}}]}},"b":{"0":[18],"1":[6],"2":[5],"3":[1],"4":[4],"5":[1],"6":[1],"7":[6],"8":[18],"9":[18],"10":[18],"11":[54],"12":[54],"13":[18],"14":[54]},"fnMap":{"0":{"name":"Dashboard","decl":{"start":{"line":16,"column":0},"end":{"line":146,"column":1}},"loc":{"start":{"line":16,"column":0},"end":{"line":146,"column":1}},"line":16}},"f":{"0":18}}
,"/Users/chomphoo/Task-Management-App/frontend/src/pages/Login.tsx": {"path":"/Users/chomphoo/Task-Management-App/frontend/src/pages/Login.tsx","all":false,"statementMap":{"0":{"start":{"line":1,"column":0},"end":{"line":1,"column":53}},"1":{"start":{"line":2,"column":0},"end":{"line":2,"column":49}},"2":{"start":{"line":3,"column":0},"end":{"line":3,"column":35}},"3":{"start":{"line":4,"column":0},"end":{"line":4,"column":53}},"4":{"start":{"line":5,"column":0},"end":{"line":5,"column":87}},"5":{"start":{"line":6,"column":0},"end":{"line":6,"column":43}},"15":{"start":{"line":16,"column":0},"end":{"line":16,"column":33}},"16":{"start":{"line":17,"column":0},"end":{"line":17,"column":33}},"19":{"start":{"line":20,"column":0},"end":{"line":20,"column":28}},"20":{"start":{"line":21,"column":0},"end":{"line":21,"column":20}},"21":{"start":{"line":22,"column":0},"end":{"line":22,"column":16}},"22":{"start":{"line":23,"column":0},"end":{"line":23,"column":19}},"23":{"start":{"line":24,"column":0},"end":{"line":24,"column":6}},"24":{"start":{"line":25,"column":0},"end":{"line":25,"column":34}},"25":{"start":{"line":26,"column":0},"end":{"line":26,"column":90}},"26":{"start":{"line":27,"column":0},"end":{"line":27,"column":106}},"27":{"start":{"line":28,"column":0},"end":{"line":28,"column":7}},"28":{"start":{"line":29,"column":0},"end":{"line":29,"column":63}},"29":{"start":{"line":30,"column":0},"end":{"line":30,"column":11}},"30":{"start":{"line":31,"column":0},"end":{"line":31,"column":58}},"31":{"start":{"line":32,"column":0},"end":{"line":32,"column":37}},"32":{"start":{"line":33,"column":0},"end":{"line":33,"column":55}},"35":{"start":{"line":36,"column":0},"end":{"line":36,"column":45}},"36":{"start":{"line":37,"column":0},"end":{"line":37,"column":29}},"37":{"start":{"line":38,"column":0},"end":{"line":38,"column":17}},"38":{"start":{"line":39,"column":0},"end":{"line":39,"column":79}},"39":{"start":{"line":40,"column":0},"end":{"line":40,"column":10}},"40":{"start":{"line":41,"column":0},"end":{"line":41,"column":29}},"42":{"start":{"line":43,"column":0},"end":{"line":43,"column":31}},"43":{"start":{"line":44,"column":0},"end":{"line":44,"column":15}},"44":{"start":{"line":45,"column":0},"end":{"line":45,"column":58}},"45":{"start":{"line":46,"column":0},"end":{"line":46,"column":17}},"46":{"start":{"line":47,"column":0},"end":{"line":47,"column":29}},"47":{"start":{"line":48,"column":0},"end":{"line":48,"column":7}},"48":{"start":{"line":49,"column":0},"end":{"line":49,"column":6}},"49":{"start":{"line":50,"column":0},"end":{"line":50,"column":5}},"51":{"start":{"line":52,"column":0},"end":{"line":52,"column":10}},"52":{"start":{"line":53,"column":0},"end":{"line":53,"column":89}},"53":{"start":{"line":54,"column":0},"end":{"line":54,"column":11}},"54":{"start":{"line":55,"column":0},"end":{"line":55,"column":38}},"55":{"start":{"line":56,"column":0},"end":{"line":56,"column":145}},"58":{"start":{"line":59,"column":0},"end":{"line":59,"column":69}},"60":{"start":{"line":61,"column":0},"end":{"line":61,"column":13}},"61":{"start":{"line":62,"column":0},"end":{"line":62,"column":57}},"63":{"start":{"line":64,"column":0},"end":{"line":64,"column":12}},"66":{"start":{"line":67,"column":0},"end":{"line":67,"column":34}},"67":{"start":{"line":68,"column":0},"end":{"line":68,"column":16}},"68":{"start":{"line":69,"column":0},"end":{"line":69,"column":22}},"69":{"start":{"line":70,"column":0},"end":{"line":70,"column":24}},"70":{"start":{"line":71,"column":0},"end":{"line":71,"column":31}},"71":{"start":{"line":72,"column":0},"end":{"line":72,"column":112}},"72":{"start":{"line":73,"column":0},"end":{"line":73,"column":73}},"73":{"start":{"line":74,"column":0},"end":{"line":74,"column":12}},"74":{"start":{"line":75,"column":0},"end":{"line":75,"column":16}},"75":{"start":{"line":76,"column":0},"end":{"line":76,"column":27}},"76":{"start":{"line":77,"column":0},"end":{"line":77,"column":86}},"77":{"start":{"line":78,"column":0},"end":{"line":78,"column":12}},"78":{"start":{"line":79,"column":0},"end":{"line":79,"column":93}},"80":{"start":{"line":81,"column":0},"end":{"line":81,"column":59}},"81":{"start":{"line":82,"column":0},"end":{"line":82,"column":78}},"83":{"start":{"line":84,"column":0},"end":{"line":84,"column":14}},"86":{"start":{"line":87,"column":0},"end":{"line":87,"column":34}},"87":{"start":{"line":88,"column":0},"end":{"line":88,"column":16}},"88":{"start":{"line":89,"column":0},"end":{"line":89,"column":25}},"89":{"start":{"line":90,"column":0},"end":{"line":90,"column":27}},"90":{"start":{"line":91,"column":0},"end":{"line":91,"column":34}},"91":{"start":{"line":92,"column":0},"end":{"line":92,"column":112}},"92":{"start":{"line":93,"column":0},"end":{"line":93,"column":49}},"93":{"start":{"line":94,"column":0},"end":{"line":94,"column":12}},"94":{"start":{"line":95,"column":0},"end":{"line":95,"column":16}},"95":{"start":{"line":96,"column":0},"end":{"line":96,"column":30}},"96":{"start":{"line":97,"column":0},"end":{"line":97,"column":86}},"97":{"start":{"line":98,"column":0},"end":{"line":98,"column":12}},"98":{"start":{"line":99,"column":0},"end":{"line":99,"column":93}},"100":{"start":{"line":101,"column":0},"end":{"line":101,"column":65}},"101":{"start":{"line":102,"column":0},"end":{"line":102,"column":53}},"102":{"start":{"line":103,"column":0},"end":{"line":103,"column":38}},"103":{"start":{"line":104,"column":0},"end":{"line":104,"column":16}},"105":{"start":{"line":106,"column":0},"end":{"line":106,"column":14}},"108":{"start":{"line":109,"column":0},"end":{"line":109,"column":15}},"109":{"start":{"line":110,"column":0},"end":{"line":110,"column":23}},"110":{"start":{"line":111,"column":0},"end":{"line":111,"column":69}},"111":{"start":{"line":112,"column":0},"end":{"line":112,"column":106}},"113":{"start":{"line":114,"column":0},"end":{"line":114,"column":66}},"114":{"start":{"line":115,"column":0},"end":{"line":115,"column":17}},"117":{"start":{"line":118,"column":0},"end":{"line":118,"column":64}},"118":{"start":{"line":119,"column":0},"end":{"line":119,"column":37}},"119":{"start":{"line":120,"column":0},"end":{"line":120,"column":73}},"121":{"start":{"line":122,"column":0},"end":{"line":122,"column":17}},"122":{"start":{"line":123,"column":0},"end":{"line":123,"column":14}},"123":{"start":{"line":124,"column":0},"end":{"line":124,"column":13}},"124":{"start":{"line":125,"column":0},"end":{"line":125,"column":10}},"126":{"start":{"line":127,"column":0},"end":{"line":127,"column":1}}},"s":{"0":1,"1":1,"2":1,"3":1,"4":1,"5":1,"15":22,"16":22,"19":22,"20":22,"21":22,"22":22,"23":22,"24":22,"25":22,"26":22,"27":22,"28":22,"29":2,"30":2,"31":1,"32":1,"35":1,"36":1,"37":1,"38":2,"39":2,"40":2,"42":2,"43":2,"44":1,"45":2,"46":2,"47":2,"48":2,"49":22,"51":22,"52":22,"53":22,"54":22,"55":22,"58":22,"60":22,"61":22,"63":22,"66":22,"67":22,"68":22,"69":22,"70":22,"71":22,"72":22,"73":22,"74":22,"75":22,"76":22,"77":22,"78":22,"80":22,"81":3,"83":22,"86":22,"87":22,"88":22,"89":22,"90":22,"91":22,"92":22,"93":22,"94":22,"95":22,"96":22,"97":22,"98":22,"100":22,"101":2,"102":2,"103":2,"105":22,"108":22,"109":22,"110":22,"111":22,"113":22,"114":22,"117":22,"118":22,"119":22,"121":22,"122":22,"123":22,"124":22,"126":22},"branchMap":{"0":{"type":"branch","line":16,"loc":{"start":{"line":16,"column":0},"end":{"line":127,"column":1}},"locations":[{"start":{"line":16,"column":0},"end":{"line":127,"column":1}}]},"1":{"type":"branch","line":81,"loc":{"start":{"line":81,"column":26},"end":{"line":81,"column":59}},"locations":[{"start":{"line":81,"column":26},"end":{"line":81,"column":59}}]},"2":{"type":"branch","line":81,"loc":{"start":{"line":81,"column":49},"end":{"line":82,"column":78}},"locations":[{"start":{"line":81,"column":49},"end":{"line":82,"column":78}}]},"3":{"type":"branch","line":101,"loc":{"start":{"line":101,"column":26},"end":{"line":101,"column":65}},"locations":[{"start":{"line":101,"column":26},"end":{"line":101,"column":65}}]},"4":{"type":"branch","line":101,"loc":{"start":{"line":101,"column":52},"end":{"line":104,"column":16}},"locations":[{"start":{"line":101,"column":52},"end":{"line":104,"column":16}}]},"5":{"type":"branch","line":114,"loc":{"start":{"line":114,"column":18},"end":{"line":114,"column":51}},"locations":[{"start":{"line":114,"column":18},"end":{"line":114,"column":51}}]},"6":{"type":"branch","line":114,"loc":{"start":{"line":114,"column":33},"end":{"line":114,"column":62}},"locations":[{"start":{"line":114,"column":33},"end":{"line":114,"column":62}}]},"7":{"type":"branch","line":29,"loc":{"start":{"line":29,"column":14},"end":{"line":49,"column":6}},"locations":[{"start":{"line":29,"column":14},"end":{"line":49,"column":6}}]},"8":{"type":"branch","line":31,"loc":{"start":{"line":31,"column":56},"end":{"line":39,"column":49}},"locations":[{"start":{"line":31,"column":56},"end":{"line":39,"column":49}}]},"9":{"type":"branch","line":39,"loc":{"start":{"line":39,"column":41},"end":{"line":39,"column":57}},"locations":[{"start":{"line":39,"column":41},"end":{"line":39,"column":57}}]},"10":{"type":"branch","line":44,"loc":{"start":{"line":44,"column":6},"end":{"line":46,"column":8}},"locations":[{"start":{"line":44,"column":6},"end":{"line":46,"column":8}}]}},"b":{"0":[22],"1":[8],"2":[3],"3":[8],"4":[2],"5":[3],"6":[19],"7":[2],"8":[1],"9":[0],"10":[1]},"fnMap":{"0":{"name":"Login","decl":{"start":{"line":16,"column":0},"end":{"line":127,"column":1}},"loc":{"start":{"line":16,"column":0},"end":{"line":127,"column":1}},"line":16},"1":{"name":"onSubmit","decl":{"start":{"line":29,"column":14},"end":{"line":49,"column":6}},"loc":{"start":{"line":29,"column":14},"end":{"line":49,"column":6}},"line":29}},"f":{"0":22,"1":2}}
,"/Users/chomphoo/Task-Management-App/frontend/src/pages/Logout.tsx": {"path":"/Users/chomphoo/Task-Management-App/frontend/src/pages/Logout.tsx","all":false,"statementMap":{"0":{"start":{"line":1,"column":0},"end":{"line":1,"column":34}},"1":{"start":{"line":2,"column":0},"end":{"line":2,"column":47}},"3":{"start":{"line":4,"column":0},"end":{"line":4,"column":34}},"4":{"start":{"line":5,"column":0},"end":{"line":5,"column":33}},"6":{"start":{"line":7,"column":0},"end":{"line":7,"column":19}},"8":{"start":{"line":9,"column":0},"end":{"line":9,"column":37}},"9":{"start":{"line":10,"column":0},"end":{"line":10,"column":36}},"12":{"start":{"line":13,"column":0},"end":{"line":13,"column":18}},"13":{"start":{"line":14,"column":0},"end":{"line":14,"column":17}},"15":{"start":{"line":16,"column":0},"end":{"line":16,"column":10}},"16":{"start":{"line":17,"column":0},"end":{"line":17,"column":75}},"17":{"start":{"line":18,"column":0},"end":{"line":18,"column":75}},"18":{"start":{"line":19,"column":0},"end":{"line":19,"column":10}},"20":{"start":{"line":21,"column":0},"end":{"line":21,"column":1}}},"s":{"0":1,"1":1,"3":2,"4":2,"6":2,"8":1,"9":1,"12":1,"13":2,"15":2,"16":2,"17":2,"18":2,"20":2},"branchMap":{"0":{"type":"branch","line":4,"loc":{"start":{"line":4,"column":0},"end":{"line":21,"column":1}},"locations":[{"start":{"line":4,"column":0},"end":{"line":21,"column":1}}]},"1":{"type":"branch","line":7,"loc":{"start":{"line":7,"column":12},"end":{"line":14,"column":5}},"locations":[{"start":{"line":7,"column":12},"end":{"line":14,"column":5}}]}},"b":{"0":[2],"1":[1]},"fnMap":{"0":{"name":"Logout","decl":{"start":{"line":4,"column":0},"end":{"line":21,"column":1}},"loc":{"start":{"line":4,"column":0},"end":{"line":21,"column":1}},"line":4}},"f":{"0":2}}
,"/Users/chomphoo/Task-Management-App/frontend/src/pages/Register.tsx": {"path":"/Users/chomphoo/Task-Management-App/frontend/src/pages/Register.tsx","all":false,"statementMap":{"0":{"start":{"line":1,"column":0},"end":{"line":1,"column":36}},"1":{"start":{"line":2,"column":0},"end":{"line":2,"column":28}},"2":{"start":{"line":3,"column":0},"end":{"line":3,"column":35}},"3":{"start":{"line":4,"column":0},"end":{"line":4,"column":48}},"4":{"start":{"line":5,"column":0},"end":{"line":5,"column":49}},"6":{"start":{"line":7,"column":0},"end":{"line":7,"column":36}},"7":{"start":{"line":8,"column":0},"end":{"line":8,"column":34}},"10":{"start":{"line":11,"column":0},"end":{"line":11,"column":28}},"11":{"start":{"line":12,"column":0},"end":{"line":12,"column":20}},"12":{"start":{"line":13,"column":0},"end":{"line":13,"column":15}},"13":{"start":{"line":14,"column":0},"end":{"line":14,"column":16}},"14":{"start":{"line":15,"column":0},"end":{"line":15,"column":19}},"15":{"start":{"line":16,"column":0},"end":{"line":16,"column":26}},"16":{"start":{"line":17,"column":0},"end":{"line":17,"column":6}},"17":{"start":{"line":18,"column":0},"end":{"line":18,"column":34}},"18":{"start":{"line":19,"column":0},"end":{"line":19,"column":24}},"19":{"start":{"line":20,"column":0},"end":{"line":20,"column":80}},"20":{"start":{"line":21,"column":0},"end":{"line":21,"column":46}},"21":{"start":{"line":22,"column":0},"end":{"line":22,"column":98}},"22":{"start":{"line":23,"column":0},"end":{"line":23,"column":28}},"23":{"start":{"line":24,"column":0},"end":{"line":24,"column":84}},"24":{"start":{"line":25,"column":0},"end":{"line":25,"column":30}},"25":{"start":{"line":26,"column":0},"end":{"line":26,"column":35}},"26":{"start":{"line":27,"column":0},"end":{"line":27,"column":84}},"27":{"start":{"line":28,"column":0},"end":{"line":28,"column":30}},"28":{"start":{"line":29,"column":0},"end":{"line":29,"column":7}},"29":{"start":{"line":30,"column":0},"end":{"line":30,"column":63}},"30":{"start":{"line":31,"column":0},"end":{"line":31,"column":11}},"31":{"start":{"line":32,"column":0},"end":{"line":32,"column":42}},"32":{"start":{"line":33,"column":0},"end":{"line":33,"column":28}},"33":{"start":{"line":34,"column":0},"end":{"line":34,"column":30}},"34":{"start":{"line":35,"column":0},"end":{"line":35,"column":36}},"35":{"start":{"line":36,"column":0},"end":{"line":36,"column":11}},"36":{"start":{"line":37,"column":0},"end":{"line":37,"column":23}},"37":{"start":{"line":38,"column":0},"end":{"line":38,"column":15}},"38":{"start":{"line":39,"column":0},"end":{"line":39,"column":95}},"39":{"start":{"line":40,"column":0},"end":{"line":40,"column":17}},"40":{"start":{"line":41,"column":0},"end":{"line":41,"column":30}},"41":{"start":{"line":42,"column":0},"end":{"line":42,"column":7}},"42":{"start":{"line":43,"column":0},"end":{"line":43,"column":6}},"43":{"start":{"line":44,"column":0},"end":{"line":44,"column":5}},"45":{"start":{"line":46,"column":0},"end":{"line":46,"column":10}},"46":{"start":{"line":47,"column":0},"end":{"line":47,"column":8}},"47":{"start":{"line":48,"column":0},"end":{"line":48,"column":86}},"48":{"start":{"line":49,"column":0},"end":{"line":49,"column":11}},"49":{"start":{"line":50,"column":0},"end":{"line":50,"column":38}},"50":{"start":{"line":51,"column":0},"end":{"line":51,"column":145}},"53":{"start":{"line":54,"column":0},"end":{"line":54,"column":69}},"55":{"start":{"line":56,"column":0},"end":{"line":56,"column":13}},"56":{"start":{"line":57,"column":0},"end":{"line":57,"column":57}},"58":{"start":{"line":59,"column":0},"end":{"line":59,"column":12}},"61":{"start":{"line":62,"column":0},"end":{"line":62,"column":34}},"62":{"start":{"line":63,"column":0},"end":{"line":63,"column":109}},"63":{"start":{"line":64,"column":0},"end":{"line":64,"column":93}},"64":{"start":{"line":65,"column":0},"end":{"line":65,"column":16}},"65":{"start":{"line":66,"column":0},"end":{"line":66,"column":21}},"66":{"start":{"line":67,"column":0},"end":{"line":67,"column":23}},"67":{"start":{"line":68,"column":0},"end":{"line":68,"column":30}},"68":{"start":{"line":69,"column":0},"end":{"line":69,"column":113}},"69":{"start":{"line":70,"column":0},"end":{"line":70,"column":45}},"70":{"start":{"line":71,"column":0},"end":{"line":71,"column":12}},"72":{"start":{"line":73,"column":0},"end":{"line":73,"column":57}},"73":{"start":{"line":74,"column":0},"end":{"line":74,"column":77}},"75":{"start":{"line":76,"column":0},"end":{"line":76,"column":14}},"78":{"start":{"line":79,"column":0},"end":{"line":79,"column":34}},"79":{"start":{"line":80,"column":0},"end":{"line":80,"column":110}},"80":{"start":{"line":81,"column":0},"end":{"line":81,"column":93}},"81":{"start":{"line":82,"column":0},"end":{"line":82,"column":16}},"82":{"start":{"line":83,"column":0},"end":{"line":83,"column":22}},"83":{"start":{"line":84,"column":0},"end":{"line":84,"column":24}},"84":{"start":{"line":85,"column":0},"end":{"line":85,"column":31}},"85":{"start":{"line":86,"column":0},"end":{"line":86,"column":112}},"86":{"start":{"line":87,"column":0},"end":{"line":87,"column":46}},"87":{"start":{"line":88,"column":0},"end":{"line":88,"column":12}},"89":{"start":{"line":90,"column":0},"end":{"line":90,"column":59}},"90":{"start":{"line":91,"column":0},"end":{"line":91,"column":78}},"92":{"start":{"line":93,"column":0},"end":{"line":93,"column":14}},"95":{"start":{"line":96,"column":0},"end":{"line":96,"column":34}},"96":{"start":{"line":97,"column":0},"end":{"line":97,"column":113}},"97":{"start":{"line":98,"column":0},"end":{"line":98,"column":93}},"98":{"start":{"line":99,"column":0},"end":{"line":99,"column":16}},"99":{"start":{"line":100,"column":0},"end":{"line":100,"column":25}},"100":{"start":{"line":101,"column":0},"end":{"line":101,"column":27}},"101":{"start":{"line":102,"column":0},"end":{"line":102,"column":34}},"102":{"start":{"line":103,"column":0},"end":{"line":103,"column":112}},"103":{"start":{"line":104,"column":0},"end":{"line":104,"column":49}},"104":{"start":{"line":105,"column":0},"end":{"line":105,"column":12}},"106":{"start":{"line":107,"column":0},"end":{"line":107,"column":65}},"107":{"start":{"line":108,"column":0},"end":{"line":108,"column":53}},"108":{"start":{"line":109,"column":0},"end":{"line":109,"column":38}},"109":{"start":{"line":110,"column":0},"end":{"line":110,"column":16}},"111":{"start":{"line":112,"column":0},"end":{"line":112,"column":14}},"114":{"start":{"line":115,"column":0},"end":{"line":115,"column":34}},"115":{"start":{"line":116,"column":0},"end":{"line":116,"column":120}},"116":{"start":{"line":117,"column":0},"end":{"line":117,"column":93}},"117":{"start":{"line":118,"column":0},"end":{"line":118,"column":16}},"118":{"start":{"line":119,"column":0},"end":{"line":119,"column":32}},"119":{"start":{"line":120,"column":0},"end":{"line":120,"column":27}},"120":{"start":{"line":121,"column":0},"end":{"line":121,"column":42}},"121":{"start":{"line":122,"column":0},"end":{"line":122,"column":112}},"122":{"start":{"line":123,"column":0},"end":{"line":123,"column":56}},"123":{"start":{"line":124,"column":0},"end":{"line":124,"column":12}},"125":{"start":{"line":126,"column":0},"end":{"line":126,"column":79}},"126":{"start":{"line":127,"column":0},"end":{"line":127,"column":53}},"127":{"start":{"line":128,"column":0},"end":{"line":128,"column":45}},"128":{"start":{"line":129,"column":0},"end":{"line":129,"column":16}},"130":{"start":{"line":131,"column":0},"end":{"line":131,"column":14}},"133":{"start":{"line":134,"column":0},"end":{"line":134,"column":15}},"134":{"start":{"line":135,"column":0},"end":{"line":135,"column":23}},"135":{"start":{"line":136,"column":0},"end":{"line":136,"column":40}},"136":{"start":{"line":137,"column":0},"end":{"line":137,"column":106}},"138":{"start":{"line":139,"column":0},"end":{"line":139,"column":63}},"139":{"start":{"line":140,"column":0},"end":{"line":140,"column":17}},"140":{"start":{"line":141,"column":0},"end":{"line":141,"column":13}},"141":{"start":{"line":142,"column":0},"end":{"line":142,"column":10}},"143":{"start":{"line":144,"column":0},"end":{"line":144,"column":1}}},"s":{"0":1,"1":1,"2":1,"3":1,"4":1,"6":27,"7":27,"10":27,"11":27,"12":27,"13":27,"14":27,"15":27,"16":27,"17":27,"18":27,"19":27,"20":27,"21":27,"22":27,"23":27,"24":27,"25":27,"26":27,"27":27,"28":27,"29":27,"30":2,"31":2,"32":2,"33":2,"34":2,"35":2,"36":1,"37":1,"38":1,"39":2,"40":2,"41":2,"42":2,"43":27,"45":27,"46":27,"47":27,"48":27,"49":27,"50":27,"53":27,"55":27,"56":27,"58":27,"61":27,"62":27,"63":27,"64":27,"65":27,"66":27,"67":27,"68":27,"69":27,"70":27,"72":27,"73":1,"75":27,"78":27,"79":27,"80":27,"81":27,"82":27,"83":27,"84":27,"85":27,"86":27,"87":27,"89":27,"90":3,"92":27,"95":27,"96":27,"97":27,"98":27,"99":27,"100":27,"101":27,"102":27,"103":27,"104":27,"106":27,"107":1,"108":1,"109":1,"111":27,"114":27,"115":27,"116":27,"117":27,"118":27,"119":27,"120":27,"121":27,"122":27,"123":27,"125":27,"126":2,"127":2,"128":2,"130":27,"133":27,"134":27,"135":27,"136":27,"138":27,"139":27,"140":27,"141":27,"143":27},"branchMap":{"0":{"type":"branch","line":7,"loc":{"start":{"line":7,"column":0},"end":{"line":144,"column":1}},"locations":[{"start":{"line":7,"column":0},"end":{"line":144,"column":1}}]},"1":{"type":"branch","line":73,"loc":{"start":{"line":73,"column":26},"end":{"line":73,"column":57}},"locations":[{"start":{"line":73,"column":26},"end":{"line":73,"column":57}}]},"2":{"type":"branch","line":73,"loc":{"start":{"line":73,"column":48},"end":{"line":74,"column":77}},"locations":[{"start":{"line":73,"column":48},"end":{"line":74,"column":77}}]},"3":{"type":"branch","line":90,"loc":{"start":{"line":90,"column":26},"end":{"line":90,"column":59}},"locations":[{"start":{"line":90,"column":26},"end":{"line":90,"column":59}}]},"4":{"type":"branch","line":90,"loc":{"start":{"line":90,"column":49},"end":{"line":91,"column":78}},"locations":[{"start":{"line":90,"column":49},"end":{"line":91,"column":78}}]},"5":{"type":"branch","line":107,"loc":{"start":{"line":107,"column":26},"end":{"line":107,"column":65}},"locations":[{"start":{"line":107,"column":26},"end":{"line":107,"column":65}}]},"6":{"type":"branch","line":107,"loc":{"start":{"line":107,"column":52},"end":{"line":110,"column":16}},"locations":[{"start":{"line":107,"column":52},"end":{"line":110,"column":16}}]},"7":{"type":"branch","line":126,"loc":{"start":{"line":126,"column":26},"end":{"line":126,"column":79}},"locations":[{"start":{"line":126,"column":26},"end":{"line":126,"column":79}}]},"8":{"type":"branch","line":126,"loc":{"start":{"line":126,"column":59},"end":{"line":129,"column":16}},"locations":[{"start":{"line":126,"column":59},"end":{"line":129,"column":16}}]},"9":{"type":"branch","line":139,"loc":{"start":{"line":139,"column":18},"end":{"line":139,"column":52}},"locations":[{"start":{"line":139,"column":18},"end":{"line":139,"column":52}}]},"10":{"type":"branch","line":139,"loc":{"start":{"line":139,"column":33},"end":{"line":139,"column":63}},"locations":[{"start":{"line":139,"column":33},"end":{"line":139,"column":63}}]},"11":{"type":"branch","line":30,"loc":{"start":{"line":30,"column":14},"end":{"line":43,"column":6}},"locations":[{"start":{"line":30,"column":14},"end":{"line":43,"column":6}}]},"12":{"type":"branch","line":36,"loc":{"start":{"line":36,"column":9},"end":{"line":40,"column":8}},"locations":[{"start":{"line":36,"column":9},"end":{"line":40,"column":8}}]}},"b":{"0":[27],"1":[6],"2":[1],"3":[8],"4":[3],"5":[6],"6":[1],"7":[8],"8":[2],"9":[3],"10":[24],"11":[2],"12":[1]},"fnMap":{"0":{"name":"Register","decl":{"start":{"line":7,"column":0},"end":{"line":144,"column":1}},"loc":{"start":{"line":7,"column":0},"end":{"line":144,"column":1}},"line":7},"1":{"name":"onSubmit","decl":{"start":{"line":30,"column":14},"end":{"line":43,"column":6}},"loc":{"start":{"line":30,"column":14},"end":{"line":43,"column":6}},"line":30}},"f":{"0":27,"1":2}}
,"/Users/chomphoo/Task-Management-App/frontend/src/pages/Tasks.tsx": {"path":"/Users/chomphoo/Task-Management-App/frontend/src/pages/Tasks.tsx","all":false,"statementMap":{"0":{"start":{"line":1,"column":0},"end":{"line":1,"column":44}},"1":{"start":{"line":2,"column":0},"end":{"line":2,"column":34}},"2":{"start":{"line":3,"column":0},"end":{"line":3,"column":53}},"3":{"start":{"line":4,"column":0},"end":{"line":4,"column":49}},"4":{"start":{"line":5,"column":0},"end":{"line":5,"column":82}},"5":{"start":{"line":6,"column":0},"end":{"line":6,"column":60}},"14":{"start":{"line":15,"column":0},"end":{"line":15,"column":33}},"15":{"start":{"line":16,"column":0},"end":{"line":16,"column":49}},"16":{"start":{"line":17,"column":0},"end":{"line":17,"column":47}},"17":{"start":{"line":18,"column":0},"end":{"line":18,"column":66}},"18":{"start":{"line":19,"column":0},"end":{"line":19,"column":79}},"21":{"start":{"line":22,"column":0},"end":{"line":22,"column":34}},"22":{"start":{"line":23,"column":0},"end":{"line":23,"column":9}},"23":{"start":{"line":24,"column":0},"end":{"line":24,"column":42}},"24":{"start":{"line":25,"column":0},"end":{"line":25,"column":25}},"25":{"start":{"line":26,"column":0},"end":{"line":26,"column":19}},"26":{"start":{"line":27,"column":0},"end":{"line":27,"column":54}},"27":{"start":{"line":28,"column":0},"end":{"line":28,"column":15}},"28":{"start":{"line":29,"column":0},"end":{"line":29,"column":65}},"29":{"start":{"line":30,"column":0},"end":{"line":30,"column":5}},"30":{"start":{"line":31,"column":0},"end":{"line":31,"column":4}},"33":{"start":{"line":34,"column":0},"end":{"line":34,"column":19}},"34":{"start":{"line":35,"column":0},"end":{"line":35,"column":17}},"35":{"start":{"line":36,"column":0},"end":{"line":36,"column":9}},"38":{"start":{"line":39,"column":0},"end":{"line":39,"column":28}},"39":{"start":{"line":40,"column":0},"end":{"line":40,"column":20}},"40":{"start":{"line":41,"column":0},"end":{"line":41,"column":16}},"41":{"start":{"line":42,"column":0},"end":{"line":42,"column":22}},"42":{"start":{"line":43,"column":0},"end":{"line":43,"column":6}},"43":{"start":{"line":44,"column":0},"end":{"line":44,"column":34}},"44":{"start":{"line":45,"column":0},"end":{"line":45,"column":86}},"45":{"start":{"line":46,"column":0},"end":{"line":46,"column":7}},"46":{"start":{"line":47,"column":0},"end":{"line":47,"column":48}},"47":{"start":{"line":48,"column":0},"end":{"line":48,"column":11}},"48":{"start":{"line":49,"column":0},"end":{"line":49,"column":53}},"49":{"start":{"line":50,"column":0},"end":{"line":50,"column":79}},"50":{"start":{"line":51,"column":0},"end":{"line":51,"column":53}},"51":{"start":{"line":52,"column":0},"end":{"line":52,"column":21}},"52":{"start":{"line":53,"column":0},"end":{"line":53,"column":27}},"53":{"start":{"line":54,"column":0},"end":{"line":54,"column":7}},"54":{"start":{"line":55,"column":0},"end":{"line":55,"column":6}},"55":{"start":{"line":56,"column":0},"end":{"line":56,"column":5}},"58":{"start":{"line":59,"column":0},"end":{"line":59,"column":46}},"59":{"start":{"line":60,"column":0},"end":{"line":60,"column":14}},"60":{"start":{"line":61,"column":0},"end":{"line":61,"column":39}},"61":{"start":{"line":62,"column":0},"end":{"line":62,"column":13}},"62":{"start":{"line":63,"column":0},"end":{"line":63,"column":5}},"63":{"start":{"line":64,"column":0},"end":{"line":64,"column":87}},"64":{"start":{"line":65,"column":0},"end":{"line":65,"column":9}},"65":{"start":{"line":66,"column":0},"end":{"line":66,"column":39}},"66":{"start":{"line":67,"column":0},"end":{"line":67,"column":88}},"67":{"start":{"line":68,"column":0},"end":{"line":68,"column":58}},"68":{"start":{"line":69,"column":0},"end":{"line":69,"column":19}},"69":{"start":{"line":70,"column":0},"end":{"line":70,"column":51}},"70":{"start":{"line":71,"column":0},"end":{"line":71,"column":44}},"71":{"start":{"line":72,"column":0},"end":{"line":72,"column":5}},"72":{"start":{"line":73,"column":0},"end":{"line":73,"column":4}},"75":{"start":{"line":76,"column":0},"end":{"line":76,"column":38}},"76":{"start":{"line":77,"column":0},"end":{"line":77,"column":26}},"77":{"start":{"line":78,"column":0},"end":{"line":78,"column":78}},"78":{"start":{"line":79,"column":0},"end":{"line":79,"column":4}},"81":{"start":{"line":82,"column":0},"end":{"line":82,"column":44}},"82":{"start":{"line":83,"column":0},"end":{"line":83,"column":9}},"83":{"start":{"line":84,"column":0},"end":{"line":84,"column":62}},"84":{"start":{"line":85,"column":0},"end":{"line":85,"column":24}},"85":{"start":{"line":86,"column":0},"end":{"line":86,"column":62}},"86":{"start":{"line":87,"column":0},"end":{"line":87,"column":31}},"87":{"start":{"line":88,"column":0},"end":{"line":88,"column":44}},"88":{"start":{"line":89,"column":0},"end":{"line":89,"column":62}},"89":{"start":{"line":90,"column":0},"end":{"line":90,"column":19}},"90":{"start":{"line":91,"column":0},"end":{"line":91,"column":49}},"91":{"start":{"line":92,"column":0},"end":{"line":92,"column":44}},"92":{"start":{"line":93,"column":0},"end":{"line":93,"column":5}},"93":{"start":{"line":94,"column":0},"end":{"line":94,"column":4}},"96":{"start":{"line":97,"column":0},"end":{"line":97,"column":36}},"97":{"start":{"line":98,"column":0},"end":{"line":98,"column":15}},"98":{"start":{"line":99,"column":0},"end":{"line":99,"column":54}},"99":{"start":{"line":100,"column":0},"end":{"line":100,"column":8}},"100":{"start":{"line":101,"column":0},"end":{"line":101,"column":9}},"101":{"start":{"line":102,"column":0},"end":{"line":102,"column":73}},"102":{"start":{"line":103,"column":0},"end":{"line":103,"column":24}},"103":{"start":{"line":104,"column":0},"end":{"line":104,"column":26}},"104":{"start":{"line":105,"column":0},"end":{"line":105,"column":70}},"105":{"start":{"line":106,"column":0},"end":{"line":106,"column":9}},"106":{"start":{"line":107,"column":0},"end":{"line":107,"column":8}},"107":{"start":{"line":108,"column":0},"end":{"line":108,"column":39}},"108":{"start":{"line":109,"column":0},"end":{"line":109,"column":19}},"109":{"start":{"line":110,"column":0},"end":{"line":110,"column":53}},"110":{"start":{"line":111,"column":0},"end":{"line":111,"column":46}},"111":{"start":{"line":112,"column":0},"end":{"line":112,"column":5}},"112":{"start":{"line":113,"column":0},"end":{"line":113,"column":4}},"115":{"start":{"line":116,"column":0},"end":{"line":116,"column":79}},"116":{"start":{"line":117,"column":0},"end":{"line":117,"column":21}},"117":{"start":{"line":118,"column":0},"end":{"line":118,"column":21}},"118":{"start":{"line":119,"column":0},"end":{"line":119,"column":33}},"119":{"start":{"line":120,"column":0},"end":{"line":120,"column":25}},"120":{"start":{"line":121,"column":0},"end":{"line":121,"column":31}},"121":{"start":{"line":122,"column":0},"end":{"line":122,"column":23}},"122":{"start":{"line":123,"column":0},"end":{"line":123,"column":32}},"123":{"start":{"line":124,"column":0},"end":{"line":124,"column":14}},"124":{"start":{"line":125,"column":0},"end":{"line":125,"column":31}},"125":{"start":{"line":126,"column":0},"end":{"line":126,"column":5}},"126":{"start":{"line":127,"column":0},"end":{"line":127,"column":4}},"128":{"start":{"line":129,"column":0},"end":{"line":129,"column":10}},"130":{"start":{"line":131,"column":0},"end":{"line":131,"column":21}},"131":{"start":{"line":132,"column":0},"end":{"line":132,"column":52}},"133":{"start":{"line":134,"column":0},"end":{"line":134,"column":75}},"135":{"start":{"line":136,"column":0},"end":{"line":136,"column":13}},"138":{"start":{"line":139,"column":0},"end":{"line":139,"column":13}},"139":{"start":{"line":140,"column":0},"end":{"line":140,"column":40}},"140":{"start":{"line":141,"column":0},"end":{"line":141,"column":115}},"142":{"start":{"line":143,"column":0},"end":{"line":143,"column":16}},"143":{"start":{"line":144,"column":0},"end":{"line":144,"column":23}},"144":{"start":{"line":145,"column":0},"end":{"line":145,"column":36}},"145":{"start":{"line":146,"column":0},"end":{"line":146,"column":122}},"146":{"start":{"line":147,"column":0},"end":{"line":147,"column":46}},"147":{"start":{"line":148,"column":0},"end":{"line":148,"column":12}},"148":{"start":{"line":149,"column":0},"end":{"line":149,"column":59}},"149":{"start":{"line":150,"column":0},"end":{"line":150,"column":73}},"152":{"start":{"line":153,"column":0},"end":{"line":153,"column":19}},"153":{"start":{"line":154,"column":0},"end":{"line":154,"column":48}},"154":{"start":{"line":155,"column":0},"end":{"line":155,"column":122}},"155":{"start":{"line":156,"column":0},"end":{"line":156,"column":20}},"156":{"start":{"line":157,"column":0},"end":{"line":157,"column":52}},"157":{"start":{"line":158,"column":0},"end":{"line":158,"column":12}},"159":{"start":{"line":160,"column":0},"end":{"line":160,"column":17}},"160":{"start":{"line":161,"column":0},"end":{"line":161,"column":25}},"161":{"start":{"line":162,"column":0},"end":{"line":162,"column":120}},"162":{"start":{"line":163,"column":0},"end":{"line":163,"column":42}},"164":{"start":{"line":165,"column":0},"end":{"line":165,"column":68}},"165":{"start":{"line":166,"column":0},"end":{"line":166,"column":19}},"166":{"start":{"line":167,"column":0},"end":{"line":167,"column":15}},"169":{"start":{"line":170,"column":0},"end":{"line":170,"column":20}},"170":{"start":{"line":171,"column":0},"end":{"line":171,"column":65}},"171":{"start":{"line":172,"column":0},"end":{"line":172,"column":34}},"172":{"start":{"line":173,"column":0},"end":{"line":173,"column":70}},"174":{"start":{"line":175,"column":0},"end":{"line":175,"column":36}},"175":{"start":{"line":176,"column":0},"end":{"line":176,"column":34}},"176":{"start":{"line":177,"column":0},"end":{"line":177,"column":17}},"177":{"start":{"line":178,"column":0},"end":{"line":178,"column":29}},"178":{"start":{"line":179,"column":0},"end":{"line":179,"column":137}},"180":{"start":{"line":181,"column":0},"end":{"line":181,"column":38}},"181":{"start":{"line":182,"column":0},"end":{"line":182,"column":44}},"182":{"start":{"line":183,"column":0},"end":{"line":183,"column":47}},"184":{"start":{"line":185,"column":0},"end":{"line":185,"column":28}},"185":{"start":{"line":186,"column":0},"end":{"line":186,"column":35}},"186":{"start":{"line":187,"column":0},"end":{"line":187,"column":48}},"187":{"start":{"line":188,"column":0},"end":{"line":188,"column":40}},"188":{"start":{"line":189,"column":0},"end":{"line":189,"column":41}},"189":{"start":{"line":190,"column":0},"end":{"line":190,"column":42}},"190":{"start":{"line":191,"column":0},"end":{"line":191,"column":50}},"191":{"start":{"line":192,"column":0},"end":{"line":192,"column":28}},"193":{"start":{"line":194,"column":0},"end":{"line":194,"column":134}},"194":{"start":{"line":195,"column":0},"end":{"line":195,"column":24}},"195":{"start":{"line":196,"column":0},"end":{"line":196,"column":31}},"196":{"start":{"line":197,"column":0},"end":{"line":197,"column":54}},"197":{"start":{"line":198,"column":0},"end":{"line":198,"column":40}},"198":{"start":{"line":199,"column":0},"end":{"line":199,"column":41}},"199":{"start":{"line":200,"column":0},"end":{"line":200,"column":42}},"200":{"start":{"line":201,"column":0},"end":{"line":201,"column":56}},"201":{"start":{"line":202,"column":0},"end":{"line":202,"column":28}},"203":{"start":{"line":204,"column":0},"end":{"line":204,"column":134}},"204":{"start":{"line":205,"column":0},"end":{"line":205,"column":32}},"205":{"start":{"line":206,"column":0},"end":{"line":206,"column":24}},"207":{"start":{"line":208,"column":0},"end":{"line":208,"column":50}},"208":{"start":{"line":209,"column":0},"end":{"line":209,"column":31}},"209":{"start":{"line":210,"column":0},"end":{"line":210,"column":61}},"210":{"start":{"line":211,"column":0},"end":{"line":211,"column":113}},"211":{"start":{"line":212,"column":0},"end":{"line":212,"column":25}},"213":{"start":{"line":214,"column":0},"end":{"line":214,"column":33}},"214":{"start":{"line":215,"column":0},"end":{"line":215,"column":31}},"215":{"start":{"line":216,"column":0},"end":{"line":216,"column":60}},"216":{"start":{"line":217,"column":0},"end":{"line":217,"column":111}},"217":{"start":{"line":218,"column":0},"end":{"line":218,"column":25}},"219":{"start":{"line":220,"column":0},"end":{"line":220,"column":33}},"220":{"start":{"line":221,"column":0},"end":{"line":221,"column":28}},"221":{"start":{"line":222,"column":0},"end":{"line":222,"column":26}},"223":{"start":{"line":224,"column":0},"end":{"line":224,"column":22}},"225":{"start":{"line":226,"column":0},"end":{"line":226,"column":75}},"226":{"start":{"line":227,"column":0},"end":{"line":227,"column":36}},"227":{"start":{"line":228,"column":0},"end":{"line":228,"column":27}},"228":{"start":{"line":229,"column":0},"end":{"line":229,"column":44}},"229":{"start":{"line":230,"column":0},"end":{"line":230,"column":68}},"230":{"start":{"line":231,"column":0},"end":{"line":231,"column":44}},"231":{"start":{"line":232,"column":0},"end":{"line":232,"column":28}},"233":{"start":{"line":234,"column":0},"end":{"line":234,"column":23}},"235":{"start":{"line":236,"column":0},"end":{"line":236,"column":22}},"238":{"start":{"line":239,"column":0},"end":{"line":239,"column":67}},"239":{"start":{"line":240,"column":0},"end":{"line":240,"column":63}},"240":{"start":{"line":241,"column":0},"end":{"line":241,"column":25}},"241":{"start":{"line":242,"column":0},"end":{"line":242,"column":73}},"242":{"start":{"line":243,"column":0},"end":{"line":243,"column":35}},"243":{"start":{"line":244,"column":0},"end":{"line":244,"column":26}},"245":{"start":{"line":246,"column":0},"end":{"line":246,"column":53}},"246":{"start":{"line":247,"column":0},"end":{"line":247,"column":27}},"247":{"start":{"line":248,"column":0},"end":{"line":248,"column":27}},"248":{"start":{"line":249,"column":0},"end":{"line":249,"column":41}},"249":{"start":{"line":250,"column":0},"end":{"line":250,"column":38}},"250":{"start":{"line":251,"column":0},"end":{"line":251,"column":43}},"251":{"start":{"line":252,"column":0},"end":{"line":252,"column":34}},"252":{"start":{"line":253,"column":0},"end":{"line":253,"column":58}},"253":{"start":{"line":254,"column":0},"end":{"line":254,"column":25}},"255":{"start":{"line":256,"column":0},"end":{"line":256,"column":120}},"257":{"start":{"line":258,"column":0},"end":{"line":258,"column":62}},"258":{"start":{"line":259,"column":0},"end":{"line":259,"column":70}},"259":{"start":{"line":260,"column":0},"end":{"line":260,"column":66}},"260":{"start":{"line":261,"column":0},"end":{"line":261,"column":29}},"261":{"start":{"line":262,"column":0},"end":{"line":262,"column":24}},"264":{"start":{"line":265,"column":0},"end":{"line":265,"column":45}},"265":{"start":{"line":266,"column":0},"end":{"line":266,"column":52}},"266":{"start":{"line":267,"column":0},"end":{"line":267,"column":29}},"267":{"start":{"line":268,"column":0},"end":{"line":268,"column":56}},"268":{"start":{"line":269,"column":0},"end":{"line":269,"column":109}},"269":{"start":{"line":270,"column":0},"end":{"line":270,"column":23}},"271":{"start":{"line":272,"column":0},"end":{"line":272,"column":31}},"272":{"start":{"line":273,"column":0},"end":{"line":273,"column":29}},"273":{"start":{"line":274,"column":0},"end":{"line":274,"column":61}},"274":{"start":{"line":275,"column":0},"end":{"line":275,"column":103}},"275":{"start":{"line":276,"column":0},"end":{"line":276,"column":23}},"277":{"start":{"line":278,"column":0},"end":{"line":278,"column":31}},"278":{"start":{"line":279,"column":0},"end":{"line":279,"column":26}},"280":{"start":{"line":281,"column":0},"end":{"line":281,"column":22}},"281":{"start":{"line":282,"column":0},"end":{"line":282,"column":19}},"282":{"start":{"line":283,"column":0},"end":{"line":283,"column":15}},"283":{"start":{"line":284,"column":0},"end":{"line":284,"column":15}},"286":{"start":{"line":287,"column":0},"end":{"line":287,"column":19}},"287":{"start":{"line":288,"column":0},"end":{"line":288,"column":12}},"288":{"start":{"line":289,"column":0},"end":{"line":289,"column":22}},"290":{"start":{"line":291,"column":0},"end":{"line":291,"column":1}}},"s":{"0":1,"1":1,"2":1,"3":1,"4":1,"5":1,"14":44,"15":44,"16":44,"17":44,"18":44,"21":44,"22":15,"23":15,"24":13,"25":15,"26":1,"27":15,"28":14,"29":14,"30":15,"33":44,"34":15,"35":44,"38":44,"39":44,"40":44,"41":44,"42":44,"43":44,"44":44,"45":44,"46":44,"47":2,"48":2,"49":1,"50":1,"51":1,"52":1,"53":1,"54":2,"55":44,"58":44,"59":2,"60":0,"61":0,"62":0,"63":2,"64":2,"65":2,"66":1,"67":1,"68":1,"69":1,"70":1,"71":1,"72":2,"75":44,"76":3,"77":3,"78":3,"81":44,"82":2,"83":2,"84":1,"85":1,"86":1,"87":1,"88":1,"89":1,"90":1,"91":1,"92":1,"93":2,"96":44,"97":2,"98":2,"99":2,"100":2,"101":2,"102":1,"103":1,"104":2,"105":1,"106":1,"107":1,"108":1,"109":1,"110":1,"111":1,"112":2,"115":44,"116":52,"117":52,"118":25,"119":52,"120":25,"121":52,"122":1,"123":52,"124":1,"125":52,"126":52,"128":44,"130":44,"131":44,"133":44,"135":44,"138":44,"139":44,"140":44,"142":44,"143":44,"144":44,"145":44,"146":44,"147":44,"148":44,"149":0,"152":44,"153":44,"154":44,"155":44,"156":44,"157":44,"159":44,"160":44,"161":44,"162":44,"164":44,"165":44,"166":44,"169":44,"170":15,"171":29,"172":2,"174":27,"175":27,"176":52,"177":52,"178":52,"180":52,"181":52,"182":5,"184":5,"185":5,"186":5,"187":5,"188":2,"189":2,"190":2,"191":2,"193":5,"194":5,"195":5,"196":5,"197":5,"198":0,"199":0,"200":0,"201":0,"203":5,"204":5,"205":5,"207":5,"208":5,"209":5,"210":5,"211":5,"213":5,"214":5,"215":5,"216":5,"217":5,"219":5,"220":5,"221":5,"223":47,"225":47,"226":47,"227":47,"228":47,"229":44,"230":44,"231":44,"233":47,"235":52,"238":52,"239":52,"240":52,"241":52,"242":52,"243":52,"245":52,"246":52,"247":52,"248":52,"249":52,"250":2,"251":2,"252":2,"253":2,"255":52,"257":52,"258":52,"259":52,"260":52,"261":52,"264":52,"265":47,"266":47,"267":47,"268":47,"269":47,"271":47,"272":47,"273":47,"274":47,"275":47,"277":47,"278":47,"280":52,"281":52,"282":27,"283":27,"286":44,"287":44,"288":44,"290":44},"branchMap":{"0":{"type":"branch","line":15,"loc":{"start":{"line":15,"column":0},"end":{"line":291,"column":1}},"locations":[{"start":{"line":15,"column":0},"end":{"line":291,"column":1}}]},"1":{"type":"branch","line":149,"loc":{"start":{"line":149,"column":26},"end":{"line":149,"column":59}},"locations":[{"start":{"line":149,"column":26},"end":{"line":149,"column":59}}]},"2":{"type":"branch","line":149,"loc":{"start":{"line":149,"column":49},"end":{"line":150,"column":73}},"locations":[{"start":{"line":149,"column":49},"end":{"line":150,"column":73}}]},"3":{"type":"branch","line":165,"loc":{"start":{"line":165,"column":20},"end":{"line":165,"column":51}},"locations":[{"start":{"line":165,"column":20},"end":{"line":165,"column":51}}]},"4":{"type":"branch","line":165,"loc":{"start":{"line":165,"column":35},"end":{"line":165,"column":68}},"locations":[{"start":{"line":165,"column":35},"end":{"line":165,"column":68}}]},"5":{"type":"branch","line":170,"loc":{"start":{"line":170,"column":9},"end":{"line":171,"column":65}},"locations":[{"start":{"line":170,"column":9},"end":{"line":171,"column":65}}]},"6":{"type":"branch","line":171,"loc":{"start":{"line":171,"column":61},"end":{"line":284,"column":15}},"locations":[{"start":{"line":171,"column":61},"end":{"line":284,"column":15}}]},"7":{"type":"branch","line":172,"loc":{"start":{"line":172,"column":29},"end":{"line":173,"column":70}},"locations":[{"start":{"line":172,"column":29},"end":{"line":173,"column":70}}]},"8":{"type":"branch","line":173,"loc":{"start":{"line":173,"column":66},"end":{"line":284,"column":15}},"locations":[{"start":{"line":173,"column":66},"end":{"line":284,"column":15}}]},"9":{"type":"branch","line":22,"loc":{"start":{"line":22,"column":21},"end":{"line":31,"column":4}},"locations":[{"start":{"line":22,"column":21},"end":{"line":31,"column":4}}]},"10":{"type":"branch","line":24,"loc":{"start":{"line":24,"column":40},"end":{"line":26,"column":13}},"locations":[{"start":{"line":24,"column":40},"end":{"line":26,"column":13}}]},"11":{"type":"branch","line":26,"loc":{"start":{"line":26,"column":4},"end":{"line":28,"column":6}},"locations":[{"start":{"line":26,"column":4},"end":{"line":28,"column":6}}]},"12":{"type":"branch","line":28,"loc":{"start":{"line":28,"column":4},"end":{"line":30,"column":5}},"locations":[{"start":{"line":28,"column":4},"end":{"line":30,"column":5}}]},"13":{"type":"branch","line":34,"loc":{"start":{"line":34,"column":12},"end":{"line":36,"column":5}},"locations":[{"start":{"line":34,"column":12},"end":{"line":36,"column":5}}]},"14":{"type":"branch","line":47,"loc":{"start":{"line":47,"column":14},"end":{"line":55,"column":6}},"locations":[{"start":{"line":47,"column":14},"end":{"line":55,"column":6}}]},"15":{"type":"branch","line":49,"loc":{"start":{"line":49,"column":51},"end":{"line":54,"column":7}},"locations":[{"start":{"line":49,"column":51},"end":{"line":54,"column":7}}]},"16":{"type":"branch","line":50,"loc":{"start":{"line":50,"column":17},"end":{"line":50,"column":46}},"locations":[{"start":{"line":50,"column":17},"end":{"line":50,"column":46}}]},"17":{"type":"branch","line":59,"loc":{"start":{"line":59,"column":23},"end":{"line":73,"column":4}},"locations":[{"start":{"line":59,"column":23},"end":{"line":73,"column":4}}]},"18":{"type":"branch","line":60,"loc":{"start":{"line":60,"column":13},"end":{"line":63,"column":5}},"locations":[{"start":{"line":60,"column":13},"end":{"line":63,"column":5}}]},"19":{"type":"branch","line":64,"loc":{"start":{"line":64,"column":64},"end":{"line":64,"column":87}},"locations":[{"start":{"line":64,"column":64},"end":{"line":64,"column":87}}]},"20":{"type":"branch","line":66,"loc":{"start":{"line":66,"column":37},"end":{"line":72,"column":5}},"locations":[{"start":{"line":66,"column":37},"end":{"line":72,"column":5}}]},"21":{"type":"branch","line":67,"loc":{"start":{"line":67,"column":15},"end":{"line":67,"column":62}},"locations":[{"start":{"line":67,"column":15},"end":{"line":67,"column":62}}]},"22":{"type":"branch","line":67,"loc":{"start":{"line":67,"column":37},"end":{"line":67,"column":61}},"locations":[{"start":{"line":67,"column":37},"end":{"line":67,"column":61}}]},"23":{"type":"branch","line":76,"loc":{"start":{"line":76,"column":21},"end":{"line":79,"column":4}},"locations":[{"start":{"line":76,"column":21},"end":{"line":79,"column":4}}]},"24":{"type":"branch","line":78,"loc":{"start":{"line":78,"column":57},"end":{"line":78,"column":75}},"locations":[{"start":{"line":78,"column":57},"end":{"line":78,"column":75}}]},"25":{"type":"branch","line":82,"loc":{"start":{"line":82,"column":21},"end":{"line":94,"column":4}},"locations":[{"start":{"line":82,"column":21},"end":{"line":94,"column":4}}]},"26":{"type":"branch","line":84,"loc":{"start":{"line":84,"column":60},"end":{"line":93,"column":5}},"locations":[{"start":{"line":84,"column":60},"end":{"line":93,"column":5}}]},"27":{"type":"branch","line":85,"loc":{"start":{"line":85,"column":15},"end":{"line":86,"column":62}},"locations":[{"start":{"line":85,"column":15},"end":{"line":86,"column":62}}]},"28":{"type":"branch","line":86,"loc":{"start":{"line":86,"column":17},"end":{"line":86,"column":61}},"locations":[{"start":{"line":86,"column":17},"end":{"line":86,"column":61}}]},"29":{"type":"branch","line":86,"loc":{"start":{"line":86,"column":40},"end":{"line":86,"column":56}},"locations":[{"start":{"line":86,"column":40},"end":{"line":86,"column":56}}]},"30":{"type":"branch","line":86,"loc":{"start":{"line":86,"column":49},"end":{"line":86,"column":61}},"locations":[{"start":{"line":86,"column":49},"end":{"line":86,"column":61}}]},"31":{"type":"branch","line":97,"loc":{"start":{"line":97,"column":29},"end":{"line":113,"column":4}},"locations":[{"start":{"line":97,"column":29},"end":{"line":113,"column":4}}]},"32":{"type":"branch","line":102,"loc":{"start":{"line":102,"column":71},"end":{"line":112,"column":5}},"locations":[{"start":{"line":102,"column":71},"end":{"line":112,"column":5}}]},"33":{"type":"branch","line":103,"loc":{"start":{"line":103,"column":15},"end":{"line":106,"column":9}},"locations":[{"start":{"line":103,"column":15},"end":{"line":106,"column":9}}]},"34":{"type":"branch","line":104,"loc":{"start":{"line":104,"column":17},"end":{"line":105,"column":70}},"locations":[{"start":{"line":104,"column":17},"end":{"line":105,"column":70}}]},"35":{"type":"branch","line":105,"loc":{"start":{"line":105,"column":22},"end":{"line":105,"column":66}},"locations":[{"start":{"line":105,"column":22},"end":{"line":105,"column":66}}]},"36":{"type":"branch","line":105,"loc":{"start":{"line":105,"column":62},"end":{"line":105,"column":70}},"locations":[{"start":{"line":105,"column":62},"end":{"line":105,"column":70}}]},"37":{"type":"branch","line":116,"loc":{"start":{"line":116,"column":25},"end":{"line":127,"column":4}},"locations":[{"start":{"line":116,"column":25},"end":{"line":127,"column":4}}]},"38":{"type":"branch","line":118,"loc":{"start":{"line":118,"column":6},"end":{"line":119,"column":33}},"locations":[{"start":{"line":118,"column":6},"end":{"line":119,"column":33}}]},"39":{"type":"branch","line":120,"loc":{"start":{"line":120,"column":6},"end":{"line":121,"column":31}},"locations":[{"start":{"line":120,"column":6},"end":{"line":121,"column":31}}]},"40":{"type":"branch","line":122,"loc":{"start":{"line":122,"column":6},"end":{"line":123,"column":32}},"locations":[{"start":{"line":122,"column":6},"end":{"line":123,"column":32}}]},"41":{"type":"branch","line":124,"loc":{"start":{"line":124,"column":6},"end":{"line":125,"column":31}},"locations":[{"start":{"line":124,"column":6},"end":{"line":125,"column":31}}]},"42":{"type":"branch","line":176,"loc":{"start":{"line":176,"column":23},"end":{"line":282,"column":19}},"locations":[{"start":{"line":176,"column":23},"end":{"line":282,"column":19}}]},"43":{"type":"branch","line":182,"loc":{"start":{"line":182,"column":38},"end":{"line":222,"column":26}},"locations":[{"start":{"line":182,"column":38},"end":{"line":222,"column":26}}]},"44":{"type":"branch","line":222,"loc":{"start":{"line":222,"column":20},"end":{"line":234,"column":23}},"locations":[{"start":{"line":222,"column":20},"end":{"line":234,"column":23}}]},"45":{"type":"branch","line":229,"loc":{"start":{"line":229,"column":28},"end":{"line":232,"column":28}},"locations":[{"start":{"line":229,"column":28},"end":{"line":232,"column":28}}]},"46":{"type":"branch","line":265,"loc":{"start":{"line":265,"column":38},"end":{"line":279,"column":26}},"locations":[{"start":{"line":265,"column":38},"end":{"line":279,"column":26}}]},"47":{"type":"branch","line":188,"loc":{"start":{"line":188,"column":34},"end":{"line":192,"column":28}},"locations":[{"start":{"line":188,"column":34},"end":{"line":192,"column":28}}]},"48":{"type":"branch","line":210,"loc":{"start":{"line":210,"column":35},"end":{"line":210,"column":61}},"locations":[{"start":{"line":210,"column":35},"end":{"line":210,"column":61}}]},"49":{"type":"branch","line":216,"loc":{"start":{"line":216,"column":35},"end":{"line":216,"column":60}},"locations":[{"start":{"line":216,"column":35},"end":{"line":216,"column":60}}]},"50":{"type":"branch","line":250,"loc":{"start":{"line":250,"column":32},"end":{"line":254,"column":25}},"locations":[{"start":{"line":250,"column":32},"end":{"line":254,"column":25}}]},"51":{"type":"branch","line":268,"loc":{"start":{"line":268,"column":33},"end":{"line":268,"column":56}},"locations":[{"start":{"line":268,"column":33},"end":{"line":268,"column":56}}]},"52":{"type":"branch","line":274,"loc":{"start":{"line":274,"column":33},"end":{"line":274,"column":61}},"locations":[{"start":{"line":274,"column":33},"end":{"line":274,"column":61}}]}},"b":{"0":[44],"1":[3],"2":[0],"3":[2],"4":[42],"5":[15],"6":[29],"7":[2],"8":[27],"9":[15],"10":[13],"11":[1],"12":[14],"13":[15],"14":[2],"15":[1],"16":[1],"17":[2],"18":[0],"19":[0],"20":[1],"21":[1],"22":[2],"23":[3],"24":[0],"25":[2],"26":[1],"27":[1],"28":[2],"29":[1],"30":[1],"31":[2],"32":[1],"33":[1],"34":[2],"35":[1],"36":[1],"37":[52],"38":[25],"39":[25],"40":[1],"41":[1],"42":[52],"43":[5],"44":[47],"45":[44],"46":[47],"47":[2],"48":[2],"49":[1],"50":[2],"51":[3],"52":[2]},"fnMap":{"0":{"name":"Tasks","decl":{"start":{"line":15,"column":0},"end":{"line":291,"column":1}},"loc":{"start":{"line":15,"column":0},"end":{"line":291,"column":1}},"line":15},"1":{"name":"fetchTasks","decl":{"start":{"line":22,"column":21},"end":{"line":31,"column":4}},"loc":{"start":{"line":22,"column":21},"end":{"line":31,"column":4}},"line":22},"2":{"name":"onSubmit","decl":{"start":{"line":47,"column":14},"end":{"line":55,"column":6}},"loc":{"start":{"line":47,"column":14},"end":{"line":55,"column":6}},"line":47},"3":{"name":"handleDelete","decl":{"start":{"line":59,"column":23},"end":{"line":73,"column":4}},"loc":{"start":{"line":59,"column":23},"end":{"line":73,"column":4}},"line":59},"4":{"name":"handleEdit","decl":{"start":{"line":76,"column":21},"end":{"line":79,"column":4}},"loc":{"start":{"line":76,"column":21},"end":{"line":79,"column":4}},"line":76},"5":{"name":"handleSave","decl":{"start":{"line":82,"column":21},"end":{"line":94,"column":4}},"loc":{"start":{"line":82,"column":21},"end":{"line":94,"column":4}},"line":82},"6":{"name":"handleStatusChange","decl":{"start":{"line":97,"column":29},"end":{"line":113,"column":4}},"loc":{"start":{"line":97,"column":29},"end":{"line":113,"column":4}},"line":97},"7":{"name":"getStatusColor","decl":{"start":{"line":116,"column":25},"end":{"line":127,"column":4}},"loc":{"start":{"line":116,"column":25},"end":{"line":127,"column":4}},"line":116},"8":{"name":"onChange","decl":{"start":{"line":188,"column":34},"end":{"line":192,"column":28}},"loc":{"start":{"line":188,"column":34},"end":{"line":192,"column":28}},"line":188},"9":{"name":"onChange","decl":{"start":{"line":198,"column":34},"end":{"line":202,"column":28}},"loc":{"start":{"line":198,"column":34},"end":{"line":202,"column":28}},"line":198},"10":{"name":"onClick","decl":{"start":{"line":210,"column":35},"end":{"line":210,"column":61}},"loc":{"start":{"line":210,"column":35},"end":{"line":210,"column":61}},"line":210},"11":{"name":"onClick","decl":{"start":{"line":216,"column":35},"end":{"line":216,"column":60}},"loc":{"start":{"line":216,"column":35},"end":{"line":216,"column":60}},"line":216},"12":{"name":"onChange","decl":{"start":{"line":250,"column":32},"end":{"line":254,"column":25}},"loc":{"start":{"line":250,"column":32},"end":{"line":254,"column":25}},"line":250},"13":{"name":"onClick","decl":{"start":{"line":268,"column":33},"end":{"line":268,"column":56}},"loc":{"start":{"line":268,"column":33},"end":{"line":268,"column":56}},"line":268},"14":{"name":"onClick","decl":{"start":{"line":274,"column":33},"end":{"line":274,"column":61}},"loc":{"start":{"line":274,"column":33},"end":{"line":274,"column":61}},"line":274}},"f":{"0":44,"1":15,"2":2,"3":2,"4":3,"5":2,"6":2,"7":52,"8":2,"9":0,"10":2,"11":1,"12":2,"13":3,"14":2}}
,"/Users/chomphoo/Task-Management-App/frontend/src/services/api.ts": {"path":"/Users/chomphoo/Task-Management-App/frontend/src/services/api.ts","all":true,"statementMap":{"0":{"start":{"line":1,"column":0},"end":{"line":1,"column":26}},"2":{"start":{"line":3,"column":0},"end":{"line":3,"column":26}},"3":{"start":{"line":4,"column":0},"end":{"line":4,"column":55}},"4":{"start":{"line":5,"column":0},"end":{"line":5,"column":3}},"7":{"start":{"line":8,"column":0},"end":{"line":8,"column":42}},"8":{"start":{"line":9,"column":0},"end":{"line":9,"column":46}},"9":{"start":{"line":10,"column":0},"end":{"line":10,"column":62}},"10":{"start":{"line":11,"column":0},"end":{"line":11,"column":16}},"11":{"start":{"line":12,"column":0},"end":{"line":12,"column":3}},"13":{"start":{"line":14,"column":0},"end":{"line":14,"column":19}}},"s":{"0":0,"2":0,"3":0,"4":0,"7":0,"8":0,"9":0,"10":0,"11":0,"13":0},"branchMap":{"0":{"type":"branch","line":1,"loc":{"start":{"line":1,"column":335},"end":{"line":14,"column":19}},"locations":[{"start":{"line":1,"column":335},"end":{"line":14,"column":19}}]}},"b":{"0":[0]},"fnMap":{"0":{"name":"(empty-report)","decl":{"start":{"line":1,"column":335},"end":{"line":14,"column":19}},"loc":{"start":{"line":1,"column":335},"end":{"line":14,"column":19}},"line":1}},"f":{"0":0}}
}
